<?xml version="1.0" encoding="UTF-8"?>
<testsuites name="BoldKey Login Page" time="64" tests="9" failures="0" errors="0">
   <testsuite name="BoldKey Login Page" tests="9" failures="0" errors="0" time="64" timestamp="2018-05-22 15:07:30" hostname="olivia.chong - Olivia0517.mk.macrokiosk.com" id="Test Suites/BoldKey Login Page">
      <properties>
         <property name="deviceName" value=""/>
         <property name="devicePlatform" value=""/>
         <property name="logFolder" value="C:\\Users\\olivia.chong\\Katalon Studio\\BoldKey\\Reports\\BoldKey Login Page\\20180522_150727"/>
         <property name="logFiles" value="C:\\Users\\olivia.chong\\Katalon Studio\\BoldKey\\Reports\\BoldKey Login Page\\20180522_150727\\execution0.log"/>
         <property name="attachments" value=""/>
         <property name="hostName" value="olivia.chong - Olivia0517.mk.macrokiosk.com"/>
         <property name="os" value="Windows 10 64bit"/>
         <property name="katalonVersion" value="5.4.1.1"/>
         <property name="browser" value="Chrome 66.0.3359.139"/>
         <property name="hostAddress" value="192.168.1.58"/>
         <property name="sessionId" value="2f6fa31d29223a599f5d366753e61e8a"/>
         <property name="seleniumVersion" value="3.7.1"/>
         <property name="proxyInformation" value="ProxyInformation{proxyOption=NO_PROXY, proxyServerType=HTTP, password=, proxyServerAddress=, proxyServerPort=0}"/>
         <property name="platform" value="Windows 10"/>
      </properties>
      <testcase name="Test Cases/Bold Key Login Page/Negative Case/Login Fail - Button 1" classname="Test Cases/Bold Key Login Page/Negative Case/Login Fail - Button 1" status="PASSED">
         <system-out><![CDATA[2018-05-22 15:07:30 - [TEST_CASE][PASSED] - Test Cases/Bold Key Login Page/Negative Case/Login Fail - Button 1: Test Cases/Bold Key Login Page/Negative Case/Login Fail - Button 1

2018-05-22 15:07:31 - [TEST_STEP][PASSED] - Statement - If (openBrowser == false): Call Test Case 'Test Cases/Bold Key Login Page/Open Browser' successfully

2018-05-22 15:07:31 - [TEST_STEP][PASSED] - callTestCase: Call Test Case 'Test Cases/Bold Key Login Page/Open Browser' successfully

2018-05-22 15:07:31 - [TEST_CASE][PASSED] - Test Cases/Bold Key Login Page/Open Browser: Test Cases/Bold Key Login Page/Open Browser

2018-05-22 15:07:31 - [TEST_STEP][PASSED] - openBrowser: Browser is opened with url: ''

2018-05-22 15:07:36 - [MESSAGE][PASSED] - Browser is opened with url: ''

2018-05-22 15:07:36 - [TEST_STEP][PASSED] - navigateToUrl: Navigate to 'http://sit.boldkey.cc/Web/login' successfully

2018-05-22 15:07:50 - [MESSAGE][PASSED] - Navigate to 'http://sit.boldkey.cc/Web/login' successfully

2018-05-22 15:07:50 - [TEST_STEP][PASSED] - Statement - openBrowser = true: null

2018-05-22 15:07:50 - [MESSAGE][PASSED] - Call Test Case 'Test Cases/Bold Key Login Page/Open Browser' successfully

2018-05-22 15:07:50 - [TEST_STEP][PASSED] - callTestCase: Call Test Case 'Test Cases/Bold Key Login Page/Login Action/Action Test Case' successfully

2018-05-22 15:07:50 - [TEST_CASE][PASSED] - Test Cases/Bold Key Login Page/Login Action/Action Test Case: Test Cases/Bold Key Login Page/Login Action/Action Test Case

2018-05-22 15:07:50 - [TEST_STEP][PASSED] - setText: Text 'cwpreee' is set on object 'Object Repository/BoldKey Login/Page_BOLD.Key - Login - BUTTON/input_txtusername'

2018-05-22 15:07:50 - [MESSAGE][PASSED] - Text 'cwpreee' is set on object 'Object Repository/BoldKey Login/Page_BOLD.Key - Login - BUTTON/input_txtusername'

2018-05-22 15:07:50 - [TEST_STEP][PASSED] - setText: Text 'P@55word' is set on object 'Object Repository/BoldKey Login/Page_BOLD.Key - Login - BUTTON/input_txtpassword'

2018-05-22 15:07:51 - [MESSAGE][PASSED] - Text 'P@55word' is set on object 'Object Repository/BoldKey Login/Page_BOLD.Key - Login - BUTTON/input_txtpassword'

2018-05-22 15:07:51 - [TEST_STEP][PASSED] - click: Object: 'Object Repository/BoldKey Login/Page_BOLD.Key - Login - BUTTON/button_LOGIN' is clicked on

2018-05-22 15:07:51 - [MESSAGE][PASSED] - Object: 'Object Repository/BoldKey Login/Page_BOLD.Key - Login - BUTTON/button_LOGIN' is clicked on

2018-05-22 15:07:51 - [MESSAGE][PASSED] - Call Test Case 'Test Cases/Bold Key Login Page/Login Action/Action Test Case' successfully

2018-05-22 15:07:51 - [TEST_STEP][PASSED] - Statement - switch (data_expectedresult.toString()): null

2018-05-22 15:07:51 - [TEST_STEP][PASSED] - Statement - Default: null

2018-05-22 15:07:51 - [TEST_STEP][PASSED] - Statement - If (username.trim() == "" || password == ""): null

2018-05-22 15:07:51 - [TEST_STEP][PASSED] - Statement - Else: null

2018-05-22 15:07:51 - [TEST_STEP][PASSED] - Statement - If (com.kms.katalon.core.webui.keyword.WebUiBuiltInKeywords.waitForElementVisible(com.kms.katalon.core.testobject.ObjectRepository.findTestObject(Object Repository/BoldKey Login/Page_BOLD.Key - Login - BUTTON/Page_BOLD.Key - Login (2)/Page_BOLD.Key - Login/invalid_message), 5)): null

2018-05-22 15:07:51 - [MESSAGE][PASSED] - Object 'Object Repository/BoldKey Login/Page_BOLD.Key - Login - BUTTON/Page_BOLD.Key - Login (2)/Page_BOLD.Key - Login/invalid_message' is visible

2018-05-22 15:07:51 - [TEST_STEP][PASSED] - Statement - verifyErrorMsg = com.kms.katalon.core.webui.keyword.WebUiBuiltInKeywords.getText(com.kms.katalon.core.testobject.ObjectRepository.findTestObject(Object Repository/BoldKey Login/Page_BOLD.Key - Login - BUTTON/Page_BOLD.Key - Login (2)/Page_BOLD.Key - Login/invalid_message)): Text of object 'Object Repository/BoldKey Login/Page_BOLD.Key - Login - BUTTON/Page_BOLD.Key - Login (2)/Page_BOLD.Key - Login/invalid_message' is: 'Invalid username and password.'

2018-05-22 15:07:52 - [MESSAGE][PASSED] - Text of object 'Object Repository/BoldKey Login/Page_BOLD.Key - Login - BUTTON/Page_BOLD.Key - Login (2)/Page_BOLD.Key - Login/invalid_message' is: 'Invalid username and password.'

2018-05-22 15:07:52 - [TEST_STEP][PASSED] - Statement - invalidMsgAnd = false: null

2018-05-22 15:07:52 - [TEST_STEP][PASSED] - Statement - invalidMsgOr = false: null

2018-05-22 15:07:52 - [TEST_STEP][PASSED] - Statement - accountLock = false: null

2018-05-22 15:07:52 - [TEST_STEP][PASSED] - Statement - If (verifyErrorMsg.compareTo(server_message) == 0): null

2018-05-22 15:07:52 - [TEST_STEP][PASSED] - Statement - Else If (verifyErrorMsg.compareTo(server_message1) == 0): null

2018-05-22 15:07:52 - [TEST_STEP][PASSED] - Statement - invalidMsgAnd = true: null

2018-05-22 15:07:52 - [TEST_STEP][PASSED] - Statement - If (invalidMsgAnd == true || invalidMsgOr == true || accountLock == true): null

2018-05-22 15:07:52 - [TEST_STEP][PASSED] - delay: Delayed 2 second(s)

2018-05-22 15:07:54 - [MESSAGE][PASSED] - Delayed 2 second(s)

2018-05-22 15:07:54 - [TEST_STEP][PASSED] - refresh: Refresh successfully

2018-05-22 15:07:54 - [MESSAGE][PASSED] - Refresh successfully

2018-05-22 15:07:54 - [TEST_STEP][PASSED] - Statement - Break: null]]></system-out>
         <system-err><![CDATA[]]></system-err>
      </testcase>
      <testcase name="Test Cases/Bold Key Login Page/Negative Case/Login Fail - Button 1" classname="Test Cases/Bold Key Login Page/Negative Case/Login Fail - Button 1" status="PASSED">
         <system-out><![CDATA[2018-05-22 15:07:54 - [TEST_CASE][PASSED] - Test Cases/Bold Key Login Page/Negative Case/Login Fail - Button 1: Test Cases/Bold Key Login Page/Negative Case/Login Fail - Button 1

2018-05-22 15:07:54 - [TEST_STEP][PASSED] - Statement - If (openBrowser == false): null

2018-05-22 15:07:54 - [TEST_STEP][PASSED] - callTestCase: Call Test Case 'Test Cases/Bold Key Login Page/Login Action/Action Test Case' successfully

2018-05-22 15:07:55 - [TEST_CASE][PASSED] - Test Cases/Bold Key Login Page/Login Action/Action Test Case: Test Cases/Bold Key Login Page/Login Action/Action Test Case

2018-05-22 15:07:55 - [TEST_STEP][PASSED] - setText: Text 'cwpreflat' is set on object 'Object Repository/BoldKey Login/Page_BOLD.Key - Login - BUTTON/input_txtusername'

2018-05-22 15:07:55 - [MESSAGE][PASSED] - Text 'cwpreflat' is set on object 'Object Repository/BoldKey Login/Page_BOLD.Key - Login - BUTTON/input_txtusername'

2018-05-22 15:07:55 - [TEST_STEP][PASSED] - setText: Text 'P@55wor' is set on object 'Object Repository/BoldKey Login/Page_BOLD.Key - Login - BUTTON/input_txtpassword'

2018-05-22 15:07:55 - [MESSAGE][PASSED] - Text 'P@55wor' is set on object 'Object Repository/BoldKey Login/Page_BOLD.Key - Login - BUTTON/input_txtpassword'

2018-05-22 15:07:55 - [TEST_STEP][PASSED] - click: Object: 'Object Repository/BoldKey Login/Page_BOLD.Key - Login - BUTTON/button_LOGIN' is clicked on

2018-05-22 15:07:55 - [MESSAGE][PASSED] - Object: 'Object Repository/BoldKey Login/Page_BOLD.Key - Login - BUTTON/button_LOGIN' is clicked on

2018-05-22 15:07:55 - [MESSAGE][PASSED] - Call Test Case 'Test Cases/Bold Key Login Page/Login Action/Action Test Case' successfully

2018-05-22 15:07:55 - [TEST_STEP][PASSED] - Statement - switch (data_expectedresult.toString()): null

2018-05-22 15:07:55 - [TEST_STEP][PASSED] - Statement - Default: null

2018-05-22 15:07:55 - [TEST_STEP][PASSED] - Statement - If (username.trim() == "" || password == ""): null

2018-05-22 15:07:55 - [TEST_STEP][PASSED] - Statement - Else: null

2018-05-22 15:07:55 - [TEST_STEP][PASSED] - Statement - If (com.kms.katalon.core.webui.keyword.WebUiBuiltInKeywords.waitForElementVisible(com.kms.katalon.core.testobject.ObjectRepository.findTestObject(Object Repository/BoldKey Login/Page_BOLD.Key - Login - BUTTON/Page_BOLD.Key - Login (2)/Page_BOLD.Key - Login/invalid_message), 5)): null

2018-05-22 15:07:57 - [MESSAGE][PASSED] - Object 'Object Repository/BoldKey Login/Page_BOLD.Key - Login - BUTTON/Page_BOLD.Key - Login (2)/Page_BOLD.Key - Login/invalid_message' is visible

2018-05-22 15:07:57 - [TEST_STEP][PASSED] - Statement - verifyErrorMsg = com.kms.katalon.core.webui.keyword.WebUiBuiltInKeywords.getText(com.kms.katalon.core.testobject.ObjectRepository.findTestObject(Object Repository/BoldKey Login/Page_BOLD.Key - Login - BUTTON/Page_BOLD.Key - Login (2)/Page_BOLD.Key - Login/invalid_message)): Text of object 'Object Repository/BoldKey Login/Page_BOLD.Key - Login - BUTTON/Page_BOLD.Key - Login (2)/Page_BOLD.Key - Login/invalid_message' is: 'Unable to login. Account has been locked out.'

2018-05-22 15:07:57 - [MESSAGE][PASSED] - Text of object 'Object Repository/BoldKey Login/Page_BOLD.Key - Login - BUTTON/Page_BOLD.Key - Login (2)/Page_BOLD.Key - Login/invalid_message' is: 'Unable to login. Account has been locked out.'

2018-05-22 15:07:57 - [TEST_STEP][PASSED] - Statement - invalidMsgAnd = false: null

2018-05-22 15:07:57 - [TEST_STEP][PASSED] - Statement - invalidMsgOr = false: null

2018-05-22 15:07:57 - [TEST_STEP][PASSED] - Statement - accountLock = false: null

2018-05-22 15:07:57 - [TEST_STEP][PASSED] - Statement - If (verifyErrorMsg.compareTo(server_message) == 0): null

2018-05-22 15:07:57 - [TEST_STEP][PASSED] - Statement - Else If (verifyErrorMsg.compareTo(server_message1) == 0): null

2018-05-22 15:07:57 - [TEST_STEP][PASSED] - Statement - Else If (verifyErrorMsg.compareTo(server_message2) == 0): null

2018-05-22 15:07:57 - [TEST_STEP][PASSED] - Statement - accountLock = true: null

2018-05-22 15:07:57 - [TEST_STEP][PASSED] - Statement - If (invalidMsgAnd == true || invalidMsgOr == true || accountLock == true): null

2018-05-22 15:07:57 - [TEST_STEP][PASSED] - delay: Delayed 2 second(s)

2018-05-22 15:07:59 - [MESSAGE][PASSED] - Delayed 2 second(s)

2018-05-22 15:07:59 - [TEST_STEP][PASSED] - refresh: Refresh successfully

2018-05-22 15:07:59 - [MESSAGE][PASSED] - Refresh successfully

2018-05-22 15:07:59 - [TEST_STEP][PASSED] - Statement - Break: null]]></system-out>
         <system-err><![CDATA[]]></system-err>
      </testcase>
      <testcase name="Test Cases/Bold Key Login Page/Negative Case/Login Fail - Button 1" classname="Test Cases/Bold Key Login Page/Negative Case/Login Fail - Button 1" status="PASSED">
         <system-out><![CDATA[2018-05-22 15:07:59 - [TEST_CASE][PASSED] - Test Cases/Bold Key Login Page/Negative Case/Login Fail - Button 1: Test Cases/Bold Key Login Page/Negative Case/Login Fail - Button 1

2018-05-22 15:08:00 - [TEST_STEP][PASSED] - Statement - If (openBrowser == false): null

2018-05-22 15:08:00 - [TEST_STEP][PASSED] - callTestCase: Call Test Case 'Test Cases/Bold Key Login Page/Login Action/Action Test Case' successfully

2018-05-22 15:08:00 - [TEST_CASE][PASSED] - Test Cases/Bold Key Login Page/Login Action/Action Test Case: Test Cases/Bold Key Login Page/Login Action/Action Test Case

2018-05-22 15:08:00 - [TEST_STEP][PASSED] - setText: Text 'cwpreee' is set on object 'Object Repository/BoldKey Login/Page_BOLD.Key - Login - BUTTON/input_txtusername'

2018-05-22 15:08:00 - [MESSAGE][PASSED] - Text 'cwpreee' is set on object 'Object Repository/BoldKey Login/Page_BOLD.Key - Login - BUTTON/input_txtusername'

2018-05-22 15:08:00 - [TEST_STEP][PASSED] - setText: Text 'P@55wor' is set on object 'Object Repository/BoldKey Login/Page_BOLD.Key - Login - BUTTON/input_txtpassword'

2018-05-22 15:08:00 - [MESSAGE][PASSED] - Text 'P@55wor' is set on object 'Object Repository/BoldKey Login/Page_BOLD.Key - Login - BUTTON/input_txtpassword'

2018-05-22 15:08:00 - [TEST_STEP][PASSED] - click: Object: 'Object Repository/BoldKey Login/Page_BOLD.Key - Login - BUTTON/button_LOGIN' is clicked on

2018-05-22 15:08:00 - [MESSAGE][PASSED] - Object: 'Object Repository/BoldKey Login/Page_BOLD.Key - Login - BUTTON/button_LOGIN' is clicked on

2018-05-22 15:08:00 - [MESSAGE][PASSED] - Call Test Case 'Test Cases/Bold Key Login Page/Login Action/Action Test Case' successfully

2018-05-22 15:08:00 - [TEST_STEP][PASSED] - Statement - switch (data_expectedresult.toString()): null

2018-05-22 15:08:00 - [TEST_STEP][PASSED] - Statement - Default: null

2018-05-22 15:08:00 - [TEST_STEP][PASSED] - Statement - If (username.trim() == "" || password == ""): null

2018-05-22 15:08:00 - [TEST_STEP][PASSED] - Statement - Else: null

2018-05-22 15:08:00 - [TEST_STEP][PASSED] - Statement - If (com.kms.katalon.core.webui.keyword.WebUiBuiltInKeywords.waitForElementVisible(com.kms.katalon.core.testobject.ObjectRepository.findTestObject(Object Repository/BoldKey Login/Page_BOLD.Key - Login - BUTTON/Page_BOLD.Key - Login (2)/Page_BOLD.Key - Login/invalid_message), 5)): null

2018-05-22 15:08:01 - [MESSAGE][PASSED] - Object 'Object Repository/BoldKey Login/Page_BOLD.Key - Login - BUTTON/Page_BOLD.Key - Login (2)/Page_BOLD.Key - Login/invalid_message' is visible

2018-05-22 15:08:01 - [TEST_STEP][PASSED] - Statement - verifyErrorMsg = com.kms.katalon.core.webui.keyword.WebUiBuiltInKeywords.getText(com.kms.katalon.core.testobject.ObjectRepository.findTestObject(Object Repository/BoldKey Login/Page_BOLD.Key - Login - BUTTON/Page_BOLD.Key - Login (2)/Page_BOLD.Key - Login/invalid_message)): Text of object 'Object Repository/BoldKey Login/Page_BOLD.Key - Login - BUTTON/Page_BOLD.Key - Login (2)/Page_BOLD.Key - Login/invalid_message' is: 'Invalid username and password.'

2018-05-22 15:08:01 - [MESSAGE][PASSED] - Text of object 'Object Repository/BoldKey Login/Page_BOLD.Key - Login - BUTTON/Page_BOLD.Key - Login (2)/Page_BOLD.Key - Login/invalid_message' is: 'Invalid username and password.'

2018-05-22 15:08:01 - [TEST_STEP][PASSED] - Statement - invalidMsgAnd = false: null

2018-05-22 15:08:01 - [TEST_STEP][PASSED] - Statement - invalidMsgOr = false: null

2018-05-22 15:08:01 - [TEST_STEP][PASSED] - Statement - accountLock = false: null

2018-05-22 15:08:01 - [TEST_STEP][PASSED] - Statement - If (verifyErrorMsg.compareTo(server_message) == 0): null

2018-05-22 15:08:01 - [TEST_STEP][PASSED] - Statement - Else If (verifyErrorMsg.compareTo(server_message1) == 0): null

2018-05-22 15:08:01 - [TEST_STEP][PASSED] - Statement - invalidMsgAnd = true: null

2018-05-22 15:08:01 - [TEST_STEP][PASSED] - Statement - If (invalidMsgAnd == true || invalidMsgOr == true || accountLock == true): null

2018-05-22 15:08:01 - [TEST_STEP][PASSED] - delay: Delayed 2 second(s)

2018-05-22 15:08:03 - [MESSAGE][PASSED] - Delayed 2 second(s)

2018-05-22 15:08:03 - [TEST_STEP][PASSED] - refresh: Refresh successfully

2018-05-22 15:08:04 - [MESSAGE][PASSED] - Refresh successfully

2018-05-22 15:08:04 - [TEST_STEP][PASSED] - Statement - Break: null]]></system-out>
         <system-err><![CDATA[]]></system-err>
      </testcase>
      <testcase name="Test Cases/Bold Key Login Page/Negative Case/Login Fail - Button 1" classname="Test Cases/Bold Key Login Page/Negative Case/Login Fail - Button 1" status="PASSED">
         <system-out><![CDATA[2018-05-22 15:08:04 - [TEST_CASE][PASSED] - Test Cases/Bold Key Login Page/Negative Case/Login Fail - Button 1: Test Cases/Bold Key Login Page/Negative Case/Login Fail - Button 1

2018-05-22 15:08:04 - [TEST_STEP][PASSED] - Statement - If (openBrowser == false): null

2018-05-22 15:08:04 - [TEST_STEP][PASSED] - callTestCase: Call Test Case 'Test Cases/Bold Key Login Page/Login Action/Action Test Case' successfully

2018-05-22 15:08:04 - [TEST_CASE][PASSED] - Test Cases/Bold Key Login Page/Login Action/Action Test Case: Test Cases/Bold Key Login Page/Login Action/Action Test Case

2018-05-22 15:08:04 - [TEST_STEP][PASSED] - setText: Text '' is set on object 'Object Repository/BoldKey Login/Page_BOLD.Key - Login - BUTTON/input_txtusername'

2018-05-22 15:08:04 - [MESSAGE][PASSED] - Text '' is set on object 'Object Repository/BoldKey Login/Page_BOLD.Key - Login - BUTTON/input_txtusername'

2018-05-22 15:08:04 - [TEST_STEP][PASSED] - setText: Text 'P@55word' is set on object 'Object Repository/BoldKey Login/Page_BOLD.Key - Login - BUTTON/input_txtpassword'

2018-05-22 15:08:04 - [MESSAGE][PASSED] - Text 'P@55word' is set on object 'Object Repository/BoldKey Login/Page_BOLD.Key - Login - BUTTON/input_txtpassword'

2018-05-22 15:08:04 - [TEST_STEP][PASSED] - click: Object: 'Object Repository/BoldKey Login/Page_BOLD.Key - Login - BUTTON/button_LOGIN' is clicked on

2018-05-22 15:08:05 - [MESSAGE][PASSED] - Object: 'Object Repository/BoldKey Login/Page_BOLD.Key - Login - BUTTON/button_LOGIN' is clicked on

2018-05-22 15:08:05 - [MESSAGE][PASSED] - Call Test Case 'Test Cases/Bold Key Login Page/Login Action/Action Test Case' successfully

2018-05-22 15:08:05 - [TEST_STEP][PASSED] - Statement - switch (data_expectedresult.toString()): null

2018-05-22 15:08:05 - [TEST_STEP][PASSED] - Statement - Default: null

2018-05-22 15:08:05 - [TEST_STEP][PASSED] - Statement - If (username.trim() == "" || password == ""): null

2018-05-22 15:08:05 - [TEST_STEP][PASSED] - Statement - emptyUsername = false: null

2018-05-22 15:08:05 - [TEST_STEP][PASSED] - Statement - emptyPassword = false: null

2018-05-22 15:08:05 - [TEST_STEP][PASSED] - Statement - If (com.kms.katalon.core.webui.keyword.WebUiBuiltInKeywords.waitForElementVisible(com.kms.katalon.core.testobject.ObjectRepository.findTestObject(Object Repository/BoldKey Login/Page_BOLD.Key - Login - BUTTON/Page_BOLD.Key - Login (2)/username_message), 5)): null

2018-05-22 15:08:05 - [MESSAGE][PASSED] - Object 'Object Repository/BoldKey Login/Page_BOLD.Key - Login - BUTTON/Page_BOLD.Key - Login (2)/username_message' is visible

2018-05-22 15:08:05 - [TEST_STEP][PASSED] - Statement - verifyUsernameMsg = com.kms.katalon.core.webui.keyword.WebUiBuiltInKeywords.getText(com.kms.katalon.core.testobject.ObjectRepository.findTestObject(Object Repository/BoldKey Login/Page_BOLD.Key - Login - BUTTON/Page_BOLD.Key - Login (2)/username_message)): Text of object 'Object Repository/BoldKey Login/Page_BOLD.Key - Login - BUTTON/Page_BOLD.Key - Login (2)/username_message' is: 'The username field is required.'

2018-05-22 15:08:05 - [MESSAGE][PASSED] - Text of object 'Object Repository/BoldKey Login/Page_BOLD.Key - Login - BUTTON/Page_BOLD.Key - Login (2)/username_message' is: 'The username field is required.'

2018-05-22 15:08:05 - [TEST_STEP][PASSED] - verifyMatch: Actual text 'The username field is required.' and expected text 'The username field is required.' are matched  using regular expression

2018-05-22 15:08:05 - [MESSAGE][PASSED] - Actual text 'The username field is required.' and expected text 'The username field is required.' are matched  using regular expression

2018-05-22 15:08:05 - [TEST_STEP][PASSED] - Statement - emptyUsername = true: null

2018-05-22 15:08:05 - [TEST_STEP][PASSED] - Statement - If (emptyUsername == true || emptyPassword == true): null

2018-05-22 15:08:05 - [TEST_STEP][PASSED] - delay: Delayed 2 second(s)

2018-05-22 15:08:07 - [MESSAGE][PASSED] - Delayed 2 second(s)

2018-05-22 15:08:07 - [TEST_STEP][PASSED] - refresh: Refresh successfully

2018-05-22 15:08:07 - [MESSAGE][PASSED] - Refresh successfully

2018-05-22 15:08:07 - [TEST_STEP][PASSED] - Statement - Break: null]]></system-out>
         <system-err><![CDATA[]]></system-err>
      </testcase>
      <testcase name="Test Cases/Bold Key Login Page/Negative Case/Login Fail - Button 1" classname="Test Cases/Bold Key Login Page/Negative Case/Login Fail - Button 1" status="PASSED">
         <system-out><![CDATA[2018-05-22 15:08:07 - [TEST_CASE][PASSED] - Test Cases/Bold Key Login Page/Negative Case/Login Fail - Button 1: Test Cases/Bold Key Login Page/Negative Case/Login Fail - Button 1

2018-05-22 15:08:08 - [TEST_STEP][PASSED] - Statement - If (openBrowser == false): null

2018-05-22 15:08:08 - [TEST_STEP][PASSED] - callTestCase: Call Test Case 'Test Cases/Bold Key Login Page/Login Action/Action Test Case' successfully

2018-05-22 15:08:08 - [TEST_CASE][PASSED] - Test Cases/Bold Key Login Page/Login Action/Action Test Case: Test Cases/Bold Key Login Page/Login Action/Action Test Case

2018-05-22 15:08:08 - [TEST_STEP][PASSED] - setText: Text 'cwpreflat' is set on object 'Object Repository/BoldKey Login/Page_BOLD.Key - Login - BUTTON/input_txtusername'

2018-05-22 15:08:08 - [MESSAGE][PASSED] - Text 'cwpreflat' is set on object 'Object Repository/BoldKey Login/Page_BOLD.Key - Login - BUTTON/input_txtusername'

2018-05-22 15:08:08 - [TEST_STEP][PASSED] - setText: Text '' is set on object 'Object Repository/BoldKey Login/Page_BOLD.Key - Login - BUTTON/input_txtpassword'

2018-05-22 15:08:08 - [MESSAGE][PASSED] - Text '' is set on object 'Object Repository/BoldKey Login/Page_BOLD.Key - Login - BUTTON/input_txtpassword'

2018-05-22 15:08:08 - [TEST_STEP][PASSED] - click: Object: 'Object Repository/BoldKey Login/Page_BOLD.Key - Login - BUTTON/button_LOGIN' is clicked on

2018-05-22 15:08:08 - [MESSAGE][PASSED] - Object: 'Object Repository/BoldKey Login/Page_BOLD.Key - Login - BUTTON/button_LOGIN' is clicked on

2018-05-22 15:08:08 - [MESSAGE][PASSED] - Call Test Case 'Test Cases/Bold Key Login Page/Login Action/Action Test Case' successfully

2018-05-22 15:08:08 - [TEST_STEP][PASSED] - Statement - switch (data_expectedresult.toString()): null

2018-05-22 15:08:08 - [TEST_STEP][PASSED] - Statement - Default: null

2018-05-22 15:08:08 - [TEST_STEP][PASSED] - Statement - If (username.trim() == "" || password == ""): null

2018-05-22 15:08:08 - [TEST_STEP][PASSED] - Statement - emptyUsername = false: null

2018-05-22 15:08:08 - [TEST_STEP][PASSED] - Statement - emptyPassword = false: null

2018-05-22 15:08:08 - [TEST_STEP][PASSED] - Statement - If (com.kms.katalon.core.webui.keyword.WebUiBuiltInKeywords.waitForElementVisible(com.kms.katalon.core.testobject.ObjectRepository.findTestObject(Object Repository/BoldKey Login/Page_BOLD.Key - Login - BUTTON/Page_BOLD.Key - Login (2)/username_message), 5)): Object 'Object Repository/BoldKey Login/Page_BOLD.Key - Login - BUTTON/Page_BOLD.Key - Login (2)/password_message' is visible

2018-05-22 15:08:13 - [MESSAGE][WARNING] - Object 'Object Repository/BoldKey Login/Page_BOLD.Key - Login - BUTTON/Page_BOLD.Key - Login (2)/username_message' is not visible after 5 second(s)

2018-05-22 15:08:13 - [MESSAGE][PASSED] - Object 'Object Repository/BoldKey Login/Page_BOLD.Key - Login - BUTTON/Page_BOLD.Key - Login (2)/password_message' is visible

2018-05-22 15:08:13 - [TEST_STEP][PASSED] - Statement - Else If (com.kms.katalon.core.webui.keyword.WebUiBuiltInKeywords.waitForElementVisible(com.kms.katalon.core.testobject.ObjectRepository.findTestObject(Object Repository/BoldKey Login/Page_BOLD.Key - Login - BUTTON/Page_BOLD.Key - Login (2)/password_message), 5)): null

2018-05-22 15:08:13 - [TEST_STEP][PASSED] - Statement - verifyPasswordMsg = com.kms.katalon.core.webui.keyword.WebUiBuiltInKeywords.getText(com.kms.katalon.core.testobject.ObjectRepository.findTestObject(Object Repository/BoldKey Login/Page_BOLD.Key - Login - BUTTON/Page_BOLD.Key - Login (2)/password_message)): Text of object 'Object Repository/BoldKey Login/Page_BOLD.Key - Login - BUTTON/Page_BOLD.Key - Login (2)/password_message' is: 'The password field is required.'

2018-05-22 15:08:13 - [MESSAGE][PASSED] - Text of object 'Object Repository/BoldKey Login/Page_BOLD.Key - Login - BUTTON/Page_BOLD.Key - Login (2)/password_message' is: 'The password field is required.'

2018-05-22 15:08:13 - [TEST_STEP][PASSED] - verifyMatch: Actual text 'The password field is required.' and expected text 'The password field is required.' are matched  using regular expression

2018-05-22 15:08:13 - [MESSAGE][PASSED] - Actual text 'The password field is required.' and expected text 'The password field is required.' are matched  using regular expression

2018-05-22 15:08:13 - [TEST_STEP][PASSED] - Statement - emptyPassword = true: null

2018-05-22 15:08:13 - [TEST_STEP][PASSED] - Statement - If (emptyUsername == true || emptyPassword == true): null

2018-05-22 15:08:13 - [TEST_STEP][PASSED] - delay: Delayed 2 second(s)

2018-05-22 15:08:15 - [MESSAGE][PASSED] - Delayed 2 second(s)

2018-05-22 15:08:15 - [TEST_STEP][PASSED] - refresh: Refresh successfully

2018-05-22 15:08:16 - [MESSAGE][PASSED] - Refresh successfully

2018-05-22 15:08:16 - [TEST_STEP][PASSED] - Statement - Break: null]]></system-out>
         <system-err><![CDATA[]]></system-err>
      </testcase>
      <testcase name="Test Cases/Bold Key Login Page/Negative Case/Login Fail - Button 1" classname="Test Cases/Bold Key Login Page/Negative Case/Login Fail - Button 1" status="PASSED">
         <system-out><![CDATA[2018-05-22 15:08:16 - [TEST_CASE][PASSED] - Test Cases/Bold Key Login Page/Negative Case/Login Fail - Button 1: Test Cases/Bold Key Login Page/Negative Case/Login Fail - Button 1

2018-05-22 15:08:16 - [TEST_STEP][PASSED] - Statement - If (openBrowser == false): null

2018-05-22 15:08:16 - [TEST_STEP][PASSED] - callTestCase: Call Test Case 'Test Cases/Bold Key Login Page/Login Action/Action Test Case' successfully

2018-05-22 15:08:16 - [TEST_CASE][PASSED] - Test Cases/Bold Key Login Page/Login Action/Action Test Case: Test Cases/Bold Key Login Page/Login Action/Action Test Case

2018-05-22 15:08:16 - [TEST_STEP][PASSED] - setText: Text '' is set on object 'Object Repository/BoldKey Login/Page_BOLD.Key - Login - BUTTON/input_txtusername'

2018-05-22 15:08:16 - [MESSAGE][PASSED] - Text '' is set on object 'Object Repository/BoldKey Login/Page_BOLD.Key - Login - BUTTON/input_txtusername'

2018-05-22 15:08:16 - [TEST_STEP][PASSED] - setText: Text '' is set on object 'Object Repository/BoldKey Login/Page_BOLD.Key - Login - BUTTON/input_txtpassword'

2018-05-22 15:08:16 - [MESSAGE][PASSED] - Text '' is set on object 'Object Repository/BoldKey Login/Page_BOLD.Key - Login - BUTTON/input_txtpassword'

2018-05-22 15:08:16 - [TEST_STEP][PASSED] - click: Object: 'Object Repository/BoldKey Login/Page_BOLD.Key - Login - BUTTON/button_LOGIN' is clicked on

2018-05-22 15:08:16 - [MESSAGE][PASSED] - Object: 'Object Repository/BoldKey Login/Page_BOLD.Key - Login - BUTTON/button_LOGIN' is clicked on

2018-05-22 15:08:16 - [MESSAGE][PASSED] - Call Test Case 'Test Cases/Bold Key Login Page/Login Action/Action Test Case' successfully

2018-05-22 15:08:16 - [TEST_STEP][PASSED] - Statement - switch (data_expectedresult.toString()): null

2018-05-22 15:08:16 - [TEST_STEP][PASSED] - Statement - Default: null

2018-05-22 15:08:16 - [TEST_STEP][PASSED] - Statement - If (username.trim() == "" || password == ""): null

2018-05-22 15:08:16 - [TEST_STEP][PASSED] - Statement - emptyUsername = false: null

2018-05-22 15:08:16 - [TEST_STEP][PASSED] - Statement - emptyPassword = false: null

2018-05-22 15:08:16 - [TEST_STEP][PASSED] - Statement - If (com.kms.katalon.core.webui.keyword.WebUiBuiltInKeywords.waitForElementVisible(com.kms.katalon.core.testobject.ObjectRepository.findTestObject(Object Repository/BoldKey Login/Page_BOLD.Key - Login - BUTTON/Page_BOLD.Key - Login (2)/username_message), 5)): null

2018-05-22 15:08:16 - [MESSAGE][PASSED] - Object 'Object Repository/BoldKey Login/Page_BOLD.Key - Login - BUTTON/Page_BOLD.Key - Login (2)/username_message' is visible

2018-05-22 15:08:16 - [TEST_STEP][PASSED] - Statement - verifyUsernameMsg = com.kms.katalon.core.webui.keyword.WebUiBuiltInKeywords.getText(com.kms.katalon.core.testobject.ObjectRepository.findTestObject(Object Repository/BoldKey Login/Page_BOLD.Key - Login - BUTTON/Page_BOLD.Key - Login (2)/username_message)): Text of object 'Object Repository/BoldKey Login/Page_BOLD.Key - Login - BUTTON/Page_BOLD.Key - Login (2)/username_message' is: 'The username field is required.'

2018-05-22 15:08:17 - [MESSAGE][PASSED] - Text of object 'Object Repository/BoldKey Login/Page_BOLD.Key - Login - BUTTON/Page_BOLD.Key - Login (2)/username_message' is: 'The username field is required.'

2018-05-22 15:08:17 - [TEST_STEP][PASSED] - verifyMatch: Actual text 'The username field is required.' and expected text 'The username field is required.' are matched  using regular expression

2018-05-22 15:08:17 - [MESSAGE][PASSED] - Actual text 'The username field is required.' and expected text 'The username field is required.' are matched  using regular expression

2018-05-22 15:08:17 - [TEST_STEP][PASSED] - Statement - emptyUsername = true: null

2018-05-22 15:08:17 - [TEST_STEP][PASSED] - Statement - If (emptyUsername == true || emptyPassword == true): null

2018-05-22 15:08:17 - [TEST_STEP][PASSED] - delay: Delayed 2 second(s)

2018-05-22 15:08:19 - [MESSAGE][PASSED] - Delayed 2 second(s)

2018-05-22 15:08:19 - [TEST_STEP][PASSED] - refresh: Refresh successfully

2018-05-22 15:08:19 - [MESSAGE][PASSED] - Refresh successfully

2018-05-22 15:08:19 - [TEST_STEP][PASSED] - Statement - Break: null]]></system-out>
         <system-err><![CDATA[]]></system-err>
      </testcase>
      <testcase name="Test Cases/Bold Key Login Page/Negative Case/Login Fail - Button 1" classname="Test Cases/Bold Key Login Page/Negative Case/Login Fail - Button 1" status="PASSED">
         <system-out><![CDATA[2018-05-22 15:08:19 - [TEST_CASE][PASSED] - Test Cases/Bold Key Login Page/Negative Case/Login Fail - Button 1: Test Cases/Bold Key Login Page/Negative Case/Login Fail - Button 1

2018-05-22 15:08:19 - [TEST_STEP][PASSED] - Statement - If (openBrowser == false): null

2018-05-22 15:08:19 - [TEST_STEP][PASSED] - callTestCase: Call Test Case 'Test Cases/Bold Key Login Page/Login Action/Action Test Case' successfully

2018-05-22 15:08:19 - [TEST_CASE][PASSED] - Test Cases/Bold Key Login Page/Login Action/Action Test Case: Test Cases/Bold Key Login Page/Login Action/Action Test Case

2018-05-22 15:08:19 - [TEST_STEP][PASSED] - setText: Text 'console ' is set on object 'Object Repository/BoldKey Login/Page_BOLD.Key - Login - BUTTON/input_txtusername'

2018-05-22 15:08:20 - [MESSAGE][PASSED] - Text 'console ' is set on object 'Object Repository/BoldKey Login/Page_BOLD.Key - Login - BUTTON/input_txtusername'

2018-05-22 15:08:20 - [TEST_STEP][PASSED] - setText: Text 'PPP' is set on object 'Object Repository/BoldKey Login/Page_BOLD.Key - Login - BUTTON/input_txtpassword'

2018-05-22 15:08:20 - [MESSAGE][PASSED] - Text 'PPP' is set on object 'Object Repository/BoldKey Login/Page_BOLD.Key - Login - BUTTON/input_txtpassword'

2018-05-22 15:08:20 - [TEST_STEP][PASSED] - click: Object: 'Object Repository/BoldKey Login/Page_BOLD.Key - Login - BUTTON/button_LOGIN' is clicked on

2018-05-22 15:08:20 - [MESSAGE][PASSED] - Object: 'Object Repository/BoldKey Login/Page_BOLD.Key - Login - BUTTON/button_LOGIN' is clicked on

2018-05-22 15:08:20 - [MESSAGE][PASSED] - Call Test Case 'Test Cases/Bold Key Login Page/Login Action/Action Test Case' successfully

2018-05-22 15:08:20 - [TEST_STEP][PASSED] - Statement - switch (data_expectedresult.toString()): null

2018-05-22 15:08:20 - [TEST_STEP][PASSED] - Statement - Default: null

2018-05-22 15:08:20 - [TEST_STEP][PASSED] - Statement - If (username.trim() == "" || password == ""): null

2018-05-22 15:08:20 - [TEST_STEP][PASSED] - Statement - Else: null

2018-05-22 15:08:20 - [TEST_STEP][PASSED] - Statement - If (com.kms.katalon.core.webui.keyword.WebUiBuiltInKeywords.waitForElementVisible(com.kms.katalon.core.testobject.ObjectRepository.findTestObject(Object Repository/BoldKey Login/Page_BOLD.Key - Login - BUTTON/Page_BOLD.Key - Login (2)/Page_BOLD.Key - Login/invalid_message), 5)): null

2018-05-22 15:08:21 - [MESSAGE][PASSED] - Object 'Object Repository/BoldKey Login/Page_BOLD.Key - Login - BUTTON/Page_BOLD.Key - Login (2)/Page_BOLD.Key - Login/invalid_message' is visible

2018-05-22 15:08:21 - [TEST_STEP][PASSED] - Statement - verifyErrorMsg = com.kms.katalon.core.webui.keyword.WebUiBuiltInKeywords.getText(com.kms.katalon.core.testobject.ObjectRepository.findTestObject(Object Repository/BoldKey Login/Page_BOLD.Key - Login - BUTTON/Page_BOLD.Key - Login (2)/Page_BOLD.Key - Login/invalid_message)): Text of object 'Object Repository/BoldKey Login/Page_BOLD.Key - Login - BUTTON/Page_BOLD.Key - Login (2)/Page_BOLD.Key - Login/invalid_message' is: 'Invalid username or password.'

2018-05-22 15:08:21 - [MESSAGE][PASSED] - Text of object 'Object Repository/BoldKey Login/Page_BOLD.Key - Login - BUTTON/Page_BOLD.Key - Login (2)/Page_BOLD.Key - Login/invalid_message' is: 'Invalid username or password.'

2018-05-22 15:08:21 - [TEST_STEP][PASSED] - Statement - invalidMsgAnd = false: null

2018-05-22 15:08:21 - [TEST_STEP][PASSED] - Statement - invalidMsgOr = false: null

2018-05-22 15:08:21 - [TEST_STEP][PASSED] - Statement - accountLock = false: null

2018-05-22 15:08:21 - [TEST_STEP][PASSED] - Statement - If (verifyErrorMsg.compareTo(server_message) == 0): null

2018-05-22 15:08:21 - [TEST_STEP][PASSED] - Statement - invalidMsgOr = true: null

2018-05-22 15:08:21 - [TEST_STEP][PASSED] - Statement - If (invalidMsgAnd == true || invalidMsgOr == true || accountLock == true): null

2018-05-22 15:08:21 - [TEST_STEP][PASSED] - delay: Delayed 2 second(s)

2018-05-22 15:08:23 - [MESSAGE][PASSED] - Delayed 2 second(s)

2018-05-22 15:08:23 - [TEST_STEP][PASSED] - refresh: Refresh successfully

2018-05-22 15:08:24 - [MESSAGE][PASSED] - Refresh successfully

2018-05-22 15:08:24 - [TEST_STEP][PASSED] - Statement - Break: null]]></system-out>
         <system-err><![CDATA[]]></system-err>
      </testcase>
      <testcase name="Test Cases/Bold Key Login Page/Negative Case/Login Fail - Button 1" classname="Test Cases/Bold Key Login Page/Negative Case/Login Fail - Button 1" status="PASSED">
         <system-out><![CDATA[2018-05-22 15:08:24 - [TEST_CASE][PASSED] - Test Cases/Bold Key Login Page/Negative Case/Login Fail - Button 1: Test Cases/Bold Key Login Page/Negative Case/Login Fail - Button 1

2018-05-22 15:08:24 - [TEST_STEP][PASSED] - Statement - If (openBrowser == false): null

2018-05-22 15:08:24 - [TEST_STEP][PASSED] - callTestCase: Call Test Case 'Test Cases/Bold Key Login Page/Login Action/Action Test Case' successfully

2018-05-22 15:08:24 - [TEST_CASE][PASSED] - Test Cases/Bold Key Login Page/Login Action/Action Test Case: Test Cases/Bold Key Login Page/Login Action/Action Test Case

2018-05-22 15:08:24 - [TEST_STEP][PASSED] - setText: Text 'console' is set on object 'Object Repository/BoldKey Login/Page_BOLD.Key - Login - BUTTON/input_txtusername'

2018-05-22 15:08:24 - [MESSAGE][PASSED] - Text 'console' is set on object 'Object Repository/BoldKey Login/Page_BOLD.Key - Login - BUTTON/input_txtusername'

2018-05-22 15:08:24 - [TEST_STEP][PASSED] - setText: Text 'PPP' is set on object 'Object Repository/BoldKey Login/Page_BOLD.Key - Login - BUTTON/input_txtpassword'

2018-05-22 15:08:25 - [MESSAGE][PASSED] - Text 'PPP' is set on object 'Object Repository/BoldKey Login/Page_BOLD.Key - Login - BUTTON/input_txtpassword'

2018-05-22 15:08:25 - [TEST_STEP][PASSED] - click: Object: 'Object Repository/BoldKey Login/Page_BOLD.Key - Login - BUTTON/button_LOGIN' is clicked on

2018-05-22 15:08:25 - [MESSAGE][PASSED] - Object: 'Object Repository/BoldKey Login/Page_BOLD.Key - Login - BUTTON/button_LOGIN' is clicked on

2018-05-22 15:08:25 - [MESSAGE][PASSED] - Call Test Case 'Test Cases/Bold Key Login Page/Login Action/Action Test Case' successfully

2018-05-22 15:08:25 - [TEST_STEP][PASSED] - Statement - switch (data_expectedresult.toString()): null

2018-05-22 15:08:25 - [TEST_STEP][PASSED] - Statement - Default: null

2018-05-22 15:08:25 - [TEST_STEP][PASSED] - Statement - If (username.trim() == "" || password == ""): null

2018-05-22 15:08:25 - [TEST_STEP][PASSED] - Statement - Else: null

2018-05-22 15:08:25 - [TEST_STEP][PASSED] - Statement - If (com.kms.katalon.core.webui.keyword.WebUiBuiltInKeywords.waitForElementVisible(com.kms.katalon.core.testobject.ObjectRepository.findTestObject(Object Repository/BoldKey Login/Page_BOLD.Key - Login - BUTTON/Page_BOLD.Key - Login (2)/Page_BOLD.Key - Login/invalid_message), 5)): null

2018-05-22 15:08:26 - [MESSAGE][PASSED] - Object 'Object Repository/BoldKey Login/Page_BOLD.Key - Login - BUTTON/Page_BOLD.Key - Login (2)/Page_BOLD.Key - Login/invalid_message' is visible

2018-05-22 15:08:26 - [TEST_STEP][PASSED] - Statement - verifyErrorMsg = com.kms.katalon.core.webui.keyword.WebUiBuiltInKeywords.getText(com.kms.katalon.core.testobject.ObjectRepository.findTestObject(Object Repository/BoldKey Login/Page_BOLD.Key - Login - BUTTON/Page_BOLD.Key - Login (2)/Page_BOLD.Key - Login/invalid_message)): Text of object 'Object Repository/BoldKey Login/Page_BOLD.Key - Login - BUTTON/Page_BOLD.Key - Login (2)/Page_BOLD.Key - Login/invalid_message' is: 'Login retries exceeded. Account has been locked out.'

2018-05-22 15:08:27 - [MESSAGE][PASSED] - Text of object 'Object Repository/BoldKey Login/Page_BOLD.Key - Login - BUTTON/Page_BOLD.Key - Login (2)/Page_BOLD.Key - Login/invalid_message' is: 'Login retries exceeded. Account has been locked out.'

2018-05-22 15:08:27 - [TEST_STEP][PASSED] - Statement - invalidMsgAnd = false: null

2018-05-22 15:08:27 - [TEST_STEP][PASSED] - Statement - invalidMsgOr = false: null

2018-05-22 15:08:27 - [TEST_STEP][PASSED] - Statement - accountLock = false: null

2018-05-22 15:08:27 - [TEST_STEP][PASSED] - Statement - If (verifyErrorMsg.compareTo(server_message) == 0): null

2018-05-22 15:08:27 - [TEST_STEP][PASSED] - Statement - Else If (verifyErrorMsg.compareTo(server_message1) == 0): null

2018-05-22 15:08:27 - [TEST_STEP][PASSED] - Statement - Else If (verifyErrorMsg.compareTo(server_message2) == 0): null

2018-05-22 15:08:27 - [TEST_STEP][PASSED] - Statement - Else If (verifyErrorMsg.compareTo(server_message3) == 0): null

2018-05-22 15:08:27 - [TEST_STEP][PASSED] - Statement - accountLock = true: null

2018-05-22 15:08:27 - [TEST_STEP][PASSED] - Statement - If (invalidMsgAnd == true || invalidMsgOr == true || accountLock == true): null

2018-05-22 15:08:27 - [TEST_STEP][PASSED] - delay: Delayed 2 second(s)

2018-05-22 15:08:29 - [MESSAGE][PASSED] - Delayed 2 second(s)

2018-05-22 15:08:29 - [TEST_STEP][PASSED] - refresh: Refresh successfully

2018-05-22 15:08:29 - [MESSAGE][PASSED] - Refresh successfully

2018-05-22 15:08:29 - [TEST_STEP][PASSED] - Statement - Break: null]]></system-out>
         <system-err><![CDATA[]]></system-err>
      </testcase>
      <testcase name="Test Cases/Bold Key Login Page/Negative Case/Login Fail - Button 1" classname="Test Cases/Bold Key Login Page/Negative Case/Login Fail - Button 1" status="PASSED">
         <system-out><![CDATA[2018-05-22 15:08:29 - [TEST_CASE][PASSED] - Test Cases/Bold Key Login Page/Negative Case/Login Fail - Button 1: Test Cases/Bold Key Login Page/Negative Case/Login Fail - Button 1

2018-05-22 15:08:29 - [TEST_STEP][PASSED] - Statement - If (openBrowser == false): null

2018-05-22 15:08:29 - [TEST_STEP][PASSED] - callTestCase: Call Test Case 'Test Cases/Bold Key Login Page/Login Action/Action Test Case' successfully

2018-05-22 15:08:29 - [TEST_CASE][PASSED] - Test Cases/Bold Key Login Page/Login Action/Action Test Case: Test Cases/Bold Key Login Page/Login Action/Action Test Case

2018-05-22 15:08:29 - [TEST_STEP][PASSED] - setText: Text 'console' is set on object 'Object Repository/BoldKey Login/Page_BOLD.Key - Login - BUTTON/input_txtusername'

2018-05-22 15:08:29 - [MESSAGE][PASSED] - Text 'console' is set on object 'Object Repository/BoldKey Login/Page_BOLD.Key - Login - BUTTON/input_txtusername'

2018-05-22 15:08:29 - [TEST_STEP][PASSED] - setText: Text 'PPP' is set on object 'Object Repository/BoldKey Login/Page_BOLD.Key - Login - BUTTON/input_txtpassword'

2018-05-22 15:08:30 - [MESSAGE][PASSED] - Text 'PPP' is set on object 'Object Repository/BoldKey Login/Page_BOLD.Key - Login - BUTTON/input_txtpassword'

2018-05-22 15:08:30 - [TEST_STEP][PASSED] - click: Object: 'Object Repository/BoldKey Login/Page_BOLD.Key - Login - BUTTON/button_LOGIN' is clicked on

2018-05-22 15:08:30 - [MESSAGE][PASSED] - Object: 'Object Repository/BoldKey Login/Page_BOLD.Key - Login - BUTTON/button_LOGIN' is clicked on

2018-05-22 15:08:30 - [MESSAGE][PASSED] - Call Test Case 'Test Cases/Bold Key Login Page/Login Action/Action Test Case' successfully

2018-05-22 15:08:30 - [TEST_STEP][PASSED] - Statement - switch (data_expectedresult.toString()): null

2018-05-22 15:08:30 - [TEST_STEP][PASSED] - Statement - Default: null

2018-05-22 15:08:30 - [TEST_STEP][PASSED] - Statement - If (username.trim() == "" || password == ""): null

2018-05-22 15:08:30 - [TEST_STEP][PASSED] - Statement - Else: null

2018-05-22 15:08:30 - [TEST_STEP][PASSED] - Statement - If (com.kms.katalon.core.webui.keyword.WebUiBuiltInKeywords.waitForElementVisible(com.kms.katalon.core.testobject.ObjectRepository.findTestObject(Object Repository/BoldKey Login/Page_BOLD.Key - Login - BUTTON/Page_BOLD.Key - Login (2)/Page_BOLD.Key - Login/invalid_message), 5)): null

2018-05-22 15:08:31 - [MESSAGE][PASSED] - Object 'Object Repository/BoldKey Login/Page_BOLD.Key - Login - BUTTON/Page_BOLD.Key - Login (2)/Page_BOLD.Key - Login/invalid_message' is visible

2018-05-22 15:08:31 - [TEST_STEP][PASSED] - Statement - verifyErrorMsg = com.kms.katalon.core.webui.keyword.WebUiBuiltInKeywords.getText(com.kms.katalon.core.testobject.ObjectRepository.findTestObject(Object Repository/BoldKey Login/Page_BOLD.Key - Login - BUTTON/Page_BOLD.Key - Login (2)/Page_BOLD.Key - Login/invalid_message)): Text of object 'Object Repository/BoldKey Login/Page_BOLD.Key - Login - BUTTON/Page_BOLD.Key - Login (2)/Page_BOLD.Key - Login/invalid_message' is: 'Unable to login. Account has been locked out.'

2018-05-22 15:08:31 - [MESSAGE][PASSED] - Text of object 'Object Repository/BoldKey Login/Page_BOLD.Key - Login - BUTTON/Page_BOLD.Key - Login (2)/Page_BOLD.Key - Login/invalid_message' is: 'Unable to login. Account has been locked out.'

2018-05-22 15:08:31 - [TEST_STEP][PASSED] - Statement - invalidMsgAnd = false: null

2018-05-22 15:08:31 - [TEST_STEP][PASSED] - Statement - invalidMsgOr = false: null

2018-05-22 15:08:31 - [TEST_STEP][PASSED] - Statement - accountLock = false: null

2018-05-22 15:08:31 - [TEST_STEP][PASSED] - Statement - If (verifyErrorMsg.compareTo(server_message) == 0): null

2018-05-22 15:08:31 - [TEST_STEP][PASSED] - Statement - Else If (verifyErrorMsg.compareTo(server_message1) == 0): null

2018-05-22 15:08:31 - [TEST_STEP][PASSED] - Statement - Else If (verifyErrorMsg.compareTo(server_message2) == 0): null

2018-05-22 15:08:31 - [TEST_STEP][PASSED] - Statement - accountLock = true: null

2018-05-22 15:08:31 - [TEST_STEP][PASSED] - Statement - If (invalidMsgAnd == true || invalidMsgOr == true || accountLock == true): null

2018-05-22 15:08:31 - [TEST_STEP][PASSED] - delay: Delayed 2 second(s)

2018-05-22 15:08:33 - [MESSAGE][PASSED] - Delayed 2 second(s)

2018-05-22 15:08:33 - [TEST_STEP][PASSED] - refresh: Refresh successfully

2018-05-22 15:08:33 - [MESSAGE][PASSED] - Refresh successfully

2018-05-22 15:08:33 - [TEST_STEP][PASSED] - Statement - Break: null]]></system-out>
         <system-err><![CDATA[]]></system-err>
      </testcase>
      <system-out><![CDATA[2018-05-22 15:07:30 - [TEST_SUITE][PASSED] - BoldKey Login Page: Test Cases/Bold Key Login Page/Negative Case/Login Fail - Button 1]]></system-out>
      <system-err><![CDATA[]]></system-err>
   </testsuite>
</testsuites>
