<?xml version="1.0" encoding="UTF-8"?>
<testsuites name="BoldKey Login Page" time="78" tests="12" failures="0" errors="0">
   <testsuite name="BoldKey Login Page" tests="12" failures="0" errors="0" time="78" timestamp="2018-05-24 11:08:12" hostname="olivia.chong - Olivia0517.mk.macrokiosk.com" id="Test Suites/BoldKey Login Page">
      <properties>
         <property name="deviceName" value=""/>
         <property name="devicePlatform" value=""/>
         <property name="logFolder" value="C:\\Users\\olivia.chong\\Katalon Studio\\BoldKey\\Reports\\BoldKey Login Page\\20180524_110808"/>
         <property name="logFiles" value="C:\\Users\\olivia.chong\\Katalon Studio\\BoldKey\\Reports\\BoldKey Login Page\\20180524_110808\\execution0.log"/>
         <property name="attachments" value=""/>
         <property name="hostName" value="olivia.chong - Olivia0517.mk.macrokiosk.com"/>
         <property name="os" value="Windows 10 64bit"/>
         <property name="katalonVersion" value="5.4.1.1"/>
         <property name="browser" value="Chrome 66.0.3359.139"/>
         <property name="hostAddress" value="192.168.2.72"/>
         <property name="sessionId" value="18e30fef3391a3bea9802c4ea39f6d6e"/>
         <property name="seleniumVersion" value="3.7.1"/>
         <property name="proxyInformation" value="ProxyInformation{proxyOption=NO_PROXY, proxyServerType=HTTP, password=, proxyServerAddress=, proxyServerPort=0}"/>
         <property name="platform" value="Windows 10"/>
      </properties>
      <testcase name="Test Cases/Bold Key Login Page/Positive Case/Login Success - Button" classname="Test Cases/Bold Key Login Page/Positive Case/Login Success - Button" status="PASSED">
         <system-out><![CDATA[2018-05-24 11:08:13 - [TEST_CASE][PASSED] - Test Cases/Bold Key Login Page/Positive Case/Login Success - Button: Test Cases/Bold Key Login Page/Positive Case/Login Success - Button

2018-05-24 11:08:14 - [TEST_STEP][PASSED] - Statement - If (openBrowser == false): Call Test Case 'Test Cases/Bold Key Login Page/Open Browser' successfully

2018-05-24 11:08:14 - [TEST_STEP][PASSED] - callTestCase: Call Test Case 'Test Cases/Bold Key Login Page/Open Browser' successfully

2018-05-24 11:08:15 - [TEST_CASE][PASSED] - Test Cases/Bold Key Login Page/Open Browser: Test Cases/Bold Key Login Page/Open Browser

2018-05-24 11:08:15 - [TEST_STEP][PASSED] - openBrowser: Browser is opened with url: ''

2018-05-24 11:08:20 - [MESSAGE][PASSED] - Browser is opened with url: ''

2018-05-24 11:08:20 - [TEST_STEP][PASSED] - navigateToUrl: Navigate to 'http://sit.boldkey.cc/Web/login' successfully

2018-05-24 11:08:28 - [MESSAGE][PASSED] - Navigate to 'http://sit.boldkey.cc/Web/login' successfully

2018-05-24 11:08:28 - [TEST_STEP][PASSED] - Statement - openBrowser = true: null

2018-05-24 11:08:28 - [MESSAGE][PASSED] - Call Test Case 'Test Cases/Bold Key Login Page/Open Browser' successfully

2018-05-24 11:08:28 - [TEST_STEP][PASSED] - callTestCase: Call Test Case 'Test Cases/Bold Key Login Page/Login Action/Action Test Case' successfully

2018-05-24 11:08:28 - [TEST_CASE][PASSED] - Test Cases/Bold Key Login Page/Login Action/Action Test Case: Test Cases/Bold Key Login Page/Login Action/Action Test Case

2018-05-24 11:08:29 - [TEST_STEP][PASSED] - setText: Text 'cwpreflat' is set on object 'Object Repository/BoldKey Login/Page_BOLD.Key - Login - BUTTON/input_txtusername'

2018-05-24 11:08:29 - [MESSAGE][PASSED] - Text 'cwpreflat' is set on object 'Object Repository/BoldKey Login/Page_BOLD.Key - Login - BUTTON/input_txtusername'

2018-05-24 11:08:29 - [TEST_STEP][PASSED] - setText: Text 'P@55word' is set on object 'Object Repository/BoldKey Login/Page_BOLD.Key - Login - BUTTON/input_txtpassword'

2018-05-24 11:08:30 - [MESSAGE][PASSED] - Text 'P@55word' is set on object 'Object Repository/BoldKey Login/Page_BOLD.Key - Login - BUTTON/input_txtpassword'

2018-05-24 11:08:30 - [TEST_STEP][PASSED] - click: Object: 'Object Repository/BoldKey Login/Page_BOLD.Key - Login - BUTTON/button_LOGIN' is clicked on

2018-05-24 11:08:30 - [MESSAGE][PASSED] - Object: 'Object Repository/BoldKey Login/Page_BOLD.Key - Login - BUTTON/button_LOGIN' is clicked on

2018-05-24 11:08:30 - [MESSAGE][PASSED] - Call Test Case 'Test Cases/Bold Key Login Page/Login Action/Action Test Case' successfully

2018-05-24 11:08:30 - [TEST_STEP][PASSED] - waitForElementVisible: Object 'Object Repository/BoldKey Login/Page_BOLD.Key - Login - BUTTON/Page_ (1)/login name' is visible

2018-05-24 11:08:39 - [MESSAGE][PASSED] - Object 'Object Repository/BoldKey Login/Page_BOLD.Key - Login - BUTTON/Page_ (1)/login name' is visible

2018-05-24 11:08:39 - [TEST_STEP][PASSED] - callTestCase: Call Test Case 'Test Cases/Bold Key Login Page/Logout/Logout - Yes' successfully

2018-05-24 11:08:39 - [TEST_CASE][PASSED] - Test Cases/Bold Key Login Page/Logout/Logout - Yes: Test Cases/Bold Key Login Page/Logout/Logout - Yes

2018-05-24 11:08:40 - [TEST_STEP][PASSED] - waitForElementVisible: Object 'Object Repository/BoldKey Login/Page_BOLD.Key - Login - BUTTON/Page_ (3)/username_link' is visible

2018-05-24 11:08:40 - [MESSAGE][PASSED] - Object 'Object Repository/BoldKey Login/Page_BOLD.Key - Login - BUTTON/Page_ (3)/username_link' is visible

2018-05-24 11:08:40 - [TEST_STEP][PASSED] - click: Object: 'Object Repository/BoldKey Login/Page_BOLD.Key - Login - BUTTON/Page_ (3)/username_link' is clicked on

2018-05-24 11:08:40 - [MESSAGE][PASSED] - Object: 'Object Repository/BoldKey Login/Page_BOLD.Key - Login - BUTTON/Page_ (3)/username_link' is clicked on

2018-05-24 11:08:40 - [TEST_STEP][PASSED] - click: Object: 'Object Repository/BoldKey Login/Page_BOLD.Key - Login - BUTTON/Page_ (3)/btn_logout' is clicked on

2018-05-24 11:08:40 - [MESSAGE][PASSED] - Object: 'Object Repository/BoldKey Login/Page_BOLD.Key - Login - BUTTON/Page_ (3)/btn_logout' is clicked on

2018-05-24 11:08:40 - [TEST_STEP][PASSED] - waitForElementVisible: Object 'Object Repository/BoldKey Login/Page_BOLD.Key - Login - BUTTON/Page_ (3)/btn_yes' is visible

2018-05-24 11:08:40 - [MESSAGE][PASSED] - Object 'Object Repository/BoldKey Login/Page_BOLD.Key - Login - BUTTON/Page_ (3)/btn_yes' is visible

2018-05-24 11:08:40 - [TEST_STEP][PASSED] - click: Object: 'Object Repository/BoldKey Login/Page_BOLD.Key - Login - BUTTON/Page_ (3)/btn_yes' is clicked on

2018-05-24 11:08:41 - [MESSAGE][PASSED] - Object: 'Object Repository/BoldKey Login/Page_BOLD.Key - Login - BUTTON/Page_ (3)/btn_yes' is clicked on

2018-05-24 11:08:41 - [MESSAGE][PASSED] - Call Test Case 'Test Cases/Bold Key Login Page/Logout/Logout - Yes' successfully]]></system-out>
         <system-err><![CDATA[]]></system-err>
      </testcase>
      <testcase name="Test Cases/Bold Key Login Page/Negative Case/Login Fail - Button 1" classname="Test Cases/Bold Key Login Page/Negative Case/Login Fail - Button 1" status="PASSED">
         <system-out><![CDATA[2018-05-24 11:08:41 - [TEST_CASE][PASSED] - Test Cases/Bold Key Login Page/Negative Case/Login Fail - Button 1: Test Cases/Bold Key Login Page/Negative Case/Login Fail - Button 1

2018-05-24 11:08:42 - [TEST_STEP][PASSED] - Statement - If (openBrowser == false): null

2018-05-24 11:08:42 - [TEST_STEP][PASSED] - callTestCase: Call Test Case 'Test Cases/Bold Key Login Page/Login Action/Action Test Case' successfully

2018-05-24 11:08:42 - [TEST_CASE][PASSED] - Test Cases/Bold Key Login Page/Login Action/Action Test Case: Test Cases/Bold Key Login Page/Login Action/Action Test Case

2018-05-24 11:08:43 - [TEST_STEP][PASSED] - setText: Text 'cwpreee' is set on object 'Object Repository/BoldKey Login/Page_BOLD.Key - Login - BUTTON/input_txtusername'

2018-05-24 11:08:43 - [MESSAGE][PASSED] - Text 'cwpreee' is set on object 'Object Repository/BoldKey Login/Page_BOLD.Key - Login - BUTTON/input_txtusername'

2018-05-24 11:08:43 - [TEST_STEP][PASSED] - setText: Text 'P@55word' is set on object 'Object Repository/BoldKey Login/Page_BOLD.Key - Login - BUTTON/input_txtpassword'

2018-05-24 11:08:44 - [MESSAGE][PASSED] - Text 'P@55word' is set on object 'Object Repository/BoldKey Login/Page_BOLD.Key - Login - BUTTON/input_txtpassword'

2018-05-24 11:08:44 - [TEST_STEP][PASSED] - click: Object: 'Object Repository/BoldKey Login/Page_BOLD.Key - Login - BUTTON/button_LOGIN' is clicked on

2018-05-24 11:08:44 - [MESSAGE][PASSED] - Object: 'Object Repository/BoldKey Login/Page_BOLD.Key - Login - BUTTON/button_LOGIN' is clicked on

2018-05-24 11:08:44 - [MESSAGE][PASSED] - Call Test Case 'Test Cases/Bold Key Login Page/Login Action/Action Test Case' successfully

2018-05-24 11:08:44 - [TEST_STEP][PASSED] - Statement - switch (data_expectedresult.toString()): null

2018-05-24 11:08:44 - [TEST_STEP][PASSED] - Statement - Default: null

2018-05-24 11:08:44 - [TEST_STEP][PASSED] - Statement - If (username.trim() == "" || password == ""): null

2018-05-24 11:08:44 - [TEST_STEP][PASSED] - Statement - Else: null

2018-05-24 11:08:44 - [TEST_STEP][PASSED] - Statement - invalidUser = false: null

2018-05-24 11:08:44 - [TEST_STEP][PASSED] - Statement - accountLocked = false: null

2018-05-24 11:08:44 - [TEST_STEP][PASSED] - Statement - serverMsg = "": null

2018-05-24 11:08:44 - [TEST_STEP][PASSED] - Statement - If (com.kms.katalon.core.webui.keyword.WebUiBuiltInKeywords.waitForElementVisible(com.kms.katalon.core.testobject.ObjectRepository.findTestObject(Object Repository/BoldKey Login/Page_BOLD.Key - Login - BUTTON/Page_BOLD.Key - Login (2)/Page_BOLD.Key - Login/invalid_message), 10)): null

2018-05-24 11:08:44 - [MESSAGE][PASSED] - Object 'Object Repository/BoldKey Login/Page_BOLD.Key - Login - BUTTON/Page_BOLD.Key - Login (2)/Page_BOLD.Key - Login/invalid_message' is visible

2018-05-24 11:08:44 - [TEST_STEP][PASSED] - Statement - serverMsg = com.kms.katalon.core.webui.keyword.WebUiBuiltInKeywords.getText(com.kms.katalon.core.testobject.ObjectRepository.findTestObject(Object Repository/BoldKey Login/Page_BOLD.Key - Login - BUTTON/Page_BOLD.Key - Login (2)/Page_BOLD.Key - Login/invalid_message)): Text of object 'Object Repository/BoldKey Login/Page_BOLD.Key - Login - BUTTON/Page_BOLD.Key - Login (2)/Page_BOLD.Key - Login/invalid_message' is: 'Invalid username and password.'

2018-05-24 11:08:44 - [MESSAGE][PASSED] - Text of object 'Object Repository/BoldKey Login/Page_BOLD.Key - Login - BUTTON/Page_BOLD.Key - Login (2)/Page_BOLD.Key - Login/invalid_message' is: 'Invalid username and password.'

2018-05-24 11:08:44 - [TEST_STEP][PASSED] - Statement - If (serverMsg.compareTo(server_message) == 0): null

2018-05-24 11:08:44 - [TEST_STEP][PASSED] - Statement - Else If (serverMsg.compareTo(server_message1) == 0): null

2018-05-24 11:08:44 - [TEST_STEP][PASSED] - Statement - invalidUser = true: null

2018-05-24 11:08:44 - [TEST_STEP][PASSED] - Statement - If (invalidUser == true || accountLocked == true): null

2018-05-24 11:08:44 - [TEST_STEP][PASSED] - delay: Delayed 2 second(s)

2018-05-24 11:08:46 - [MESSAGE][PASSED] - Delayed 2 second(s)

2018-05-24 11:08:46 - [TEST_STEP][PASSED] - refresh: Refresh successfully

2018-05-24 11:08:47 - [MESSAGE][PASSED] - Refresh successfully

2018-05-24 11:08:47 - [TEST_STEP][PASSED] - Statement - Break: null]]></system-out>
         <system-err><![CDATA[]]></system-err>
      </testcase>
      <testcase name="Test Cases/Bold Key Login Page/Negative Case/Login Fail - Button 1" classname="Test Cases/Bold Key Login Page/Negative Case/Login Fail - Button 1" status="PASSED">
         <system-out><![CDATA[2018-05-24 11:08:47 - [TEST_CASE][PASSED] - Test Cases/Bold Key Login Page/Negative Case/Login Fail - Button 1: Test Cases/Bold Key Login Page/Negative Case/Login Fail - Button 1

2018-05-24 11:08:47 - [TEST_STEP][PASSED] - Statement - If (openBrowser == false): null

2018-05-24 11:08:47 - [TEST_STEP][PASSED] - callTestCase: Call Test Case 'Test Cases/Bold Key Login Page/Login Action/Action Test Case' successfully

2018-05-24 11:08:47 - [TEST_CASE][PASSED] - Test Cases/Bold Key Login Page/Login Action/Action Test Case: Test Cases/Bold Key Login Page/Login Action/Action Test Case

2018-05-24 11:08:47 - [TEST_STEP][PASSED] - setText: Text 'cwpreflat' is set on object 'Object Repository/BoldKey Login/Page_BOLD.Key - Login - BUTTON/input_txtusername'

2018-05-24 11:08:48 - [MESSAGE][PASSED] - Text 'cwpreflat' is set on object 'Object Repository/BoldKey Login/Page_BOLD.Key - Login - BUTTON/input_txtusername'

2018-05-24 11:08:48 - [TEST_STEP][PASSED] - setText: Text 'P@55wor' is set on object 'Object Repository/BoldKey Login/Page_BOLD.Key - Login - BUTTON/input_txtpassword'

2018-05-24 11:08:48 - [MESSAGE][PASSED] - Text 'P@55wor' is set on object 'Object Repository/BoldKey Login/Page_BOLD.Key - Login - BUTTON/input_txtpassword'

2018-05-24 11:08:48 - [TEST_STEP][PASSED] - click: Object: 'Object Repository/BoldKey Login/Page_BOLD.Key - Login - BUTTON/button_LOGIN' is clicked on

2018-05-24 11:08:48 - [MESSAGE][PASSED] - Object: 'Object Repository/BoldKey Login/Page_BOLD.Key - Login - BUTTON/button_LOGIN' is clicked on

2018-05-24 11:08:48 - [MESSAGE][PASSED] - Call Test Case 'Test Cases/Bold Key Login Page/Login Action/Action Test Case' successfully

2018-05-24 11:08:48 - [TEST_STEP][PASSED] - Statement - switch (data_expectedresult.toString()): null

2018-05-24 11:08:48 - [TEST_STEP][PASSED] - Statement - Default: null

2018-05-24 11:08:48 - [TEST_STEP][PASSED] - Statement - If (username.trim() == "" || password == ""): null

2018-05-24 11:08:48 - [TEST_STEP][PASSED] - Statement - Else: null

2018-05-24 11:08:48 - [TEST_STEP][PASSED] - Statement - invalidUser = false: null

2018-05-24 11:08:48 - [TEST_STEP][PASSED] - Statement - accountLocked = false: null

2018-05-24 11:08:48 - [TEST_STEP][PASSED] - Statement - serverMsg = "": null

2018-05-24 11:08:48 - [TEST_STEP][PASSED] - Statement - If (com.kms.katalon.core.webui.keyword.WebUiBuiltInKeywords.waitForElementVisible(com.kms.katalon.core.testobject.ObjectRepository.findTestObject(Object Repository/BoldKey Login/Page_BOLD.Key - Login - BUTTON/Page_BOLD.Key - Login (2)/Page_BOLD.Key - Login/invalid_message), 10)): null

2018-05-24 11:08:49 - [MESSAGE][PASSED] - Object 'Object Repository/BoldKey Login/Page_BOLD.Key - Login - BUTTON/Page_BOLD.Key - Login (2)/Page_BOLD.Key - Login/invalid_message' is visible

2018-05-24 11:08:49 - [TEST_STEP][PASSED] - Statement - serverMsg = com.kms.katalon.core.webui.keyword.WebUiBuiltInKeywords.getText(com.kms.katalon.core.testobject.ObjectRepository.findTestObject(Object Repository/BoldKey Login/Page_BOLD.Key - Login - BUTTON/Page_BOLD.Key - Login (2)/Page_BOLD.Key - Login/invalid_message)): Text of object 'Object Repository/BoldKey Login/Page_BOLD.Key - Login - BUTTON/Page_BOLD.Key - Login (2)/Page_BOLD.Key - Login/invalid_message' is: 'Invalid username or password.'

2018-05-24 11:08:49 - [MESSAGE][PASSED] - Text of object 'Object Repository/BoldKey Login/Page_BOLD.Key - Login - BUTTON/Page_BOLD.Key - Login (2)/Page_BOLD.Key - Login/invalid_message' is: 'Invalid username or password.'

2018-05-24 11:08:49 - [TEST_STEP][PASSED] - Statement - If (serverMsg.compareTo(server_message) == 0): null

2018-05-24 11:08:49 - [TEST_STEP][PASSED] - Statement - invalidUser = true: null

2018-05-24 11:08:49 - [TEST_STEP][PASSED] - Statement - If (invalidUser == true || accountLocked == true): null

2018-05-24 11:08:49 - [TEST_STEP][PASSED] - delay: Delayed 2 second(s)

2018-05-24 11:08:51 - [MESSAGE][PASSED] - Delayed 2 second(s)

2018-05-24 11:08:51 - [TEST_STEP][PASSED] - refresh: Refresh successfully

2018-05-24 11:08:51 - [MESSAGE][PASSED] - Refresh successfully

2018-05-24 11:08:51 - [TEST_STEP][PASSED] - Statement - Break: null]]></system-out>
         <system-err><![CDATA[]]></system-err>
      </testcase>
      <testcase name="Test Cases/Bold Key Login Page/Negative Case/Login Fail - Button 1" classname="Test Cases/Bold Key Login Page/Negative Case/Login Fail - Button 1" status="PASSED">
         <system-out><![CDATA[2018-05-24 11:08:51 - [TEST_CASE][PASSED] - Test Cases/Bold Key Login Page/Negative Case/Login Fail - Button 1: Test Cases/Bold Key Login Page/Negative Case/Login Fail - Button 1

2018-05-24 11:08:52 - [TEST_STEP][PASSED] - Statement - If (openBrowser == false): null

2018-05-24 11:08:52 - [TEST_STEP][PASSED] - callTestCase: Call Test Case 'Test Cases/Bold Key Login Page/Login Action/Action Test Case' successfully

2018-05-24 11:08:52 - [TEST_CASE][PASSED] - Test Cases/Bold Key Login Page/Login Action/Action Test Case: Test Cases/Bold Key Login Page/Login Action/Action Test Case

2018-05-24 11:08:52 - [TEST_STEP][PASSED] - setText: Text 'cwpreee' is set on object 'Object Repository/BoldKey Login/Page_BOLD.Key - Login - BUTTON/input_txtusername'

2018-05-24 11:08:52 - [MESSAGE][PASSED] - Text 'cwpreee' is set on object 'Object Repository/BoldKey Login/Page_BOLD.Key - Login - BUTTON/input_txtusername'

2018-05-24 11:08:52 - [TEST_STEP][PASSED] - setText: Text 'P@55wor' is set on object 'Object Repository/BoldKey Login/Page_BOLD.Key - Login - BUTTON/input_txtpassword'

2018-05-24 11:08:52 - [MESSAGE][PASSED] - Text 'P@55wor' is set on object 'Object Repository/BoldKey Login/Page_BOLD.Key - Login - BUTTON/input_txtpassword'

2018-05-24 11:08:52 - [TEST_STEP][PASSED] - click: Object: 'Object Repository/BoldKey Login/Page_BOLD.Key - Login - BUTTON/button_LOGIN' is clicked on

2018-05-24 11:08:53 - [MESSAGE][PASSED] - Object: 'Object Repository/BoldKey Login/Page_BOLD.Key - Login - BUTTON/button_LOGIN' is clicked on

2018-05-24 11:08:53 - [MESSAGE][PASSED] - Call Test Case 'Test Cases/Bold Key Login Page/Login Action/Action Test Case' successfully

2018-05-24 11:08:53 - [TEST_STEP][PASSED] - Statement - switch (data_expectedresult.toString()): null

2018-05-24 11:08:53 - [TEST_STEP][PASSED] - Statement - Default: null

2018-05-24 11:08:53 - [TEST_STEP][PASSED] - Statement - If (username.trim() == "" || password == ""): null

2018-05-24 11:08:53 - [TEST_STEP][PASSED] - Statement - Else: null

2018-05-24 11:08:53 - [TEST_STEP][PASSED] - Statement - invalidUser = false: null

2018-05-24 11:08:53 - [TEST_STEP][PASSED] - Statement - accountLocked = false: null

2018-05-24 11:08:53 - [TEST_STEP][PASSED] - Statement - serverMsg = "": null

2018-05-24 11:08:53 - [TEST_STEP][PASSED] - Statement - If (com.kms.katalon.core.webui.keyword.WebUiBuiltInKeywords.waitForElementVisible(com.kms.katalon.core.testobject.ObjectRepository.findTestObject(Object Repository/BoldKey Login/Page_BOLD.Key - Login - BUTTON/Page_BOLD.Key - Login (2)/Page_BOLD.Key - Login/invalid_message), 10)): null

2018-05-24 11:08:53 - [MESSAGE][PASSED] - Object 'Object Repository/BoldKey Login/Page_BOLD.Key - Login - BUTTON/Page_BOLD.Key - Login (2)/Page_BOLD.Key - Login/invalid_message' is visible

2018-05-24 11:08:53 - [TEST_STEP][PASSED] - Statement - serverMsg = com.kms.katalon.core.webui.keyword.WebUiBuiltInKeywords.getText(com.kms.katalon.core.testobject.ObjectRepository.findTestObject(Object Repository/BoldKey Login/Page_BOLD.Key - Login - BUTTON/Page_BOLD.Key - Login (2)/Page_BOLD.Key - Login/invalid_message)): Text of object 'Object Repository/BoldKey Login/Page_BOLD.Key - Login - BUTTON/Page_BOLD.Key - Login (2)/Page_BOLD.Key - Login/invalid_message' is: 'Invalid username and password.'

2018-05-24 11:08:53 - [MESSAGE][PASSED] - Text of object 'Object Repository/BoldKey Login/Page_BOLD.Key - Login - BUTTON/Page_BOLD.Key - Login (2)/Page_BOLD.Key - Login/invalid_message' is: 'Invalid username and password.'

2018-05-24 11:08:53 - [TEST_STEP][PASSED] - Statement - If (serverMsg.compareTo(server_message) == 0): null

2018-05-24 11:08:53 - [TEST_STEP][PASSED] - Statement - Else If (serverMsg.compareTo(server_message1) == 0): null

2018-05-24 11:08:53 - [TEST_STEP][PASSED] - Statement - invalidUser = true: null

2018-05-24 11:08:53 - [TEST_STEP][PASSED] - Statement - If (invalidUser == true || accountLocked == true): null

2018-05-24 11:08:53 - [TEST_STEP][PASSED] - delay: Delayed 2 second(s)

2018-05-24 11:08:55 - [MESSAGE][PASSED] - Delayed 2 second(s)

2018-05-24 11:08:55 - [TEST_STEP][PASSED] - refresh: Refresh successfully

2018-05-24 11:08:55 - [MESSAGE][PASSED] - Refresh successfully

2018-05-24 11:08:55 - [TEST_STEP][PASSED] - Statement - Break: null]]></system-out>
         <system-err><![CDATA[]]></system-err>
      </testcase>
      <testcase name="Test Cases/Bold Key Login Page/Negative Case/Login Fail - Button 1" classname="Test Cases/Bold Key Login Page/Negative Case/Login Fail - Button 1" status="PASSED">
         <system-out><![CDATA[2018-05-24 11:08:55 - [TEST_CASE][PASSED] - Test Cases/Bold Key Login Page/Negative Case/Login Fail - Button 1: Test Cases/Bold Key Login Page/Negative Case/Login Fail - Button 1

2018-05-24 11:08:55 - [TEST_STEP][PASSED] - Statement - If (openBrowser == false): null

2018-05-24 11:08:55 - [TEST_STEP][PASSED] - callTestCase: Call Test Case 'Test Cases/Bold Key Login Page/Login Action/Action Test Case' successfully

2018-05-24 11:08:55 - [TEST_CASE][PASSED] - Test Cases/Bold Key Login Page/Login Action/Action Test Case: Test Cases/Bold Key Login Page/Login Action/Action Test Case

2018-05-24 11:08:55 - [TEST_STEP][PASSED] - setText: Text '' is set on object 'Object Repository/BoldKey Login/Page_BOLD.Key - Login - BUTTON/input_txtusername'

2018-05-24 11:08:56 - [MESSAGE][PASSED] - Text '' is set on object 'Object Repository/BoldKey Login/Page_BOLD.Key - Login - BUTTON/input_txtusername'

2018-05-24 11:08:56 - [TEST_STEP][PASSED] - setText: Text 'P@55word' is set on object 'Object Repository/BoldKey Login/Page_BOLD.Key - Login - BUTTON/input_txtpassword'

2018-05-24 11:08:56 - [MESSAGE][PASSED] - Text 'P@55word' is set on object 'Object Repository/BoldKey Login/Page_BOLD.Key - Login - BUTTON/input_txtpassword'

2018-05-24 11:08:56 - [TEST_STEP][PASSED] - click: Object: 'Object Repository/BoldKey Login/Page_BOLD.Key - Login - BUTTON/button_LOGIN' is clicked on

2018-05-24 11:08:56 - [MESSAGE][PASSED] - Object: 'Object Repository/BoldKey Login/Page_BOLD.Key - Login - BUTTON/button_LOGIN' is clicked on

2018-05-24 11:08:56 - [MESSAGE][PASSED] - Call Test Case 'Test Cases/Bold Key Login Page/Login Action/Action Test Case' successfully

2018-05-24 11:08:56 - [TEST_STEP][PASSED] - Statement - switch (data_expectedresult.toString()): null

2018-05-24 11:08:56 - [TEST_STEP][PASSED] - Statement - Default: null

2018-05-24 11:08:56 - [TEST_STEP][PASSED] - Statement - If (username.trim() == "" || password == ""): null

2018-05-24 11:08:56 - [TEST_STEP][PASSED] - Statement - emptyUsername = false: null

2018-05-24 11:08:56 - [TEST_STEP][PASSED] - Statement - emptyPassword = false: null

2018-05-24 11:08:56 - [TEST_STEP][PASSED] - Statement - verifyUsername = "": null

2018-05-24 11:08:56 - [TEST_STEP][PASSED] - Statement - verifyPassword = "": null

2018-05-24 11:08:56 - [TEST_STEP][PASSED] - Statement - If (com.kms.katalon.core.webui.keyword.WebUiBuiltInKeywords.waitForElementVisible(com.kms.katalon.core.testobject.ObjectRepository.findTestObject(Object Repository/BoldKey Login/Page_BOLD.Key - Login - BUTTON/Page_BOLD.Key - Login (2)/username_message), 5)): null

2018-05-24 11:08:57 - [MESSAGE][PASSED] - Object 'Object Repository/BoldKey Login/Page_BOLD.Key - Login - BUTTON/Page_BOLD.Key - Login (2)/username_message' is visible

2018-05-24 11:08:57 - [TEST_STEP][PASSED] - Statement - verifyUsername = com.kms.katalon.core.webui.keyword.WebUiBuiltInKeywords.getText(com.kms.katalon.core.testobject.ObjectRepository.findTestObject(Object Repository/BoldKey Login/Page_BOLD.Key - Login - BUTTON/Page_BOLD.Key - Login (2)/username_message)): Text of object 'Object Repository/BoldKey Login/Page_BOLD.Key - Login - BUTTON/Page_BOLD.Key - Login (2)/username_message' is: 'The username field is required.'

2018-05-24 11:08:57 - [MESSAGE][PASSED] - Text of object 'Object Repository/BoldKey Login/Page_BOLD.Key - Login - BUTTON/Page_BOLD.Key - Login (2)/username_message' is: 'The username field is required.'

2018-05-24 11:08:57 - [TEST_STEP][PASSED] - verifyMatch: Actual text 'The username field is required.' and expected text 'The username field is required.' are matched  using regular expression

2018-05-24 11:08:57 - [MESSAGE][PASSED] - Actual text 'The username field is required.' and expected text 'The username field is required.' are matched  using regular expression

2018-05-24 11:08:57 - [TEST_STEP][PASSED] - Statement - emptyUsername = true: null

2018-05-24 11:08:57 - [TEST_STEP][PASSED] - Statement - If (emptyUsername == true || emptyPassword == true): null

2018-05-24 11:08:57 - [TEST_STEP][PASSED] - delay: Delayed 2 second(s)

2018-05-24 11:08:59 - [MESSAGE][PASSED] - Delayed 2 second(s)

2018-05-24 11:08:59 - [TEST_STEP][PASSED] - refresh: Refresh successfully

2018-05-24 11:08:59 - [MESSAGE][PASSED] - Refresh successfully

2018-05-24 11:08:59 - [TEST_STEP][PASSED] - Statement - Break: null]]></system-out>
         <system-err><![CDATA[]]></system-err>
      </testcase>
      <testcase name="Test Cases/Bold Key Login Page/Negative Case/Login Fail - Button 1" classname="Test Cases/Bold Key Login Page/Negative Case/Login Fail - Button 1" status="PASSED">
         <system-out><![CDATA[2018-05-24 11:08:59 - [TEST_CASE][PASSED] - Test Cases/Bold Key Login Page/Negative Case/Login Fail - Button 1: Test Cases/Bold Key Login Page/Negative Case/Login Fail - Button 1

2018-05-24 11:08:59 - [TEST_STEP][PASSED] - Statement - If (openBrowser == false): null

2018-05-24 11:08:59 - [TEST_STEP][PASSED] - callTestCase: Call Test Case 'Test Cases/Bold Key Login Page/Login Action/Action Test Case' successfully

2018-05-24 11:08:59 - [TEST_CASE][PASSED] - Test Cases/Bold Key Login Page/Login Action/Action Test Case: Test Cases/Bold Key Login Page/Login Action/Action Test Case

2018-05-24 11:08:59 - [TEST_STEP][PASSED] - setText: Text 'cwpreflat' is set on object 'Object Repository/BoldKey Login/Page_BOLD.Key - Login - BUTTON/input_txtusername'

2018-05-24 11:09:00 - [MESSAGE][PASSED] - Text 'cwpreflat' is set on object 'Object Repository/BoldKey Login/Page_BOLD.Key - Login - BUTTON/input_txtusername'

2018-05-24 11:09:00 - [TEST_STEP][PASSED] - setText: Text '' is set on object 'Object Repository/BoldKey Login/Page_BOLD.Key - Login - BUTTON/input_txtpassword'

2018-05-24 11:09:00 - [MESSAGE][PASSED] - Text '' is set on object 'Object Repository/BoldKey Login/Page_BOLD.Key - Login - BUTTON/input_txtpassword'

2018-05-24 11:09:00 - [TEST_STEP][PASSED] - click: Object: 'Object Repository/BoldKey Login/Page_BOLD.Key - Login - BUTTON/button_LOGIN' is clicked on

2018-05-24 11:09:01 - [MESSAGE][PASSED] - Object: 'Object Repository/BoldKey Login/Page_BOLD.Key - Login - BUTTON/button_LOGIN' is clicked on

2018-05-24 11:09:01 - [MESSAGE][PASSED] - Call Test Case 'Test Cases/Bold Key Login Page/Login Action/Action Test Case' successfully

2018-05-24 11:09:01 - [TEST_STEP][PASSED] - Statement - switch (data_expectedresult.toString()): null

2018-05-24 11:09:01 - [TEST_STEP][PASSED] - Statement - Default: null

2018-05-24 11:09:01 - [TEST_STEP][PASSED] - Statement - If (username.trim() == "" || password == ""): null

2018-05-24 11:09:01 - [TEST_STEP][PASSED] - Statement - emptyUsername = false: null

2018-05-24 11:09:01 - [TEST_STEP][PASSED] - Statement - emptyPassword = false: null

2018-05-24 11:09:01 - [TEST_STEP][PASSED] - Statement - verifyUsername = "": null

2018-05-24 11:09:01 - [TEST_STEP][PASSED] - Statement - verifyPassword = "": null

2018-05-24 11:09:01 - [TEST_STEP][PASSED] - Statement - If (com.kms.katalon.core.webui.keyword.WebUiBuiltInKeywords.waitForElementVisible(com.kms.katalon.core.testobject.ObjectRepository.findTestObject(Object Repository/BoldKey Login/Page_BOLD.Key - Login - BUTTON/Page_BOLD.Key - Login (2)/username_message), 5)): Object 'Object Repository/BoldKey Login/Page_BOLD.Key - Login - BUTTON/Page_BOLD.Key - Login (2)/password_message' is visible

2018-05-24 11:09:06 - [MESSAGE][WARNING] - Object 'Object Repository/BoldKey Login/Page_BOLD.Key - Login - BUTTON/Page_BOLD.Key - Login (2)/username_message' is not visible after 5 second(s)

2018-05-24 11:09:06 - [MESSAGE][PASSED] - Object 'Object Repository/BoldKey Login/Page_BOLD.Key - Login - BUTTON/Page_BOLD.Key - Login (2)/password_message' is visible

2018-05-24 11:09:06 - [TEST_STEP][PASSED] - Statement - Else If (com.kms.katalon.core.webui.keyword.WebUiBuiltInKeywords.waitForElementVisible(com.kms.katalon.core.testobject.ObjectRepository.findTestObject(Object Repository/BoldKey Login/Page_BOLD.Key - Login - BUTTON/Page_BOLD.Key - Login (2)/password_message), 5)): null

2018-05-24 11:09:06 - [TEST_STEP][PASSED] - Statement - verifyPassword = com.kms.katalon.core.webui.keyword.WebUiBuiltInKeywords.getText(com.kms.katalon.core.testobject.ObjectRepository.findTestObject(Object Repository/BoldKey Login/Page_BOLD.Key - Login - BUTTON/Page_BOLD.Key - Login (2)/password_message)): Text of object 'Object Repository/BoldKey Login/Page_BOLD.Key - Login - BUTTON/Page_BOLD.Key - Login (2)/password_message' is: 'The password field is required.'

2018-05-24 11:09:06 - [MESSAGE][PASSED] - Text of object 'Object Repository/BoldKey Login/Page_BOLD.Key - Login - BUTTON/Page_BOLD.Key - Login (2)/password_message' is: 'The password field is required.'

2018-05-24 11:09:06 - [TEST_STEP][PASSED] - verifyMatch: Actual text 'The password field is required.' and expected text 'The password field is required.' are matched  using regular expression

2018-05-24 11:09:06 - [MESSAGE][PASSED] - Actual text 'The password field is required.' and expected text 'The password field is required.' are matched  using regular expression

2018-05-24 11:09:06 - [TEST_STEP][PASSED] - Statement - emptyPassword = true: null

2018-05-24 11:09:06 - [TEST_STEP][PASSED] - Statement - If (emptyUsername == true || emptyPassword == true): null

2018-05-24 11:09:06 - [TEST_STEP][PASSED] - delay: Delayed 2 second(s)

2018-05-24 11:09:08 - [MESSAGE][PASSED] - Delayed 2 second(s)

2018-05-24 11:09:08 - [TEST_STEP][PASSED] - refresh: Refresh successfully

2018-05-24 11:09:09 - [MESSAGE][PASSED] - Refresh successfully

2018-05-24 11:09:09 - [TEST_STEP][PASSED] - Statement - Break: null]]></system-out>
         <system-err><![CDATA[]]></system-err>
      </testcase>
      <testcase name="Test Cases/Bold Key Login Page/Negative Case/Login Fail - Button 1" classname="Test Cases/Bold Key Login Page/Negative Case/Login Fail - Button 1" status="PASSED">
         <system-out><![CDATA[2018-05-24 11:09:09 - [TEST_CASE][PASSED] - Test Cases/Bold Key Login Page/Negative Case/Login Fail - Button 1: Test Cases/Bold Key Login Page/Negative Case/Login Fail - Button 1

2018-05-24 11:09:09 - [TEST_STEP][PASSED] - Statement - If (openBrowser == false): null

2018-05-24 11:09:09 - [TEST_STEP][PASSED] - callTestCase: Call Test Case 'Test Cases/Bold Key Login Page/Login Action/Action Test Case' successfully

2018-05-24 11:09:09 - [TEST_CASE][PASSED] - Test Cases/Bold Key Login Page/Login Action/Action Test Case: Test Cases/Bold Key Login Page/Login Action/Action Test Case

2018-05-24 11:09:09 - [TEST_STEP][PASSED] - setText: Text '' is set on object 'Object Repository/BoldKey Login/Page_BOLD.Key - Login - BUTTON/input_txtusername'

2018-05-24 11:09:09 - [MESSAGE][PASSED] - Text '' is set on object 'Object Repository/BoldKey Login/Page_BOLD.Key - Login - BUTTON/input_txtusername'

2018-05-24 11:09:09 - [TEST_STEP][PASSED] - setText: Text '' is set on object 'Object Repository/BoldKey Login/Page_BOLD.Key - Login - BUTTON/input_txtpassword'

2018-05-24 11:09:10 - [MESSAGE][PASSED] - Text '' is set on object 'Object Repository/BoldKey Login/Page_BOLD.Key - Login - BUTTON/input_txtpassword'

2018-05-24 11:09:10 - [TEST_STEP][PASSED] - click: Object: 'Object Repository/BoldKey Login/Page_BOLD.Key - Login - BUTTON/button_LOGIN' is clicked on

2018-05-24 11:09:10 - [MESSAGE][PASSED] - Object: 'Object Repository/BoldKey Login/Page_BOLD.Key - Login - BUTTON/button_LOGIN' is clicked on

2018-05-24 11:09:10 - [MESSAGE][PASSED] - Call Test Case 'Test Cases/Bold Key Login Page/Login Action/Action Test Case' successfully

2018-05-24 11:09:10 - [TEST_STEP][PASSED] - Statement - switch (data_expectedresult.toString()): null

2018-05-24 11:09:10 - [TEST_STEP][PASSED] - Statement - Default: null

2018-05-24 11:09:10 - [TEST_STEP][PASSED] - Statement - If (username.trim() == "" || password == ""): null

2018-05-24 11:09:10 - [TEST_STEP][PASSED] - Statement - emptyUsername = false: null

2018-05-24 11:09:10 - [TEST_STEP][PASSED] - Statement - emptyPassword = false: null

2018-05-24 11:09:10 - [TEST_STEP][PASSED] - Statement - verifyUsername = "": null

2018-05-24 11:09:10 - [TEST_STEP][PASSED] - Statement - verifyPassword = "": null

2018-05-24 11:09:10 - [TEST_STEP][PASSED] - Statement - If (com.kms.katalon.core.webui.keyword.WebUiBuiltInKeywords.waitForElementVisible(com.kms.katalon.core.testobject.ObjectRepository.findTestObject(Object Repository/BoldKey Login/Page_BOLD.Key - Login - BUTTON/Page_BOLD.Key - Login (2)/username_message), 5)): null

2018-05-24 11:09:10 - [MESSAGE][PASSED] - Object 'Object Repository/BoldKey Login/Page_BOLD.Key - Login - BUTTON/Page_BOLD.Key - Login (2)/username_message' is visible

2018-05-24 11:09:10 - [TEST_STEP][PASSED] - Statement - verifyUsername = com.kms.katalon.core.webui.keyword.WebUiBuiltInKeywords.getText(com.kms.katalon.core.testobject.ObjectRepository.findTestObject(Object Repository/BoldKey Login/Page_BOLD.Key - Login - BUTTON/Page_BOLD.Key - Login (2)/username_message)): Text of object 'Object Repository/BoldKey Login/Page_BOLD.Key - Login - BUTTON/Page_BOLD.Key - Login (2)/username_message' is: 'The username field is required.'

2018-05-24 11:09:10 - [MESSAGE][PASSED] - Text of object 'Object Repository/BoldKey Login/Page_BOLD.Key - Login - BUTTON/Page_BOLD.Key - Login (2)/username_message' is: 'The username field is required.'

2018-05-24 11:09:10 - [TEST_STEP][PASSED] - verifyMatch: Actual text 'The username field is required.' and expected text 'The username field is required.' are matched  using regular expression

2018-05-24 11:09:10 - [MESSAGE][PASSED] - Actual text 'The username field is required.' and expected text 'The username field is required.' are matched  using regular expression

2018-05-24 11:09:10 - [TEST_STEP][PASSED] - Statement - emptyUsername = true: null

2018-05-24 11:09:10 - [TEST_STEP][PASSED] - Statement - If (emptyUsername == true || emptyPassword == true): null

2018-05-24 11:09:10 - [TEST_STEP][PASSED] - delay: Delayed 2 second(s)

2018-05-24 11:09:12 - [MESSAGE][PASSED] - Delayed 2 second(s)

2018-05-24 11:09:12 - [TEST_STEP][PASSED] - refresh: Refresh successfully

2018-05-24 11:09:13 - [MESSAGE][PASSED] - Refresh successfully

2018-05-24 11:09:13 - [TEST_STEP][PASSED] - Statement - Break: null]]></system-out>
         <system-err><![CDATA[]]></system-err>
      </testcase>
      <testcase name="Test Cases/Bold Key Login Page/Negative Case/Login Fail - Button 1" classname="Test Cases/Bold Key Login Page/Negative Case/Login Fail - Button 1" status="PASSED">
         <system-out><![CDATA[2018-05-24 11:09:13 - [TEST_CASE][PASSED] - Test Cases/Bold Key Login Page/Negative Case/Login Fail - Button 1: Test Cases/Bold Key Login Page/Negative Case/Login Fail - Button 1

2018-05-24 11:09:13 - [TEST_STEP][PASSED] - Statement - If (openBrowser == false): null

2018-05-24 11:09:13 - [TEST_STEP][PASSED] - callTestCase: Call Test Case 'Test Cases/Bold Key Login Page/Login Action/Action Test Case' successfully

2018-05-24 11:09:13 - [TEST_CASE][PASSED] - Test Cases/Bold Key Login Page/Login Action/Action Test Case: Test Cases/Bold Key Login Page/Login Action/Action Test Case

2018-05-24 11:09:13 - [TEST_STEP][PASSED] - setText: Text 'console' is set on object 'Object Repository/BoldKey Login/Page_BOLD.Key - Login - BUTTON/input_txtusername'

2018-05-24 11:09:14 - [MESSAGE][PASSED] - Text 'console' is set on object 'Object Repository/BoldKey Login/Page_BOLD.Key - Login - BUTTON/input_txtusername'

2018-05-24 11:09:14 - [TEST_STEP][PASSED] - setText: Text 'PPP' is set on object 'Object Repository/BoldKey Login/Page_BOLD.Key - Login - BUTTON/input_txtpassword'

2018-05-24 11:09:14 - [MESSAGE][PASSED] - Text 'PPP' is set on object 'Object Repository/BoldKey Login/Page_BOLD.Key - Login - BUTTON/input_txtpassword'

2018-05-24 11:09:14 - [TEST_STEP][PASSED] - click: Object: 'Object Repository/BoldKey Login/Page_BOLD.Key - Login - BUTTON/button_LOGIN' is clicked on

2018-05-24 11:09:14 - [MESSAGE][PASSED] - Object: 'Object Repository/BoldKey Login/Page_BOLD.Key - Login - BUTTON/button_LOGIN' is clicked on

2018-05-24 11:09:14 - [MESSAGE][PASSED] - Call Test Case 'Test Cases/Bold Key Login Page/Login Action/Action Test Case' successfully

2018-05-24 11:09:14 - [TEST_STEP][PASSED] - Statement - switch (data_expectedresult.toString()): null

2018-05-24 11:09:14 - [TEST_STEP][PASSED] - Statement - Default: null

2018-05-24 11:09:14 - [TEST_STEP][PASSED] - Statement - If (username.trim() == "" || password == ""): null

2018-05-24 11:09:14 - [TEST_STEP][PASSED] - Statement - Else: null

2018-05-24 11:09:14 - [TEST_STEP][PASSED] - Statement - invalidUser = false: null

2018-05-24 11:09:14 - [TEST_STEP][PASSED] - Statement - accountLocked = false: null

2018-05-24 11:09:14 - [TEST_STEP][PASSED] - Statement - serverMsg = "": null

2018-05-24 11:09:14 - [TEST_STEP][PASSED] - Statement - If (com.kms.katalon.core.webui.keyword.WebUiBuiltInKeywords.waitForElementVisible(com.kms.katalon.core.testobject.ObjectRepository.findTestObject(Object Repository/BoldKey Login/Page_BOLD.Key - Login - BUTTON/Page_BOLD.Key - Login (2)/Page_BOLD.Key - Login/invalid_message), 10)): null

2018-05-24 11:09:14 - [MESSAGE][PASSED] - Object 'Object Repository/BoldKey Login/Page_BOLD.Key - Login - BUTTON/Page_BOLD.Key - Login (2)/Page_BOLD.Key - Login/invalid_message' is visible

2018-05-24 11:09:14 - [TEST_STEP][PASSED] - Statement - serverMsg = com.kms.katalon.core.webui.keyword.WebUiBuiltInKeywords.getText(com.kms.katalon.core.testobject.ObjectRepository.findTestObject(Object Repository/BoldKey Login/Page_BOLD.Key - Login - BUTTON/Page_BOLD.Key - Login (2)/Page_BOLD.Key - Login/invalid_message)): Text of object 'Object Repository/BoldKey Login/Page_BOLD.Key - Login - BUTTON/Page_BOLD.Key - Login (2)/Page_BOLD.Key - Login/invalid_message' is: 'Invalid username or password.'

2018-05-24 11:09:14 - [MESSAGE][PASSED] - Text of object 'Object Repository/BoldKey Login/Page_BOLD.Key - Login - BUTTON/Page_BOLD.Key - Login (2)/Page_BOLD.Key - Login/invalid_message' is: 'Invalid username or password.'

2018-05-24 11:09:14 - [TEST_STEP][PASSED] - Statement - If (serverMsg.compareTo(server_message) == 0): null

2018-05-24 11:09:14 - [TEST_STEP][PASSED] - Statement - invalidUser = true: null

2018-05-24 11:09:14 - [TEST_STEP][PASSED] - Statement - If (invalidUser == true || accountLocked == true): null

2018-05-24 11:09:14 - [TEST_STEP][PASSED] - delay: Delayed 2 second(s)

2018-05-24 11:09:16 - [MESSAGE][PASSED] - Delayed 2 second(s)

2018-05-24 11:09:16 - [TEST_STEP][PASSED] - refresh: Refresh successfully

2018-05-24 11:09:17 - [MESSAGE][PASSED] - Refresh successfully

2018-05-24 11:09:17 - [TEST_STEP][PASSED] - Statement - Break: null]]></system-out>
         <system-err><![CDATA[]]></system-err>
      </testcase>
      <testcase name="Test Cases/Bold Key Login Page/Negative Case/Login Fail - Button 1" classname="Test Cases/Bold Key Login Page/Negative Case/Login Fail - Button 1" status="PASSED">
         <system-out><![CDATA[2018-05-24 11:09:17 - [TEST_CASE][PASSED] - Test Cases/Bold Key Login Page/Negative Case/Login Fail - Button 1: Test Cases/Bold Key Login Page/Negative Case/Login Fail - Button 1

2018-05-24 11:09:17 - [TEST_STEP][PASSED] - Statement - If (openBrowser == false): null

2018-05-24 11:09:17 - [TEST_STEP][PASSED] - callTestCase: Call Test Case 'Test Cases/Bold Key Login Page/Login Action/Action Test Case' successfully

2018-05-24 11:09:17 - [TEST_CASE][PASSED] - Test Cases/Bold Key Login Page/Login Action/Action Test Case: Test Cases/Bold Key Login Page/Login Action/Action Test Case

2018-05-24 11:09:17 - [TEST_STEP][PASSED] - setText: Text 'console' is set on object 'Object Repository/BoldKey Login/Page_BOLD.Key - Login - BUTTON/input_txtusername'

2018-05-24 11:09:18 - [MESSAGE][PASSED] - Text 'console' is set on object 'Object Repository/BoldKey Login/Page_BOLD.Key - Login - BUTTON/input_txtusername'

2018-05-24 11:09:18 - [TEST_STEP][PASSED] - setText: Text 'PPP' is set on object 'Object Repository/BoldKey Login/Page_BOLD.Key - Login - BUTTON/input_txtpassword'

2018-05-24 11:09:18 - [MESSAGE][PASSED] - Text 'PPP' is set on object 'Object Repository/BoldKey Login/Page_BOLD.Key - Login - BUTTON/input_txtpassword'

2018-05-24 11:09:18 - [TEST_STEP][PASSED] - click: Object: 'Object Repository/BoldKey Login/Page_BOLD.Key - Login - BUTTON/button_LOGIN' is clicked on

2018-05-24 11:09:18 - [MESSAGE][PASSED] - Object: 'Object Repository/BoldKey Login/Page_BOLD.Key - Login - BUTTON/button_LOGIN' is clicked on

2018-05-24 11:09:18 - [MESSAGE][PASSED] - Call Test Case 'Test Cases/Bold Key Login Page/Login Action/Action Test Case' successfully

2018-05-24 11:09:18 - [TEST_STEP][PASSED] - Statement - switch (data_expectedresult.toString()): null

2018-05-24 11:09:18 - [TEST_STEP][PASSED] - Statement - Default: null

2018-05-24 11:09:18 - [TEST_STEP][PASSED] - Statement - If (username.trim() == "" || password == ""): null

2018-05-24 11:09:18 - [TEST_STEP][PASSED] - Statement - Else: null

2018-05-24 11:09:18 - [TEST_STEP][PASSED] - Statement - invalidUser = false: null

2018-05-24 11:09:18 - [TEST_STEP][PASSED] - Statement - accountLocked = false: null

2018-05-24 11:09:18 - [TEST_STEP][PASSED] - Statement - serverMsg = "": null

2018-05-24 11:09:18 - [TEST_STEP][PASSED] - Statement - If (com.kms.katalon.core.webui.keyword.WebUiBuiltInKeywords.waitForElementVisible(com.kms.katalon.core.testobject.ObjectRepository.findTestObject(Object Repository/BoldKey Login/Page_BOLD.Key - Login - BUTTON/Page_BOLD.Key - Login (2)/Page_BOLD.Key - Login/invalid_message), 10)): null

2018-05-24 11:09:19 - [MESSAGE][PASSED] - Object 'Object Repository/BoldKey Login/Page_BOLD.Key - Login - BUTTON/Page_BOLD.Key - Login (2)/Page_BOLD.Key - Login/invalid_message' is visible

2018-05-24 11:09:19 - [TEST_STEP][PASSED] - Statement - serverMsg = com.kms.katalon.core.webui.keyword.WebUiBuiltInKeywords.getText(com.kms.katalon.core.testobject.ObjectRepository.findTestObject(Object Repository/BoldKey Login/Page_BOLD.Key - Login - BUTTON/Page_BOLD.Key - Login (2)/Page_BOLD.Key - Login/invalid_message)): Text of object 'Object Repository/BoldKey Login/Page_BOLD.Key - Login - BUTTON/Page_BOLD.Key - Login (2)/Page_BOLD.Key - Login/invalid_message' is: 'Invalid username or password.'

2018-05-24 11:09:19 - [MESSAGE][PASSED] - Text of object 'Object Repository/BoldKey Login/Page_BOLD.Key - Login - BUTTON/Page_BOLD.Key - Login (2)/Page_BOLD.Key - Login/invalid_message' is: 'Invalid username or password.'

2018-05-24 11:09:19 - [TEST_STEP][PASSED] - Statement - If (serverMsg.compareTo(server_message) == 0): null

2018-05-24 11:09:19 - [TEST_STEP][PASSED] - Statement - invalidUser = true: null

2018-05-24 11:09:19 - [TEST_STEP][PASSED] - Statement - If (invalidUser == true || accountLocked == true): null

2018-05-24 11:09:19 - [TEST_STEP][PASSED] - delay: Delayed 2 second(s)

2018-05-24 11:09:21 - [MESSAGE][PASSED] - Delayed 2 second(s)

2018-05-24 11:09:21 - [TEST_STEP][PASSED] - refresh: Refresh successfully

2018-05-24 11:09:22 - [MESSAGE][PASSED] - Refresh successfully

2018-05-24 11:09:22 - [TEST_STEP][PASSED] - Statement - Break: null]]></system-out>
         <system-err><![CDATA[]]></system-err>
      </testcase>
      <testcase name="Test Cases/Bold Key Login Page/Negative Case/Login Fail - Button 1" classname="Test Cases/Bold Key Login Page/Negative Case/Login Fail - Button 1" status="PASSED">
         <system-out><![CDATA[2018-05-24 11:09:22 - [TEST_CASE][PASSED] - Test Cases/Bold Key Login Page/Negative Case/Login Fail - Button 1: Test Cases/Bold Key Login Page/Negative Case/Login Fail - Button 1

2018-05-24 11:09:22 - [TEST_STEP][PASSED] - Statement - If (openBrowser == false): null

2018-05-24 11:09:22 - [TEST_STEP][PASSED] - callTestCase: Call Test Case 'Test Cases/Bold Key Login Page/Login Action/Action Test Case' successfully

2018-05-24 11:09:22 - [TEST_CASE][PASSED] - Test Cases/Bold Key Login Page/Login Action/Action Test Case: Test Cases/Bold Key Login Page/Login Action/Action Test Case

2018-05-24 11:09:22 - [TEST_STEP][PASSED] - setText: Text 'console' is set on object 'Object Repository/BoldKey Login/Page_BOLD.Key - Login - BUTTON/input_txtusername'

2018-05-24 11:09:22 - [MESSAGE][PASSED] - Text 'console' is set on object 'Object Repository/BoldKey Login/Page_BOLD.Key - Login - BUTTON/input_txtusername'

2018-05-24 11:09:22 - [TEST_STEP][PASSED] - setText: Text 'PPP' is set on object 'Object Repository/BoldKey Login/Page_BOLD.Key - Login - BUTTON/input_txtpassword'

2018-05-24 11:09:22 - [MESSAGE][PASSED] - Text 'PPP' is set on object 'Object Repository/BoldKey Login/Page_BOLD.Key - Login - BUTTON/input_txtpassword'

2018-05-24 11:09:22 - [TEST_STEP][PASSED] - click: Object: 'Object Repository/BoldKey Login/Page_BOLD.Key - Login - BUTTON/button_LOGIN' is clicked on

2018-05-24 11:09:23 - [MESSAGE][PASSED] - Object: 'Object Repository/BoldKey Login/Page_BOLD.Key - Login - BUTTON/button_LOGIN' is clicked on

2018-05-24 11:09:23 - [MESSAGE][PASSED] - Call Test Case 'Test Cases/Bold Key Login Page/Login Action/Action Test Case' successfully

2018-05-24 11:09:23 - [TEST_STEP][PASSED] - Statement - switch (data_expectedresult.toString()): null

2018-05-24 11:09:23 - [TEST_STEP][PASSED] - Statement - Default: null

2018-05-24 11:09:23 - [TEST_STEP][PASSED] - Statement - If (username.trim() == "" || password == ""): null

2018-05-24 11:09:23 - [TEST_STEP][PASSED] - Statement - Else: null

2018-05-24 11:09:23 - [TEST_STEP][PASSED] - Statement - invalidUser = false: null

2018-05-24 11:09:23 - [TEST_STEP][PASSED] - Statement - accountLocked = false: null

2018-05-24 11:09:23 - [TEST_STEP][PASSED] - Statement - serverMsg = "": null

2018-05-24 11:09:23 - [TEST_STEP][PASSED] - Statement - If (com.kms.katalon.core.webui.keyword.WebUiBuiltInKeywords.waitForElementVisible(com.kms.katalon.core.testobject.ObjectRepository.findTestObject(Object Repository/BoldKey Login/Page_BOLD.Key - Login - BUTTON/Page_BOLD.Key - Login (2)/Page_BOLD.Key - Login/invalid_message), 10)): null

2018-05-24 11:09:23 - [MESSAGE][PASSED] - Object 'Object Repository/BoldKey Login/Page_BOLD.Key - Login - BUTTON/Page_BOLD.Key - Login (2)/Page_BOLD.Key - Login/invalid_message' is visible

2018-05-24 11:09:23 - [TEST_STEP][PASSED] - Statement - serverMsg = com.kms.katalon.core.webui.keyword.WebUiBuiltInKeywords.getText(com.kms.katalon.core.testobject.ObjectRepository.findTestObject(Object Repository/BoldKey Login/Page_BOLD.Key - Login - BUTTON/Page_BOLD.Key - Login (2)/Page_BOLD.Key - Login/invalid_message)): Text of object 'Object Repository/BoldKey Login/Page_BOLD.Key - Login - BUTTON/Page_BOLD.Key - Login (2)/Page_BOLD.Key - Login/invalid_message' is: 'Login retries exceeded. Account has been locked out.'

2018-05-24 11:09:23 - [MESSAGE][PASSED] - Text of object 'Object Repository/BoldKey Login/Page_BOLD.Key - Login - BUTTON/Page_BOLD.Key - Login (2)/Page_BOLD.Key - Login/invalid_message' is: 'Login retries exceeded. Account has been locked out.'

2018-05-24 11:09:23 - [TEST_STEP][PASSED] - Statement - If (serverMsg.compareTo(server_message) == 0): null

2018-05-24 11:09:23 - [TEST_STEP][PASSED] - Statement - Else If (serverMsg.compareTo(server_message1) == 0): null

2018-05-24 11:09:23 - [TEST_STEP][PASSED] - Statement - Else If (serverMsg.compareTo(server_message2) == 0): null

2018-05-24 11:09:23 - [TEST_STEP][PASSED] - Statement - Else If (serverMsg.compareTo(server_message3) == 0): null

2018-05-24 11:09:23 - [TEST_STEP][PASSED] - Statement - accountLocked = true: null

2018-05-24 11:09:23 - [TEST_STEP][PASSED] - Statement - If (invalidUser == true || accountLocked == true): null

2018-05-24 11:09:23 - [TEST_STEP][PASSED] - delay: Delayed 2 second(s)

2018-05-24 11:09:25 - [MESSAGE][PASSED] - Delayed 2 second(s)

2018-05-24 11:09:25 - [TEST_STEP][PASSED] - refresh: Refresh successfully

2018-05-24 11:09:26 - [MESSAGE][PASSED] - Refresh successfully

2018-05-24 11:09:26 - [TEST_STEP][PASSED] - Statement - Break: null]]></system-out>
         <system-err><![CDATA[]]></system-err>
      </testcase>
      <testcase name="Test Cases/Bold Key Login Page/Negative Case/Login Fail - Button 1" classname="Test Cases/Bold Key Login Page/Negative Case/Login Fail - Button 1" status="PASSED">
         <system-out><![CDATA[2018-05-24 11:09:26 - [TEST_CASE][PASSED] - Test Cases/Bold Key Login Page/Negative Case/Login Fail - Button 1: Test Cases/Bold Key Login Page/Negative Case/Login Fail - Button 1

2018-05-24 11:09:26 - [TEST_STEP][PASSED] - Statement - If (openBrowser == false): null

2018-05-24 11:09:26 - [TEST_STEP][PASSED] - callTestCase: Call Test Case 'Test Cases/Bold Key Login Page/Login Action/Action Test Case' successfully

2018-05-24 11:09:26 - [TEST_CASE][PASSED] - Test Cases/Bold Key Login Page/Login Action/Action Test Case: Test Cases/Bold Key Login Page/Login Action/Action Test Case

2018-05-24 11:09:26 - [TEST_STEP][PASSED] - setText: Text '' is set on object 'Object Repository/BoldKey Login/Page_BOLD.Key - Login - BUTTON/input_txtusername'

2018-05-24 11:09:26 - [MESSAGE][PASSED] - Text '' is set on object 'Object Repository/BoldKey Login/Page_BOLD.Key - Login - BUTTON/input_txtusername'

2018-05-24 11:09:26 - [TEST_STEP][PASSED] - setText: Text '' is set on object 'Object Repository/BoldKey Login/Page_BOLD.Key - Login - BUTTON/input_txtpassword'

2018-05-24 11:09:27 - [MESSAGE][PASSED] - Text '' is set on object 'Object Repository/BoldKey Login/Page_BOLD.Key - Login - BUTTON/input_txtpassword'

2018-05-24 11:09:27 - [TEST_STEP][PASSED] - click: Object: 'Object Repository/BoldKey Login/Page_BOLD.Key - Login - BUTTON/button_LOGIN' is clicked on

2018-05-24 11:09:27 - [MESSAGE][PASSED] - Object: 'Object Repository/BoldKey Login/Page_BOLD.Key - Login - BUTTON/button_LOGIN' is clicked on

2018-05-24 11:09:27 - [MESSAGE][PASSED] - Call Test Case 'Test Cases/Bold Key Login Page/Login Action/Action Test Case' successfully

2018-05-24 11:09:27 - [TEST_STEP][PASSED] - Statement - switch (data_expectedresult.toString()): null

2018-05-24 11:09:27 - [TEST_STEP][PASSED] - Statement - Default: null

2018-05-24 11:09:27 - [TEST_STEP][PASSED] - Statement - If (username.trim() == "" || password == ""): null

2018-05-24 11:09:27 - [TEST_STEP][PASSED] - Statement - emptyUsername = false: null

2018-05-24 11:09:27 - [TEST_STEP][PASSED] - Statement - emptyPassword = false: null

2018-05-24 11:09:27 - [TEST_STEP][PASSED] - Statement - verifyUsername = "": null

2018-05-24 11:09:27 - [TEST_STEP][PASSED] - Statement - verifyPassword = "": null

2018-05-24 11:09:27 - [TEST_STEP][PASSED] - Statement - If (com.kms.katalon.core.webui.keyword.WebUiBuiltInKeywords.waitForElementVisible(com.kms.katalon.core.testobject.ObjectRepository.findTestObject(Object Repository/BoldKey Login/Page_BOLD.Key - Login - BUTTON/Page_BOLD.Key - Login (2)/username_message), 5)): null

2018-05-24 11:09:27 - [MESSAGE][PASSED] - Object 'Object Repository/BoldKey Login/Page_BOLD.Key - Login - BUTTON/Page_BOLD.Key - Login (2)/username_message' is visible

2018-05-24 11:09:27 - [TEST_STEP][PASSED] - Statement - verifyUsername = com.kms.katalon.core.webui.keyword.WebUiBuiltInKeywords.getText(com.kms.katalon.core.testobject.ObjectRepository.findTestObject(Object Repository/BoldKey Login/Page_BOLD.Key - Login - BUTTON/Page_BOLD.Key - Login (2)/username_message)): Text of object 'Object Repository/BoldKey Login/Page_BOLD.Key - Login - BUTTON/Page_BOLD.Key - Login (2)/username_message' is: 'The username field is required.'

2018-05-24 11:09:27 - [MESSAGE][PASSED] - Text of object 'Object Repository/BoldKey Login/Page_BOLD.Key - Login - BUTTON/Page_BOLD.Key - Login (2)/username_message' is: 'The username field is required.'

2018-05-24 11:09:27 - [TEST_STEP][PASSED] - verifyMatch: Actual text 'The username field is required.' and expected text 'The username field is required.' are matched  using regular expression

2018-05-24 11:09:27 - [MESSAGE][PASSED] - Actual text 'The username field is required.' and expected text 'The username field is required.' are matched  using regular expression

2018-05-24 11:09:27 - [TEST_STEP][PASSED] - Statement - emptyUsername = true: null

2018-05-24 11:09:27 - [TEST_STEP][PASSED] - Statement - If (emptyUsername == true || emptyPassword == true): null

2018-05-24 11:09:27 - [TEST_STEP][PASSED] - delay: Delayed 2 second(s)

2018-05-24 11:09:29 - [MESSAGE][PASSED] - Delayed 2 second(s)

2018-05-24 11:09:29 - [TEST_STEP][PASSED] - refresh: Refresh successfully

2018-05-24 11:09:30 - [MESSAGE][PASSED] - Refresh successfully

2018-05-24 11:09:30 - [TEST_STEP][PASSED] - Statement - Break: null]]></system-out>
         <system-err><![CDATA[]]></system-err>
      </testcase>
      <testcase name="Test Cases/Bold Key Login Page/Close Browser" classname="Test Cases/Bold Key Login Page/Close Browser" status="PASSED">
         <system-out><![CDATA[2018-05-24 11:09:30 - [TEST_CASE][PASSED] - Test Cases/Bold Key Login Page/Close Browser: Test Cases/Bold Key Login Page/Close Browser

2018-05-24 11:09:30 - [TEST_STEP][PASSED] - closeBrowser: Browser is closed

2018-05-24 11:09:31 - [MESSAGE][PASSED] - Browser is closed]]></system-out>
         <system-err><![CDATA[]]></system-err>
      </testcase>
      <system-out><![CDATA[2018-05-24 11:08:12 - [TEST_SUITE][PASSED] - BoldKey Login Page: Test Cases/Bold Key Login Page/Close Browser]]></system-out>
      <system-err><![CDATA[]]></system-err>
   </testsuite>
</testsuites>
