<?xml version="1.0" encoding="UTF-8"?>
<testsuites name="BoldKey Login Page" time="45" tests="1" failures="1" errors="0">
   <testsuite name="BoldKey Login Page" tests="1" failures="1" errors="0" time="45" timestamp="2018-05-18 17:54:08" hostname="olivia.chong - Olivia0517.mk.macrokiosk.com" id="Test Suites/BoldKey Login Page">
      <properties>
         <property name="deviceName" value=""/>
         <property name="devicePlatform" value=""/>
         <property name="logFolder" value="C:\\Users\\olivia.chong\\Katalon Studio\\BoldKey\\Reports\\BoldKey Login Page\\20180518_175406"/>
         <property name="logFiles" value="C:\\Users\\olivia.chong\\Katalon Studio\\BoldKey\\Reports\\BoldKey Login Page\\20180518_175406\\execution0.log"/>
         <property name="attachments" value="C:\\Users\\olivia.chong\\Katalon Studio\\BoldKey\\Reports\\BoldKey Login Page\\20180518_175406\\1526637266174.png"/>
         <property name="hostName" value="olivia.chong - Olivia0517.mk.macrokiosk.com"/>
         <property name="os" value="Windows 10 64bit"/>
         <property name="katalonVersion" value="5.4.1.1"/>
         <property name="browser" value="Chrome 66.0.3359.139"/>
         <property name="hostAddress" value="192.168.1.58"/>
         <property name="sessionId" value="8797deea091918298f26f58b11adf6c3"/>
         <property name="seleniumVersion" value="3.7.1"/>
         <property name="proxyInformation" value="ProxyInformation{proxyOption=NO_PROXY, proxyServerType=HTTP, password=, proxyServerAddress=, proxyServerPort=0}"/>
         <property name="platform" value="Windows 10"/>
      </properties>
      <testcase name="Test Cases/Bold Key Login Page/Login Page - Enter" classname="Test Cases/Bold Key Login Page/Login Page - Enter" status="FAILED">
         <failure type="FAILED" message="Unable to set text (Root cause: java.lang.IllegalArgumentException: Object is null)"/>
         <system-out><![CDATA[2018-05-18 17:54:08 - [TEST_CASE][FAILED] - Test Cases/Bold Key Login Page/Login Page - Enter: Test Cases/Bold Key Login Page/Login Page - Enter FAILED because (of) Unable to set text (Root cause: java.lang.IllegalArgumentException: Object is null)

2018-05-18 17:54:09 - [TEST_STEP][PASSED] - openBrowser: Browser is opened with url: ''

2018-05-18 17:54:13 - [MESSAGE][PASSED] - Browser is opened with url: ''

2018-05-18 17:54:13 - [TEST_STEP][PASSED] - navigateToUrl: Navigate to 'http://sit.boldkey.cc/Web/login' successfully

2018-05-18 17:54:26 - [MESSAGE][PASSED] - Navigate to 'http://sit.boldkey.cc/Web/login' successfully

2018-05-18 17:54:26 - [TEST_STEP][FAILED] - setText: Unable to set text (Root cause: java.lang.IllegalArgumentException: Object is null)

2018-05-18 17:54:26 - [MESSAGE][WARNING] - Test object with id 'Object Repository/BoldKey Login/Page_BOLD.Key - Login/input_txtusername' does not exist

2018-05-18 17:54:26 - [MESSAGE][WARNING] - Test object with id 'Object Repository/' does not exist

2018-05-18 17:54:26 - [MESSAGE][FAILED] - Unable to set text (Root cause: java.lang.IllegalArgumentException: Object is null)
[[ATTACHMENT|C:\\Users\\olivia.chong\\Katalon Studio\\BoldKey\\Reports\\BoldKey Login Page\\20180518_175406\\1526637266174.png]]]]></system-out>
         <system-err><![CDATA[2018-05-18 17:54:08 - [TEST_CASE][FAILED] - Test Cases/Bold Key Login Page/Login Page - Enter: Test Cases/Bold Key Login Page/Login Page - Enter FAILED because (of) Unable to set text (Root cause: java.lang.IllegalArgumentException: Object is null)]]></system-err>
      </testcase>
      <testcase name="Test Cases/Bold Key Login Page/Login Page - Button" classname="Test Cases/Bold Key Login Page/Login Page - Button" status="PASSED">
         <system-out><![CDATA[2018-05-18 17:54:26 - [TEST_CASE][PASSED] - Test Cases/Bold Key Login Page/Login Page - Button: Test Cases/Bold Key Login Page/Login Page - Button

2018-05-18 17:54:26 - [TEST_STEP][PASSED] - openBrowser: Browser is opened with url: ''

2018-05-18 17:54:26 - [MESSAGE][WARNING] - A browser is already opened. Closing browser and opening a new one

2018-05-18 17:54:30 - [MESSAGE][PASSED] - Browser is opened with url: ''

2018-05-18 17:54:30 - [TEST_STEP][PASSED] - navigateToUrl: Navigate to 'http://sit.boldkey.cc/Web/login' successfully

2018-05-18 17:54:41 - [MESSAGE][PASSED] - Navigate to 'http://sit.boldkey.cc/Web/login' successfully

2018-05-18 17:54:41 - [TEST_STEP][PASSED] - setText: Text 'cwpreflat' is set on object 'Object Repository/BoldKey Login/Page_BOLD.Key - Login - BUTTON/Page_BOLD.Key - Login/input_txtusername'

2018-05-18 17:54:41 - [MESSAGE][PASSED] - Text 'cwpreflat' is set on object 'Object Repository/BoldKey Login/Page_BOLD.Key - Login - BUTTON/Page_BOLD.Key - Login/input_txtusername'

2018-05-18 17:54:41 - [TEST_STEP][PASSED] - setText: Text 'P@55word' is set on object 'Object Repository/BoldKey Login/Page_BOLD.Key - Login - BUTTON/Page_BOLD.Key - Login/input_txtpassword'

2018-05-18 17:54:42 - [MESSAGE][PASSED] - Text 'P@55word' is set on object 'Object Repository/BoldKey Login/Page_BOLD.Key - Login - BUTTON/Page_BOLD.Key - Login/input_txtpassword'

2018-05-18 17:54:42 - [TEST_STEP][PASSED] - click: Object: 'Object Repository/BoldKey Login/Page_BOLD.Key - Login - BUTTON/Page_BOLD.Key - Login/button_LOGIN' is clicked on

2018-05-18 17:54:42 - [MESSAGE][PASSED] - Object: 'Object Repository/BoldKey Login/Page_BOLD.Key - Login - BUTTON/Page_BOLD.Key - Login/button_LOGIN' is clicked on

2018-05-18 17:54:42 - [TEST_STEP][PASSED] - click: Object: 'Object Repository/BoldKey Login/Page_BOLD.Key - Login - BUTTON/Page_/a_cwpreflat' is clicked on

2018-05-18 17:54:52 - [MESSAGE][PASSED] - Object: 'Object Repository/BoldKey Login/Page_BOLD.Key - Login - BUTTON/Page_/a_cwpreflat' is clicked on

2018-05-18 17:54:52 - [TEST_STEP][PASSED] - click: Object: 'Object Repository/BoldKey Login/Page_BOLD.Key - Login - BUTTON/Page_/a_Logout' is clicked on

2018-05-18 17:54:52 - [MESSAGE][PASSED] - Object: 'Object Repository/BoldKey Login/Page_BOLD.Key - Login - BUTTON/Page_/a_Logout' is clicked on

2018-05-18 17:54:52 - [TEST_STEP][PASSED] - click: Object: 'Object Repository/BoldKey Login/Page_BOLD.Key - Login - BUTTON/Page_/a_Yes' is clicked on

2018-05-18 17:54:53 - [MESSAGE][PASSED] - Object: 'Object Repository/BoldKey Login/Page_BOLD.Key - Login - BUTTON/Page_/a_Yes' is clicked on

2018-05-18 17:54:53 - [TEST_STEP][PASSED] - closeBrowser: Browser is closed

2018-05-18 17:54:54 - [MESSAGE][PASSED] - Browser is closed]]></system-out>
         <system-err><![CDATA[]]></system-err>
      </testcase>
      <system-out><![CDATA[2018-05-18 17:54:08 - [TEST_SUITE][FAILED] - BoldKey Login Page: Test Cases/Bold Key Login Page/Login Page - Enter FAILED because (of) Unable to set text (Root cause: java.lang.IllegalArgumentException: Object is null)]]></system-out>
      <system-err><![CDATA[2018-05-18 17:54:08 - [TEST_SUITE][FAILED] - BoldKey Login Page: Test Cases/Bold Key Login Page/Login Page - Enter FAILED because (of) Unable to set text (Root cause: java.lang.IllegalArgumentException: Object is null)]]></system-err>
   </testsuite>
</testsuites>
