<?xml version="1.0" encoding="UTF-8"?>
<testsuites name="BoldKey Login Page" time="77" tests="12" failures="0" errors="0">
   <testsuite name="BoldKey Login Page" tests="12" failures="0" errors="0" time="77" timestamp="2018-05-24 11:04:39" hostname="olivia.chong - Olivia0517.mk.macrokiosk.com" id="Test Suites/BoldKey Login Page">
      <properties>
         <property name="deviceName" value=""/>
         <property name="devicePlatform" value=""/>
         <property name="logFolder" value="C:\\Users\\olivia.chong\\Katalon Studio\\BoldKey\\Reports\\BoldKey Login Page\\20180524_110435"/>
         <property name="logFiles" value="C:\\Users\\olivia.chong\\Katalon Studio\\BoldKey\\Reports\\BoldKey Login Page\\20180524_110435\\execution0.log"/>
         <property name="attachments" value=""/>
         <property name="hostName" value="olivia.chong - Olivia0517.mk.macrokiosk.com"/>
         <property name="os" value="Windows 10 64bit"/>
         <property name="katalonVersion" value="5.4.1.1"/>
         <property name="browser" value="Chrome 66.0.3359.139"/>
         <property name="hostAddress" value="192.168.2.72"/>
         <property name="sessionId" value="6e83b4e0d8fe8cd8f1035539a308934f"/>
         <property name="seleniumVersion" value="3.7.1"/>
         <property name="proxyInformation" value="ProxyInformation{proxyOption=NO_PROXY, proxyServerType=HTTP, password=, proxyServerAddress=, proxyServerPort=0}"/>
         <property name="platform" value="Windows 10"/>
      </properties>
      <testcase name="Test Cases/Bold Key Login Page/Positive Case/Login Success - Button" classname="Test Cases/Bold Key Login Page/Positive Case/Login Success - Button" status="PASSED">
         <system-out><![CDATA[2018-05-24 11:04:41 - [TEST_CASE][PASSED] - Test Cases/Bold Key Login Page/Positive Case/Login Success - Button: Test Cases/Bold Key Login Page/Positive Case/Login Success - Button

2018-05-24 11:04:42 - [TEST_STEP][PASSED] - Statement - If (openBrowser == false): Call Test Case 'Test Cases/Bold Key Login Page/Open Browser' successfully

2018-05-24 11:04:42 - [TEST_STEP][PASSED] - callTestCase: Call Test Case 'Test Cases/Bold Key Login Page/Open Browser' successfully

2018-05-24 11:04:42 - [TEST_CASE][PASSED] - Test Cases/Bold Key Login Page/Open Browser: Test Cases/Bold Key Login Page/Open Browser

2018-05-24 11:04:42 - [TEST_STEP][PASSED] - openBrowser: Browser is opened with url: ''

2018-05-24 11:04:48 - [MESSAGE][PASSED] - Browser is opened with url: ''

2018-05-24 11:04:48 - [TEST_STEP][PASSED] - navigateToUrl: Navigate to 'http://sit.boldkey.cc/Web/login' successfully

2018-05-24 11:04:55 - [MESSAGE][PASSED] - Navigate to 'http://sit.boldkey.cc/Web/login' successfully

2018-05-24 11:04:55 - [TEST_STEP][PASSED] - Statement - openBrowser = true: null

2018-05-24 11:04:55 - [MESSAGE][PASSED] - Call Test Case 'Test Cases/Bold Key Login Page/Open Browser' successfully

2018-05-24 11:04:55 - [TEST_STEP][PASSED] - callTestCase: Call Test Case 'Test Cases/Bold Key Login Page/Login Action/Action Test Case' successfully

2018-05-24 11:04:55 - [TEST_CASE][PASSED] - Test Cases/Bold Key Login Page/Login Action/Action Test Case: Test Cases/Bold Key Login Page/Login Action/Action Test Case

2018-05-24 11:04:56 - [TEST_STEP][PASSED] - setText: Text 'cwpreflat' is set on object 'Object Repository/BoldKey Login/Page_BOLD.Key - Login - BUTTON/input_txtusername'

2018-05-24 11:04:56 - [MESSAGE][PASSED] - Text 'cwpreflat' is set on object 'Object Repository/BoldKey Login/Page_BOLD.Key - Login - BUTTON/input_txtusername'

2018-05-24 11:04:56 - [TEST_STEP][PASSED] - setText: Text 'P@55word' is set on object 'Object Repository/BoldKey Login/Page_BOLD.Key - Login - BUTTON/input_txtpassword'

2018-05-24 11:04:57 - [MESSAGE][PASSED] - Text 'P@55word' is set on object 'Object Repository/BoldKey Login/Page_BOLD.Key - Login - BUTTON/input_txtpassword'

2018-05-24 11:04:57 - [TEST_STEP][PASSED] - click: Object: 'Object Repository/BoldKey Login/Page_BOLD.Key - Login - BUTTON/button_LOGIN' is clicked on

2018-05-24 11:04:57 - [MESSAGE][PASSED] - Object: 'Object Repository/BoldKey Login/Page_BOLD.Key - Login - BUTTON/button_LOGIN' is clicked on

2018-05-24 11:04:57 - [MESSAGE][PASSED] - Call Test Case 'Test Cases/Bold Key Login Page/Login Action/Action Test Case' successfully

2018-05-24 11:04:57 - [TEST_STEP][PASSED] - waitForElementVisible: Object 'Object Repository/BoldKey Login/Page_BOLD.Key - Login - BUTTON/Page_ (1)/login name' is visible

2018-05-24 11:05:04 - [MESSAGE][PASSED] - Object 'Object Repository/BoldKey Login/Page_BOLD.Key - Login - BUTTON/Page_ (1)/login name' is visible

2018-05-24 11:05:04 - [TEST_STEP][PASSED] - callTestCase: Call Test Case 'Test Cases/Bold Key Login Page/Logout/Logout - Yes' successfully

2018-05-24 11:05:04 - [TEST_CASE][PASSED] - Test Cases/Bold Key Login Page/Logout/Logout - Yes: Test Cases/Bold Key Login Page/Logout/Logout - Yes

2018-05-24 11:05:04 - [TEST_STEP][PASSED] - waitForElementVisible: Object 'Object Repository/BoldKey Login/Page_BOLD.Key - Login - BUTTON/Page_ (3)/username_link' is visible

2018-05-24 11:05:05 - [MESSAGE][PASSED] - Object 'Object Repository/BoldKey Login/Page_BOLD.Key - Login - BUTTON/Page_ (3)/username_link' is visible

2018-05-24 11:05:05 - [TEST_STEP][PASSED] - click: Object: 'Object Repository/BoldKey Login/Page_BOLD.Key - Login - BUTTON/Page_ (3)/username_link' is clicked on

2018-05-24 11:05:05 - [MESSAGE][PASSED] - Object: 'Object Repository/BoldKey Login/Page_BOLD.Key - Login - BUTTON/Page_ (3)/username_link' is clicked on

2018-05-24 11:05:05 - [TEST_STEP][PASSED] - click: Object: 'Object Repository/BoldKey Login/Page_BOLD.Key - Login - BUTTON/Page_ (3)/btn_logout' is clicked on

2018-05-24 11:05:05 - [MESSAGE][PASSED] - Object: 'Object Repository/BoldKey Login/Page_BOLD.Key - Login - BUTTON/Page_ (3)/btn_logout' is clicked on

2018-05-24 11:05:05 - [TEST_STEP][PASSED] - waitForElementVisible: Object 'Object Repository/BoldKey Login/Page_BOLD.Key - Login - BUTTON/Page_ (3)/btn_yes' is visible

2018-05-24 11:05:05 - [MESSAGE][PASSED] - Object 'Object Repository/BoldKey Login/Page_BOLD.Key - Login - BUTTON/Page_ (3)/btn_yes' is visible

2018-05-24 11:05:05 - [TEST_STEP][PASSED] - click: Object: 'Object Repository/BoldKey Login/Page_BOLD.Key - Login - BUTTON/Page_ (3)/btn_yes' is clicked on

2018-05-24 11:05:06 - [MESSAGE][PASSED] - Object: 'Object Repository/BoldKey Login/Page_BOLD.Key - Login - BUTTON/Page_ (3)/btn_yes' is clicked on

2018-05-24 11:05:06 - [MESSAGE][PASSED] - Call Test Case 'Test Cases/Bold Key Login Page/Logout/Logout - Yes' successfully]]></system-out>
         <system-err><![CDATA[]]></system-err>
      </testcase>
      <testcase name="Test Cases/Bold Key Login Page/Negative Case/Login Fail - Button 1" classname="Test Cases/Bold Key Login Page/Negative Case/Login Fail - Button 1" status="PASSED">
         <system-out><![CDATA[2018-05-24 11:05:06 - [TEST_CASE][PASSED] - Test Cases/Bold Key Login Page/Negative Case/Login Fail - Button 1: Test Cases/Bold Key Login Page/Negative Case/Login Fail - Button 1

2018-05-24 11:05:07 - [TEST_STEP][PASSED] - Statement - If (openBrowser == false): null

2018-05-24 11:05:07 - [TEST_STEP][PASSED] - callTestCase: Call Test Case 'Test Cases/Bold Key Login Page/Login Action/Action Test Case' successfully

2018-05-24 11:05:07 - [TEST_CASE][PASSED] - Test Cases/Bold Key Login Page/Login Action/Action Test Case: Test Cases/Bold Key Login Page/Login Action/Action Test Case

2018-05-24 11:05:07 - [TEST_STEP][PASSED] - setText: Text 'cwpreee' is set on object 'Object Repository/BoldKey Login/Page_BOLD.Key - Login - BUTTON/input_txtusername'

2018-05-24 11:05:08 - [MESSAGE][PASSED] - Text 'cwpreee' is set on object 'Object Repository/BoldKey Login/Page_BOLD.Key - Login - BUTTON/input_txtusername'

2018-05-24 11:05:08 - [TEST_STEP][PASSED] - setText: Text 'P@55word' is set on object 'Object Repository/BoldKey Login/Page_BOLD.Key - Login - BUTTON/input_txtpassword'

2018-05-24 11:05:08 - [MESSAGE][PASSED] - Text 'P@55word' is set on object 'Object Repository/BoldKey Login/Page_BOLD.Key - Login - BUTTON/input_txtpassword'

2018-05-24 11:05:08 - [TEST_STEP][PASSED] - click: Object: 'Object Repository/BoldKey Login/Page_BOLD.Key - Login - BUTTON/button_LOGIN' is clicked on

2018-05-24 11:05:08 - [MESSAGE][PASSED] - Object: 'Object Repository/BoldKey Login/Page_BOLD.Key - Login - BUTTON/button_LOGIN' is clicked on

2018-05-24 11:05:08 - [MESSAGE][PASSED] - Call Test Case 'Test Cases/Bold Key Login Page/Login Action/Action Test Case' successfully

2018-05-24 11:05:08 - [TEST_STEP][PASSED] - Statement - switch (data_expectedresult.toString()): null

2018-05-24 11:05:08 - [TEST_STEP][PASSED] - Statement - Default: null

2018-05-24 11:05:08 - [TEST_STEP][PASSED] - Statement - If (username.trim() == "" || password == ""): null

2018-05-24 11:05:08 - [TEST_STEP][PASSED] - Statement - Else: null

2018-05-24 11:05:08 - [TEST_STEP][PASSED] - Statement - invalidUser = false: null

2018-05-24 11:05:08 - [TEST_STEP][PASSED] - Statement - accountLocked = false: null

2018-05-24 11:05:08 - [TEST_STEP][PASSED] - Statement - serverMsg = "": null

2018-05-24 11:05:08 - [TEST_STEP][PASSED] - Statement - If (com.kms.katalon.core.webui.keyword.WebUiBuiltInKeywords.waitForElementVisible(com.kms.katalon.core.testobject.ObjectRepository.findTestObject(Object Repository/BoldKey Login/Page_BOLD.Key - Login - BUTTON/Page_BOLD.Key - Login (2)/Page_BOLD.Key - Login/invalid_message), 10)): null

2018-05-24 11:05:08 - [MESSAGE][PASSED] - Object 'Object Repository/BoldKey Login/Page_BOLD.Key - Login - BUTTON/Page_BOLD.Key - Login (2)/Page_BOLD.Key - Login/invalid_message' is visible

2018-05-24 11:05:08 - [TEST_STEP][PASSED] - Statement - serverMsg = com.kms.katalon.core.webui.keyword.WebUiBuiltInKeywords.getText(com.kms.katalon.core.testobject.ObjectRepository.findTestObject(Object Repository/BoldKey Login/Page_BOLD.Key - Login - BUTTON/Page_BOLD.Key - Login (2)/Page_BOLD.Key - Login/invalid_message)): Text of object 'Object Repository/BoldKey Login/Page_BOLD.Key - Login - BUTTON/Page_BOLD.Key - Login (2)/Page_BOLD.Key - Login/invalid_message' is: 'Invalid username and password.'

2018-05-24 11:05:09 - [MESSAGE][PASSED] - Text of object 'Object Repository/BoldKey Login/Page_BOLD.Key - Login - BUTTON/Page_BOLD.Key - Login (2)/Page_BOLD.Key - Login/invalid_message' is: 'Invalid username and password.'

2018-05-24 11:05:09 - [TEST_STEP][PASSED] - Statement - If (serverMsg.compareTo(server_message) == 0): null

2018-05-24 11:05:09 - [TEST_STEP][PASSED] - Statement - Else If (serverMsg.compareTo(server_message1) == 0): null

2018-05-24 11:05:09 - [TEST_STEP][PASSED] - Statement - invalidUser = true: null

2018-05-24 11:05:09 - [TEST_STEP][PASSED] - Statement - If (invalidUser == true || accountLocked == true): null

2018-05-24 11:05:09 - [TEST_STEP][PASSED] - delay: Delayed 2 second(s)

2018-05-24 11:05:11 - [MESSAGE][PASSED] - Delayed 2 second(s)

2018-05-24 11:05:11 - [TEST_STEP][PASSED] - refresh: Refresh successfully

2018-05-24 11:05:11 - [MESSAGE][PASSED] - Refresh successfully

2018-05-24 11:05:11 - [TEST_STEP][PASSED] - Statement - Break: null]]></system-out>
         <system-err><![CDATA[]]></system-err>
      </testcase>
      <testcase name="Test Cases/Bold Key Login Page/Negative Case/Login Fail - Button 1" classname="Test Cases/Bold Key Login Page/Negative Case/Login Fail - Button 1" status="PASSED">
         <system-out><![CDATA[2018-05-24 11:05:11 - [TEST_CASE][PASSED] - Test Cases/Bold Key Login Page/Negative Case/Login Fail - Button 1: Test Cases/Bold Key Login Page/Negative Case/Login Fail - Button 1

2018-05-24 11:05:11 - [TEST_STEP][PASSED] - Statement - If (openBrowser == false): null

2018-05-24 11:05:11 - [TEST_STEP][PASSED] - callTestCase: Call Test Case 'Test Cases/Bold Key Login Page/Login Action/Action Test Case' successfully

2018-05-24 11:05:11 - [TEST_CASE][PASSED] - Test Cases/Bold Key Login Page/Login Action/Action Test Case: Test Cases/Bold Key Login Page/Login Action/Action Test Case

2018-05-24 11:05:11 - [TEST_STEP][PASSED] - setText: Text 'cwpreflat' is set on object 'Object Repository/BoldKey Login/Page_BOLD.Key - Login - BUTTON/input_txtusername'

2018-05-24 11:05:12 - [MESSAGE][PASSED] - Text 'cwpreflat' is set on object 'Object Repository/BoldKey Login/Page_BOLD.Key - Login - BUTTON/input_txtusername'

2018-05-24 11:05:12 - [TEST_STEP][PASSED] - setText: Text 'P@55wor' is set on object 'Object Repository/BoldKey Login/Page_BOLD.Key - Login - BUTTON/input_txtpassword'

2018-05-24 11:05:12 - [MESSAGE][PASSED] - Text 'P@55wor' is set on object 'Object Repository/BoldKey Login/Page_BOLD.Key - Login - BUTTON/input_txtpassword'

2018-05-24 11:05:12 - [TEST_STEP][PASSED] - click: Object: 'Object Repository/BoldKey Login/Page_BOLD.Key - Login - BUTTON/button_LOGIN' is clicked on

2018-05-24 11:05:12 - [MESSAGE][PASSED] - Object: 'Object Repository/BoldKey Login/Page_BOLD.Key - Login - BUTTON/button_LOGIN' is clicked on

2018-05-24 11:05:12 - [MESSAGE][PASSED] - Call Test Case 'Test Cases/Bold Key Login Page/Login Action/Action Test Case' successfully

2018-05-24 11:05:12 - [TEST_STEP][PASSED] - Statement - switch (data_expectedresult.toString()): null

2018-05-24 11:05:12 - [TEST_STEP][PASSED] - Statement - Default: null

2018-05-24 11:05:12 - [TEST_STEP][PASSED] - Statement - If (username.trim() == "" || password == ""): null

2018-05-24 11:05:12 - [TEST_STEP][PASSED] - Statement - Else: null

2018-05-24 11:05:12 - [TEST_STEP][PASSED] - Statement - invalidUser = false: null

2018-05-24 11:05:12 - [TEST_STEP][PASSED] - Statement - accountLocked = false: null

2018-05-24 11:05:12 - [TEST_STEP][PASSED] - Statement - serverMsg = "": null

2018-05-24 11:05:12 - [TEST_STEP][PASSED] - Statement - If (com.kms.katalon.core.webui.keyword.WebUiBuiltInKeywords.waitForElementVisible(com.kms.katalon.core.testobject.ObjectRepository.findTestObject(Object Repository/BoldKey Login/Page_BOLD.Key - Login - BUTTON/Page_BOLD.Key - Login (2)/Page_BOLD.Key - Login/invalid_message), 10)): null

2018-05-24 11:05:13 - [MESSAGE][PASSED] - Object 'Object Repository/BoldKey Login/Page_BOLD.Key - Login - BUTTON/Page_BOLD.Key - Login (2)/Page_BOLD.Key - Login/invalid_message' is visible

2018-05-24 11:05:13 - [TEST_STEP][PASSED] - Statement - serverMsg = com.kms.katalon.core.webui.keyword.WebUiBuiltInKeywords.getText(com.kms.katalon.core.testobject.ObjectRepository.findTestObject(Object Repository/BoldKey Login/Page_BOLD.Key - Login - BUTTON/Page_BOLD.Key - Login (2)/Page_BOLD.Key - Login/invalid_message)): Text of object 'Object Repository/BoldKey Login/Page_BOLD.Key - Login - BUTTON/Page_BOLD.Key - Login (2)/Page_BOLD.Key - Login/invalid_message' is: 'Invalid username or password.'

2018-05-24 11:05:13 - [MESSAGE][PASSED] - Text of object 'Object Repository/BoldKey Login/Page_BOLD.Key - Login - BUTTON/Page_BOLD.Key - Login (2)/Page_BOLD.Key - Login/invalid_message' is: 'Invalid username or password.'

2018-05-24 11:05:13 - [TEST_STEP][PASSED] - Statement - If (serverMsg.compareTo(server_message) == 0): null

2018-05-24 11:05:13 - [TEST_STEP][PASSED] - Statement - invalidUser = true: null

2018-05-24 11:05:13 - [TEST_STEP][PASSED] - Statement - If (invalidUser == true || accountLocked == true): null

2018-05-24 11:05:13 - [TEST_STEP][PASSED] - delay: Delayed 2 second(s)

2018-05-24 11:05:15 - [MESSAGE][PASSED] - Delayed 2 second(s)

2018-05-24 11:05:15 - [TEST_STEP][PASSED] - refresh: Refresh successfully

2018-05-24 11:05:16 - [MESSAGE][PASSED] - Refresh successfully

2018-05-24 11:05:16 - [TEST_STEP][PASSED] - Statement - Break: null]]></system-out>
         <system-err><![CDATA[]]></system-err>
      </testcase>
      <testcase name="Test Cases/Bold Key Login Page/Negative Case/Login Fail - Button 1" classname="Test Cases/Bold Key Login Page/Negative Case/Login Fail - Button 1" status="PASSED">
         <system-out><![CDATA[2018-05-24 11:05:16 - [TEST_CASE][PASSED] - Test Cases/Bold Key Login Page/Negative Case/Login Fail - Button 1: Test Cases/Bold Key Login Page/Negative Case/Login Fail - Button 1

2018-05-24 11:05:16 - [TEST_STEP][PASSED] - Statement - If (openBrowser == false): null

2018-05-24 11:05:16 - [TEST_STEP][PASSED] - callTestCase: Call Test Case 'Test Cases/Bold Key Login Page/Login Action/Action Test Case' successfully

2018-05-24 11:05:16 - [TEST_CASE][PASSED] - Test Cases/Bold Key Login Page/Login Action/Action Test Case: Test Cases/Bold Key Login Page/Login Action/Action Test Case

2018-05-24 11:05:16 - [TEST_STEP][PASSED] - setText: Text 'cwpreee' is set on object 'Object Repository/BoldKey Login/Page_BOLD.Key - Login - BUTTON/input_txtusername'

2018-05-24 11:05:17 - [MESSAGE][PASSED] - Text 'cwpreee' is set on object 'Object Repository/BoldKey Login/Page_BOLD.Key - Login - BUTTON/input_txtusername'

2018-05-24 11:05:17 - [TEST_STEP][PASSED] - setText: Text 'P@55wor' is set on object 'Object Repository/BoldKey Login/Page_BOLD.Key - Login - BUTTON/input_txtpassword'

2018-05-24 11:05:17 - [MESSAGE][PASSED] - Text 'P@55wor' is set on object 'Object Repository/BoldKey Login/Page_BOLD.Key - Login - BUTTON/input_txtpassword'

2018-05-24 11:05:17 - [TEST_STEP][PASSED] - click: Object: 'Object Repository/BoldKey Login/Page_BOLD.Key - Login - BUTTON/button_LOGIN' is clicked on

2018-05-24 11:05:17 - [MESSAGE][PASSED] - Object: 'Object Repository/BoldKey Login/Page_BOLD.Key - Login - BUTTON/button_LOGIN' is clicked on

2018-05-24 11:05:17 - [MESSAGE][PASSED] - Call Test Case 'Test Cases/Bold Key Login Page/Login Action/Action Test Case' successfully

2018-05-24 11:05:17 - [TEST_STEP][PASSED] - Statement - switch (data_expectedresult.toString()): null

2018-05-24 11:05:17 - [TEST_STEP][PASSED] - Statement - Default: null

2018-05-24 11:05:17 - [TEST_STEP][PASSED] - Statement - If (username.trim() == "" || password == ""): null

2018-05-24 11:05:17 - [TEST_STEP][PASSED] - Statement - Else: null

2018-05-24 11:05:17 - [TEST_STEP][PASSED] - Statement - invalidUser = false: null

2018-05-24 11:05:17 - [TEST_STEP][PASSED] - Statement - accountLocked = false: null

2018-05-24 11:05:17 - [TEST_STEP][PASSED] - Statement - serverMsg = "": null

2018-05-24 11:05:17 - [TEST_STEP][PASSED] - Statement - If (com.kms.katalon.core.webui.keyword.WebUiBuiltInKeywords.waitForElementVisible(com.kms.katalon.core.testobject.ObjectRepository.findTestObject(Object Repository/BoldKey Login/Page_BOLD.Key - Login - BUTTON/Page_BOLD.Key - Login (2)/Page_BOLD.Key - Login/invalid_message), 10)): null

2018-05-24 11:05:17 - [MESSAGE][PASSED] - Object 'Object Repository/BoldKey Login/Page_BOLD.Key - Login - BUTTON/Page_BOLD.Key - Login (2)/Page_BOLD.Key - Login/invalid_message' is visible

2018-05-24 11:05:17 - [TEST_STEP][PASSED] - Statement - serverMsg = com.kms.katalon.core.webui.keyword.WebUiBuiltInKeywords.getText(com.kms.katalon.core.testobject.ObjectRepository.findTestObject(Object Repository/BoldKey Login/Page_BOLD.Key - Login - BUTTON/Page_BOLD.Key - Login (2)/Page_BOLD.Key - Login/invalid_message)): Text of object 'Object Repository/BoldKey Login/Page_BOLD.Key - Login - BUTTON/Page_BOLD.Key - Login (2)/Page_BOLD.Key - Login/invalid_message' is: 'Invalid username and password.'

2018-05-24 11:05:18 - [MESSAGE][PASSED] - Text of object 'Object Repository/BoldKey Login/Page_BOLD.Key - Login - BUTTON/Page_BOLD.Key - Login (2)/Page_BOLD.Key - Login/invalid_message' is: 'Invalid username and password.'

2018-05-24 11:05:18 - [TEST_STEP][PASSED] - Statement - If (serverMsg.compareTo(server_message) == 0): null

2018-05-24 11:05:18 - [TEST_STEP][PASSED] - Statement - Else If (serverMsg.compareTo(server_message1) == 0): null

2018-05-24 11:05:18 - [TEST_STEP][PASSED] - Statement - invalidUser = true: null

2018-05-24 11:05:18 - [TEST_STEP][PASSED] - Statement - If (invalidUser == true || accountLocked == true): null

2018-05-24 11:05:18 - [TEST_STEP][PASSED] - delay: Delayed 2 second(s)

2018-05-24 11:05:20 - [MESSAGE][PASSED] - Delayed 2 second(s)

2018-05-24 11:05:20 - [TEST_STEP][PASSED] - refresh: Refresh successfully

2018-05-24 11:05:20 - [MESSAGE][PASSED] - Refresh successfully

2018-05-24 11:05:20 - [TEST_STEP][PASSED] - Statement - Break: null]]></system-out>
         <system-err><![CDATA[]]></system-err>
      </testcase>
      <testcase name="Test Cases/Bold Key Login Page/Negative Case/Login Fail - Button 1" classname="Test Cases/Bold Key Login Page/Negative Case/Login Fail - Button 1" status="PASSED">
         <system-out><![CDATA[2018-05-24 11:05:20 - [TEST_CASE][PASSED] - Test Cases/Bold Key Login Page/Negative Case/Login Fail - Button 1: Test Cases/Bold Key Login Page/Negative Case/Login Fail - Button 1

2018-05-24 11:05:20 - [TEST_STEP][PASSED] - Statement - If (openBrowser == false): null

2018-05-24 11:05:20 - [TEST_STEP][PASSED] - callTestCase: Call Test Case 'Test Cases/Bold Key Login Page/Login Action/Action Test Case' successfully

2018-05-24 11:05:20 - [TEST_CASE][PASSED] - Test Cases/Bold Key Login Page/Login Action/Action Test Case: Test Cases/Bold Key Login Page/Login Action/Action Test Case

2018-05-24 11:05:20 - [TEST_STEP][PASSED] - setText: Text '' is set on object 'Object Repository/BoldKey Login/Page_BOLD.Key - Login - BUTTON/input_txtusername'

2018-05-24 11:05:21 - [MESSAGE][PASSED] - Text '' is set on object 'Object Repository/BoldKey Login/Page_BOLD.Key - Login - BUTTON/input_txtusername'

2018-05-24 11:05:21 - [TEST_STEP][PASSED] - setText: Text 'P@55word' is set on object 'Object Repository/BoldKey Login/Page_BOLD.Key - Login - BUTTON/input_txtpassword'

2018-05-24 11:05:21 - [MESSAGE][PASSED] - Text 'P@55word' is set on object 'Object Repository/BoldKey Login/Page_BOLD.Key - Login - BUTTON/input_txtpassword'

2018-05-24 11:05:21 - [TEST_STEP][PASSED] - click: Object: 'Object Repository/BoldKey Login/Page_BOLD.Key - Login - BUTTON/button_LOGIN' is clicked on

2018-05-24 11:05:21 - [MESSAGE][PASSED] - Object: 'Object Repository/BoldKey Login/Page_BOLD.Key - Login - BUTTON/button_LOGIN' is clicked on

2018-05-24 11:05:21 - [MESSAGE][PASSED] - Call Test Case 'Test Cases/Bold Key Login Page/Login Action/Action Test Case' successfully

2018-05-24 11:05:21 - [TEST_STEP][PASSED] - Statement - switch (data_expectedresult.toString()): null

2018-05-24 11:05:21 - [TEST_STEP][PASSED] - Statement - Default: null

2018-05-24 11:05:21 - [TEST_STEP][PASSED] - Statement - If (username.trim() == "" || password == ""): null

2018-05-24 11:05:21 - [TEST_STEP][PASSED] - Statement - emptyUsername = false: null

2018-05-24 11:05:21 - [TEST_STEP][PASSED] - Statement - emptyPassword = false: null

2018-05-24 11:05:21 - [TEST_STEP][PASSED] - Statement - verifyUsername = "": null

2018-05-24 11:05:21 - [TEST_STEP][PASSED] - Statement - verifyPassword = "": null

2018-05-24 11:05:21 - [TEST_STEP][PASSED] - Statement - If (com.kms.katalon.core.webui.keyword.WebUiBuiltInKeywords.waitForElementVisible(com.kms.katalon.core.testobject.ObjectRepository.findTestObject(Object Repository/BoldKey Login/Page_BOLD.Key - Login - BUTTON/Page_BOLD.Key - Login (2)/username_message), 5)): null

2018-05-24 11:05:21 - [MESSAGE][PASSED] - Object 'Object Repository/BoldKey Login/Page_BOLD.Key - Login - BUTTON/Page_BOLD.Key - Login (2)/username_message' is visible

2018-05-24 11:05:21 - [TEST_STEP][PASSED] - Statement - verifyUsername = com.kms.katalon.core.webui.keyword.WebUiBuiltInKeywords.getText(com.kms.katalon.core.testobject.ObjectRepository.findTestObject(Object Repository/BoldKey Login/Page_BOLD.Key - Login - BUTTON/Page_BOLD.Key - Login (2)/username_message)): Text of object 'Object Repository/BoldKey Login/Page_BOLD.Key - Login - BUTTON/Page_BOLD.Key - Login (2)/username_message' is: 'The username field is required.'

2018-05-24 11:05:22 - [MESSAGE][PASSED] - Text of object 'Object Repository/BoldKey Login/Page_BOLD.Key - Login - BUTTON/Page_BOLD.Key - Login (2)/username_message' is: 'The username field is required.'

2018-05-24 11:05:22 - [TEST_STEP][PASSED] - verifyMatch: Actual text 'The username field is required.' and expected text 'The username field is required.' are matched  using regular expression

2018-05-24 11:05:22 - [MESSAGE][PASSED] - Actual text 'The username field is required.' and expected text 'The username field is required.' are matched  using regular expression

2018-05-24 11:05:22 - [TEST_STEP][PASSED] - Statement - emptyUsername = true: null

2018-05-24 11:05:22 - [TEST_STEP][PASSED] - Statement - If (emptyUsername == true || emptyPassword == true): null

2018-05-24 11:05:22 - [TEST_STEP][PASSED] - delay: Delayed 2 second(s)

2018-05-24 11:05:24 - [MESSAGE][PASSED] - Delayed 2 second(s)

2018-05-24 11:05:24 - [TEST_STEP][PASSED] - refresh: Refresh successfully

2018-05-24 11:05:24 - [MESSAGE][PASSED] - Refresh successfully

2018-05-24 11:05:24 - [TEST_STEP][PASSED] - Statement - Break: null]]></system-out>
         <system-err><![CDATA[]]></system-err>
      </testcase>
      <testcase name="Test Cases/Bold Key Login Page/Negative Case/Login Fail - Button 1" classname="Test Cases/Bold Key Login Page/Negative Case/Login Fail - Button 1" status="PASSED">
         <system-out><![CDATA[2018-05-24 11:05:24 - [TEST_CASE][PASSED] - Test Cases/Bold Key Login Page/Negative Case/Login Fail - Button 1: Test Cases/Bold Key Login Page/Negative Case/Login Fail - Button 1

2018-05-24 11:05:24 - [TEST_STEP][PASSED] - Statement - If (openBrowser == false): null

2018-05-24 11:05:24 - [TEST_STEP][PASSED] - callTestCase: Call Test Case 'Test Cases/Bold Key Login Page/Login Action/Action Test Case' successfully

2018-05-24 11:05:24 - [TEST_CASE][PASSED] - Test Cases/Bold Key Login Page/Login Action/Action Test Case: Test Cases/Bold Key Login Page/Login Action/Action Test Case

2018-05-24 11:05:24 - [TEST_STEP][PASSED] - setText: Text 'cwpreflat' is set on object 'Object Repository/BoldKey Login/Page_BOLD.Key - Login - BUTTON/input_txtusername'

2018-05-24 11:05:25 - [MESSAGE][PASSED] - Text 'cwpreflat' is set on object 'Object Repository/BoldKey Login/Page_BOLD.Key - Login - BUTTON/input_txtusername'

2018-05-24 11:05:25 - [TEST_STEP][PASSED] - setText: Text '' is set on object 'Object Repository/BoldKey Login/Page_BOLD.Key - Login - BUTTON/input_txtpassword'

2018-05-24 11:05:25 - [MESSAGE][PASSED] - Text '' is set on object 'Object Repository/BoldKey Login/Page_BOLD.Key - Login - BUTTON/input_txtpassword'

2018-05-24 11:05:25 - [TEST_STEP][PASSED] - click: Object: 'Object Repository/BoldKey Login/Page_BOLD.Key - Login - BUTTON/button_LOGIN' is clicked on

2018-05-24 11:05:25 - [MESSAGE][PASSED] - Object: 'Object Repository/BoldKey Login/Page_BOLD.Key - Login - BUTTON/button_LOGIN' is clicked on

2018-05-24 11:05:25 - [MESSAGE][PASSED] - Call Test Case 'Test Cases/Bold Key Login Page/Login Action/Action Test Case' successfully

2018-05-24 11:05:25 - [TEST_STEP][PASSED] - Statement - switch (data_expectedresult.toString()): null

2018-05-24 11:05:25 - [TEST_STEP][PASSED] - Statement - Default: null

2018-05-24 11:05:25 - [TEST_STEP][PASSED] - Statement - If (username.trim() == "" || password == ""): null

2018-05-24 11:05:25 - [TEST_STEP][PASSED] - Statement - emptyUsername = false: null

2018-05-24 11:05:25 - [TEST_STEP][PASSED] - Statement - emptyPassword = false: null

2018-05-24 11:05:25 - [TEST_STEP][PASSED] - Statement - verifyUsername = "": null

2018-05-24 11:05:25 - [TEST_STEP][PASSED] - Statement - verifyPassword = "": null

2018-05-24 11:05:25 - [TEST_STEP][PASSED] - Statement - If (com.kms.katalon.core.webui.keyword.WebUiBuiltInKeywords.waitForElementVisible(com.kms.katalon.core.testobject.ObjectRepository.findTestObject(Object Repository/BoldKey Login/Page_BOLD.Key - Login - BUTTON/Page_BOLD.Key - Login (2)/username_message), 5)): Object 'Object Repository/BoldKey Login/Page_BOLD.Key - Login - BUTTON/Page_BOLD.Key - Login (2)/password_message' is visible

2018-05-24 11:05:31 - [MESSAGE][WARNING] - Object 'Object Repository/BoldKey Login/Page_BOLD.Key - Login - BUTTON/Page_BOLD.Key - Login (2)/username_message' is not visible after 5 second(s)

2018-05-24 11:05:31 - [MESSAGE][PASSED] - Object 'Object Repository/BoldKey Login/Page_BOLD.Key - Login - BUTTON/Page_BOLD.Key - Login (2)/password_message' is visible

2018-05-24 11:05:31 - [TEST_STEP][PASSED] - Statement - Else If (com.kms.katalon.core.webui.keyword.WebUiBuiltInKeywords.waitForElementVisible(com.kms.katalon.core.testobject.ObjectRepository.findTestObject(Object Repository/BoldKey Login/Page_BOLD.Key - Login - BUTTON/Page_BOLD.Key - Login (2)/password_message), 5)): null

2018-05-24 11:05:31 - [TEST_STEP][PASSED] - Statement - verifyPassword = com.kms.katalon.core.webui.keyword.WebUiBuiltInKeywords.getText(com.kms.katalon.core.testobject.ObjectRepository.findTestObject(Object Repository/BoldKey Login/Page_BOLD.Key - Login - BUTTON/Page_BOLD.Key - Login (2)/password_message)): Text of object 'Object Repository/BoldKey Login/Page_BOLD.Key - Login - BUTTON/Page_BOLD.Key - Login (2)/password_message' is: 'The password field is required.'

2018-05-24 11:05:31 - [MESSAGE][PASSED] - Text of object 'Object Repository/BoldKey Login/Page_BOLD.Key - Login - BUTTON/Page_BOLD.Key - Login (2)/password_message' is: 'The password field is required.'

2018-05-24 11:05:31 - [TEST_STEP][PASSED] - verifyMatch: Actual text 'The password field is required.' and expected text 'The password field is required.' are matched  using regular expression

2018-05-24 11:05:31 - [MESSAGE][PASSED] - Actual text 'The password field is required.' and expected text 'The password field is required.' are matched  using regular expression

2018-05-24 11:05:31 - [TEST_STEP][PASSED] - Statement - emptyPassword = true: null

2018-05-24 11:05:31 - [TEST_STEP][PASSED] - Statement - If (emptyUsername == true || emptyPassword == true): null

2018-05-24 11:05:31 - [TEST_STEP][PASSED] - delay: Delayed 2 second(s)

2018-05-24 11:05:33 - [MESSAGE][PASSED] - Delayed 2 second(s)

2018-05-24 11:05:33 - [TEST_STEP][PASSED] - refresh: Refresh successfully

2018-05-24 11:05:34 - [MESSAGE][PASSED] - Refresh successfully

2018-05-24 11:05:34 - [TEST_STEP][PASSED] - Statement - Break: null]]></system-out>
         <system-err><![CDATA[]]></system-err>
      </testcase>
      <testcase name="Test Cases/Bold Key Login Page/Negative Case/Login Fail - Button 1" classname="Test Cases/Bold Key Login Page/Negative Case/Login Fail - Button 1" status="PASSED">
         <system-out><![CDATA[2018-05-24 11:05:34 - [TEST_CASE][PASSED] - Test Cases/Bold Key Login Page/Negative Case/Login Fail - Button 1: Test Cases/Bold Key Login Page/Negative Case/Login Fail - Button 1

2018-05-24 11:05:34 - [TEST_STEP][PASSED] - Statement - If (openBrowser == false): null

2018-05-24 11:05:34 - [TEST_STEP][PASSED] - callTestCase: Call Test Case 'Test Cases/Bold Key Login Page/Login Action/Action Test Case' successfully

2018-05-24 11:05:34 - [TEST_CASE][PASSED] - Test Cases/Bold Key Login Page/Login Action/Action Test Case: Test Cases/Bold Key Login Page/Login Action/Action Test Case

2018-05-24 11:05:34 - [TEST_STEP][PASSED] - setText: Text '' is set on object 'Object Repository/BoldKey Login/Page_BOLD.Key - Login - BUTTON/input_txtusername'

2018-05-24 11:05:34 - [MESSAGE][PASSED] - Text '' is set on object 'Object Repository/BoldKey Login/Page_BOLD.Key - Login - BUTTON/input_txtusername'

2018-05-24 11:05:34 - [TEST_STEP][PASSED] - setText: Text '' is set on object 'Object Repository/BoldKey Login/Page_BOLD.Key - Login - BUTTON/input_txtpassword'

2018-05-24 11:05:34 - [MESSAGE][PASSED] - Text '' is set on object 'Object Repository/BoldKey Login/Page_BOLD.Key - Login - BUTTON/input_txtpassword'

2018-05-24 11:05:34 - [TEST_STEP][PASSED] - click: Object: 'Object Repository/BoldKey Login/Page_BOLD.Key - Login - BUTTON/button_LOGIN' is clicked on

2018-05-24 11:05:35 - [MESSAGE][PASSED] - Object: 'Object Repository/BoldKey Login/Page_BOLD.Key - Login - BUTTON/button_LOGIN' is clicked on

2018-05-24 11:05:35 - [MESSAGE][PASSED] - Call Test Case 'Test Cases/Bold Key Login Page/Login Action/Action Test Case' successfully

2018-05-24 11:05:35 - [TEST_STEP][PASSED] - Statement - switch (data_expectedresult.toString()): null

2018-05-24 11:05:35 - [TEST_STEP][PASSED] - Statement - Default: null

2018-05-24 11:05:35 - [TEST_STEP][PASSED] - Statement - If (username.trim() == "" || password == ""): null

2018-05-24 11:05:35 - [TEST_STEP][PASSED] - Statement - emptyUsername = false: null

2018-05-24 11:05:35 - [TEST_STEP][PASSED] - Statement - emptyPassword = false: null

2018-05-24 11:05:35 - [TEST_STEP][PASSED] - Statement - verifyUsername = "": null

2018-05-24 11:05:35 - [TEST_STEP][PASSED] - Statement - verifyPassword = "": null

2018-05-24 11:05:35 - [TEST_STEP][PASSED] - Statement - If (com.kms.katalon.core.webui.keyword.WebUiBuiltInKeywords.waitForElementVisible(com.kms.katalon.core.testobject.ObjectRepository.findTestObject(Object Repository/BoldKey Login/Page_BOLD.Key - Login - BUTTON/Page_BOLD.Key - Login (2)/username_message), 5)): null

2018-05-24 11:05:35 - [MESSAGE][PASSED] - Object 'Object Repository/BoldKey Login/Page_BOLD.Key - Login - BUTTON/Page_BOLD.Key - Login (2)/username_message' is visible

2018-05-24 11:05:35 - [TEST_STEP][PASSED] - Statement - verifyUsername = com.kms.katalon.core.webui.keyword.WebUiBuiltInKeywords.getText(com.kms.katalon.core.testobject.ObjectRepository.findTestObject(Object Repository/BoldKey Login/Page_BOLD.Key - Login - BUTTON/Page_BOLD.Key - Login (2)/username_message)): Text of object 'Object Repository/BoldKey Login/Page_BOLD.Key - Login - BUTTON/Page_BOLD.Key - Login (2)/username_message' is: 'The username field is required.'

2018-05-24 11:05:35 - [MESSAGE][PASSED] - Text of object 'Object Repository/BoldKey Login/Page_BOLD.Key - Login - BUTTON/Page_BOLD.Key - Login (2)/username_message' is: 'The username field is required.'

2018-05-24 11:05:35 - [TEST_STEP][PASSED] - verifyMatch: Actual text 'The username field is required.' and expected text 'The username field is required.' are matched  using regular expression

2018-05-24 11:05:35 - [MESSAGE][PASSED] - Actual text 'The username field is required.' and expected text 'The username field is required.' are matched  using regular expression

2018-05-24 11:05:35 - [TEST_STEP][PASSED] - Statement - emptyUsername = true: null

2018-05-24 11:05:35 - [TEST_STEP][PASSED] - Statement - If (emptyUsername == true || emptyPassword == true): null

2018-05-24 11:05:35 - [TEST_STEP][PASSED] - delay: Delayed 2 second(s)

2018-05-24 11:05:37 - [MESSAGE][PASSED] - Delayed 2 second(s)

2018-05-24 11:05:37 - [TEST_STEP][PASSED] - refresh: Refresh successfully

2018-05-24 11:05:38 - [MESSAGE][PASSED] - Refresh successfully

2018-05-24 11:05:38 - [TEST_STEP][PASSED] - Statement - Break: null]]></system-out>
         <system-err><![CDATA[]]></system-err>
      </testcase>
      <testcase name="Test Cases/Bold Key Login Page/Negative Case/Login Fail - Button 1" classname="Test Cases/Bold Key Login Page/Negative Case/Login Fail - Button 1" status="PASSED">
         <system-out><![CDATA[2018-05-24 11:05:38 - [TEST_CASE][PASSED] - Test Cases/Bold Key Login Page/Negative Case/Login Fail - Button 1: Test Cases/Bold Key Login Page/Negative Case/Login Fail - Button 1

2018-05-24 11:05:38 - [TEST_STEP][PASSED] - Statement - If (openBrowser == false): null

2018-05-24 11:05:38 - [TEST_STEP][PASSED] - callTestCase: Call Test Case 'Test Cases/Bold Key Login Page/Login Action/Action Test Case' successfully

2018-05-24 11:05:38 - [TEST_CASE][PASSED] - Test Cases/Bold Key Login Page/Login Action/Action Test Case: Test Cases/Bold Key Login Page/Login Action/Action Test Case

2018-05-24 11:05:38 - [TEST_STEP][PASSED] - setText: Text 'console' is set on object 'Object Repository/BoldKey Login/Page_BOLD.Key - Login - BUTTON/input_txtusername'

2018-05-24 11:05:38 - [MESSAGE][PASSED] - Text 'console' is set on object 'Object Repository/BoldKey Login/Page_BOLD.Key - Login - BUTTON/input_txtusername'

2018-05-24 11:05:38 - [TEST_STEP][PASSED] - setText: Text 'PPP' is set on object 'Object Repository/BoldKey Login/Page_BOLD.Key - Login - BUTTON/input_txtpassword'

2018-05-24 11:05:39 - [MESSAGE][PASSED] - Text 'PPP' is set on object 'Object Repository/BoldKey Login/Page_BOLD.Key - Login - BUTTON/input_txtpassword'

2018-05-24 11:05:39 - [TEST_STEP][PASSED] - click: Object: 'Object Repository/BoldKey Login/Page_BOLD.Key - Login - BUTTON/button_LOGIN' is clicked on

2018-05-24 11:05:39 - [MESSAGE][PASSED] - Object: 'Object Repository/BoldKey Login/Page_BOLD.Key - Login - BUTTON/button_LOGIN' is clicked on

2018-05-24 11:05:39 - [MESSAGE][PASSED] - Call Test Case 'Test Cases/Bold Key Login Page/Login Action/Action Test Case' successfully

2018-05-24 11:05:39 - [TEST_STEP][PASSED] - Statement - switch (data_expectedresult.toString()): null

2018-05-24 11:05:39 - [TEST_STEP][PASSED] - Statement - Default: null

2018-05-24 11:05:39 - [TEST_STEP][PASSED] - Statement - If (username.trim() == "" || password == ""): null

2018-05-24 11:05:39 - [TEST_STEP][PASSED] - Statement - Else: null

2018-05-24 11:05:39 - [TEST_STEP][PASSED] - Statement - invalidUser = false: null

2018-05-24 11:05:39 - [TEST_STEP][PASSED] - Statement - accountLocked = false: null

2018-05-24 11:05:39 - [TEST_STEP][PASSED] - Statement - serverMsg = "": null

2018-05-24 11:05:39 - [TEST_STEP][PASSED] - Statement - If (com.kms.katalon.core.webui.keyword.WebUiBuiltInKeywords.waitForElementVisible(com.kms.katalon.core.testobject.ObjectRepository.findTestObject(Object Repository/BoldKey Login/Page_BOLD.Key - Login - BUTTON/Page_BOLD.Key - Login (2)/Page_BOLD.Key - Login/invalid_message), 10)): null

2018-05-24 11:05:39 - [MESSAGE][PASSED] - Object 'Object Repository/BoldKey Login/Page_BOLD.Key - Login - BUTTON/Page_BOLD.Key - Login (2)/Page_BOLD.Key - Login/invalid_message' is visible

2018-05-24 11:05:39 - [TEST_STEP][PASSED] - Statement - serverMsg = com.kms.katalon.core.webui.keyword.WebUiBuiltInKeywords.getText(com.kms.katalon.core.testobject.ObjectRepository.findTestObject(Object Repository/BoldKey Login/Page_BOLD.Key - Login - BUTTON/Page_BOLD.Key - Login (2)/Page_BOLD.Key - Login/invalid_message)): Text of object 'Object Repository/BoldKey Login/Page_BOLD.Key - Login - BUTTON/Page_BOLD.Key - Login (2)/Page_BOLD.Key - Login/invalid_message' is: 'Unable to login. Account has been locked out.'

2018-05-24 11:05:40 - [MESSAGE][PASSED] - Text of object 'Object Repository/BoldKey Login/Page_BOLD.Key - Login - BUTTON/Page_BOLD.Key - Login (2)/Page_BOLD.Key - Login/invalid_message' is: 'Unable to login. Account has been locked out.'

2018-05-24 11:05:40 - [TEST_STEP][PASSED] - Statement - If (serverMsg.compareTo(server_message) == 0): null

2018-05-24 11:05:40 - [TEST_STEP][PASSED] - Statement - Else If (serverMsg.compareTo(server_message1) == 0): null

2018-05-24 11:05:40 - [TEST_STEP][PASSED] - Statement - Else If (serverMsg.compareTo(server_message2) == 0): null

2018-05-24 11:05:40 - [TEST_STEP][PASSED] - Statement - accountLocked = true: null

2018-05-24 11:05:40 - [TEST_STEP][PASSED] - Statement - If (invalidUser == true || accountLocked == true): null

2018-05-24 11:05:40 - [TEST_STEP][PASSED] - delay: Delayed 2 second(s)

2018-05-24 11:05:42 - [MESSAGE][PASSED] - Delayed 2 second(s)

2018-05-24 11:05:42 - [TEST_STEP][PASSED] - refresh: Refresh successfully

2018-05-24 11:05:42 - [MESSAGE][PASSED] - Refresh successfully

2018-05-24 11:05:42 - [TEST_STEP][PASSED] - Statement - Break: null]]></system-out>
         <system-err><![CDATA[]]></system-err>
      </testcase>
      <testcase name="Test Cases/Bold Key Login Page/Negative Case/Login Fail - Button 1" classname="Test Cases/Bold Key Login Page/Negative Case/Login Fail - Button 1" status="PASSED">
         <system-out><![CDATA[2018-05-24 11:05:42 - [TEST_CASE][PASSED] - Test Cases/Bold Key Login Page/Negative Case/Login Fail - Button 1: Test Cases/Bold Key Login Page/Negative Case/Login Fail - Button 1

2018-05-24 11:05:42 - [TEST_STEP][PASSED] - Statement - If (openBrowser == false): null

2018-05-24 11:05:42 - [TEST_STEP][PASSED] - callTestCase: Call Test Case 'Test Cases/Bold Key Login Page/Login Action/Action Test Case' successfully

2018-05-24 11:05:42 - [TEST_CASE][PASSED] - Test Cases/Bold Key Login Page/Login Action/Action Test Case: Test Cases/Bold Key Login Page/Login Action/Action Test Case

2018-05-24 11:05:42 - [TEST_STEP][PASSED] - setText: Text 'console' is set on object 'Object Repository/BoldKey Login/Page_BOLD.Key - Login - BUTTON/input_txtusername'

2018-05-24 11:05:43 - [MESSAGE][PASSED] - Text 'console' is set on object 'Object Repository/BoldKey Login/Page_BOLD.Key - Login - BUTTON/input_txtusername'

2018-05-24 11:05:43 - [TEST_STEP][PASSED] - setText: Text 'PPP' is set on object 'Object Repository/BoldKey Login/Page_BOLD.Key - Login - BUTTON/input_txtpassword'

2018-05-24 11:05:43 - [MESSAGE][PASSED] - Text 'PPP' is set on object 'Object Repository/BoldKey Login/Page_BOLD.Key - Login - BUTTON/input_txtpassword'

2018-05-24 11:05:43 - [TEST_STEP][PASSED] - click: Object: 'Object Repository/BoldKey Login/Page_BOLD.Key - Login - BUTTON/button_LOGIN' is clicked on

2018-05-24 11:05:43 - [MESSAGE][PASSED] - Object: 'Object Repository/BoldKey Login/Page_BOLD.Key - Login - BUTTON/button_LOGIN' is clicked on

2018-05-24 11:05:43 - [MESSAGE][PASSED] - Call Test Case 'Test Cases/Bold Key Login Page/Login Action/Action Test Case' successfully

2018-05-24 11:05:43 - [TEST_STEP][PASSED] - Statement - switch (data_expectedresult.toString()): null

2018-05-24 11:05:43 - [TEST_STEP][PASSED] - Statement - Default: null

2018-05-24 11:05:43 - [TEST_STEP][PASSED] - Statement - If (username.trim() == "" || password == ""): null

2018-05-24 11:05:43 - [TEST_STEP][PASSED] - Statement - Else: null

2018-05-24 11:05:43 - [TEST_STEP][PASSED] - Statement - invalidUser = false: null

2018-05-24 11:05:43 - [TEST_STEP][PASSED] - Statement - accountLocked = false: null

2018-05-24 11:05:43 - [TEST_STEP][PASSED] - Statement - serverMsg = "": null

2018-05-24 11:05:43 - [TEST_STEP][PASSED] - Statement - If (com.kms.katalon.core.webui.keyword.WebUiBuiltInKeywords.waitForElementVisible(com.kms.katalon.core.testobject.ObjectRepository.findTestObject(Object Repository/BoldKey Login/Page_BOLD.Key - Login - BUTTON/Page_BOLD.Key - Login (2)/Page_BOLD.Key - Login/invalid_message), 10)): null

2018-05-24 11:05:44 - [MESSAGE][PASSED] - Object 'Object Repository/BoldKey Login/Page_BOLD.Key - Login - BUTTON/Page_BOLD.Key - Login (2)/Page_BOLD.Key - Login/invalid_message' is visible

2018-05-24 11:05:44 - [TEST_STEP][PASSED] - Statement - serverMsg = com.kms.katalon.core.webui.keyword.WebUiBuiltInKeywords.getText(com.kms.katalon.core.testobject.ObjectRepository.findTestObject(Object Repository/BoldKey Login/Page_BOLD.Key - Login - BUTTON/Page_BOLD.Key - Login (2)/Page_BOLD.Key - Login/invalid_message)): Text of object 'Object Repository/BoldKey Login/Page_BOLD.Key - Login - BUTTON/Page_BOLD.Key - Login (2)/Page_BOLD.Key - Login/invalid_message' is: 'Unable to login. Account has been locked out.'

2018-05-24 11:05:44 - [MESSAGE][PASSED] - Text of object 'Object Repository/BoldKey Login/Page_BOLD.Key - Login - BUTTON/Page_BOLD.Key - Login (2)/Page_BOLD.Key - Login/invalid_message' is: 'Unable to login. Account has been locked out.'

2018-05-24 11:05:44 - [TEST_STEP][PASSED] - Statement - If (serverMsg.compareTo(server_message) == 0): null

2018-05-24 11:05:44 - [TEST_STEP][PASSED] - Statement - Else If (serverMsg.compareTo(server_message1) == 0): null

2018-05-24 11:05:44 - [TEST_STEP][PASSED] - Statement - Else If (serverMsg.compareTo(server_message2) == 0): null

2018-05-24 11:05:44 - [TEST_STEP][PASSED] - Statement - accountLocked = true: null

2018-05-24 11:05:44 - [TEST_STEP][PASSED] - Statement - If (invalidUser == true || accountLocked == true): null

2018-05-24 11:05:44 - [TEST_STEP][PASSED] - delay: Delayed 2 second(s)

2018-05-24 11:05:46 - [MESSAGE][PASSED] - Delayed 2 second(s)

2018-05-24 11:05:46 - [TEST_STEP][PASSED] - refresh: Refresh successfully

2018-05-24 11:05:47 - [MESSAGE][PASSED] - Refresh successfully

2018-05-24 11:05:47 - [TEST_STEP][PASSED] - Statement - Break: null]]></system-out>
         <system-err><![CDATA[]]></system-err>
      </testcase>
      <testcase name="Test Cases/Bold Key Login Page/Negative Case/Login Fail - Button 1" classname="Test Cases/Bold Key Login Page/Negative Case/Login Fail - Button 1" status="PASSED">
         <system-out><![CDATA[2018-05-24 11:05:47 - [TEST_CASE][PASSED] - Test Cases/Bold Key Login Page/Negative Case/Login Fail - Button 1: Test Cases/Bold Key Login Page/Negative Case/Login Fail - Button 1

2018-05-24 11:05:47 - [TEST_STEP][PASSED] - Statement - If (openBrowser == false): null

2018-05-24 11:05:47 - [TEST_STEP][PASSED] - callTestCase: Call Test Case 'Test Cases/Bold Key Login Page/Login Action/Action Test Case' successfully

2018-05-24 11:05:47 - [TEST_CASE][PASSED] - Test Cases/Bold Key Login Page/Login Action/Action Test Case: Test Cases/Bold Key Login Page/Login Action/Action Test Case

2018-05-24 11:05:47 - [TEST_STEP][PASSED] - setText: Text 'console' is set on object 'Object Repository/BoldKey Login/Page_BOLD.Key - Login - BUTTON/input_txtusername'

2018-05-24 11:05:47 - [MESSAGE][PASSED] - Text 'console' is set on object 'Object Repository/BoldKey Login/Page_BOLD.Key - Login - BUTTON/input_txtusername'

2018-05-24 11:05:47 - [TEST_STEP][PASSED] - setText: Text 'PPP' is set on object 'Object Repository/BoldKey Login/Page_BOLD.Key - Login - BUTTON/input_txtpassword'

2018-05-24 11:05:48 - [MESSAGE][PASSED] - Text 'PPP' is set on object 'Object Repository/BoldKey Login/Page_BOLD.Key - Login - BUTTON/input_txtpassword'

2018-05-24 11:05:48 - [TEST_STEP][PASSED] - click: Object: 'Object Repository/BoldKey Login/Page_BOLD.Key - Login - BUTTON/button_LOGIN' is clicked on

2018-05-24 11:05:48 - [MESSAGE][PASSED] - Object: 'Object Repository/BoldKey Login/Page_BOLD.Key - Login - BUTTON/button_LOGIN' is clicked on

2018-05-24 11:05:48 - [MESSAGE][PASSED] - Call Test Case 'Test Cases/Bold Key Login Page/Login Action/Action Test Case' successfully

2018-05-24 11:05:48 - [TEST_STEP][PASSED] - Statement - switch (data_expectedresult.toString()): null

2018-05-24 11:05:48 - [TEST_STEP][PASSED] - Statement - Default: null

2018-05-24 11:05:48 - [TEST_STEP][PASSED] - Statement - If (username.trim() == "" || password == ""): null

2018-05-24 11:05:48 - [TEST_STEP][PASSED] - Statement - Else: null

2018-05-24 11:05:48 - [TEST_STEP][PASSED] - Statement - invalidUser = false: null

2018-05-24 11:05:48 - [TEST_STEP][PASSED] - Statement - accountLocked = false: null

2018-05-24 11:05:48 - [TEST_STEP][PASSED] - Statement - serverMsg = "": null

2018-05-24 11:05:48 - [TEST_STEP][PASSED] - Statement - If (com.kms.katalon.core.webui.keyword.WebUiBuiltInKeywords.waitForElementVisible(com.kms.katalon.core.testobject.ObjectRepository.findTestObject(Object Repository/BoldKey Login/Page_BOLD.Key - Login - BUTTON/Page_BOLD.Key - Login (2)/Page_BOLD.Key - Login/invalid_message), 10)): null

2018-05-24 11:05:48 - [MESSAGE][PASSED] - Object 'Object Repository/BoldKey Login/Page_BOLD.Key - Login - BUTTON/Page_BOLD.Key - Login (2)/Page_BOLD.Key - Login/invalid_message' is visible

2018-05-24 11:05:48 - [TEST_STEP][PASSED] - Statement - serverMsg = com.kms.katalon.core.webui.keyword.WebUiBuiltInKeywords.getText(com.kms.katalon.core.testobject.ObjectRepository.findTestObject(Object Repository/BoldKey Login/Page_BOLD.Key - Login - BUTTON/Page_BOLD.Key - Login (2)/Page_BOLD.Key - Login/invalid_message)): Text of object 'Object Repository/BoldKey Login/Page_BOLD.Key - Login - BUTTON/Page_BOLD.Key - Login (2)/Page_BOLD.Key - Login/invalid_message' is: 'Unable to login. Account has been locked out.'

2018-05-24 11:05:49 - [MESSAGE][PASSED] - Text of object 'Object Repository/BoldKey Login/Page_BOLD.Key - Login - BUTTON/Page_BOLD.Key - Login (2)/Page_BOLD.Key - Login/invalid_message' is: 'Unable to login. Account has been locked out.'

2018-05-24 11:05:49 - [TEST_STEP][PASSED] - Statement - If (serverMsg.compareTo(server_message) == 0): null

2018-05-24 11:05:49 - [TEST_STEP][PASSED] - Statement - Else If (serverMsg.compareTo(server_message1) == 0): null

2018-05-24 11:05:49 - [TEST_STEP][PASSED] - Statement - Else If (serverMsg.compareTo(server_message2) == 0): null

2018-05-24 11:05:49 - [TEST_STEP][PASSED] - Statement - accountLocked = true: null

2018-05-24 11:05:49 - [TEST_STEP][PASSED] - Statement - If (invalidUser == true || accountLocked == true): null

2018-05-24 11:05:49 - [TEST_STEP][PASSED] - delay: Delayed 2 second(s)

2018-05-24 11:05:51 - [MESSAGE][PASSED] - Delayed 2 second(s)

2018-05-24 11:05:51 - [TEST_STEP][PASSED] - refresh: Refresh successfully

2018-05-24 11:05:51 - [MESSAGE][PASSED] - Refresh successfully

2018-05-24 11:05:51 - [TEST_STEP][PASSED] - Statement - Break: null]]></system-out>
         <system-err><![CDATA[]]></system-err>
      </testcase>
      <testcase name="Test Cases/Bold Key Login Page/Negative Case/Login Fail - Button 1" classname="Test Cases/Bold Key Login Page/Negative Case/Login Fail - Button 1" status="PASSED">
         <system-out><![CDATA[2018-05-24 11:05:51 - [TEST_CASE][PASSED] - Test Cases/Bold Key Login Page/Negative Case/Login Fail - Button 1: Test Cases/Bold Key Login Page/Negative Case/Login Fail - Button 1

2018-05-24 11:05:51 - [TEST_STEP][PASSED] - Statement - If (openBrowser == false): null

2018-05-24 11:05:51 - [TEST_STEP][PASSED] - callTestCase: Call Test Case 'Test Cases/Bold Key Login Page/Login Action/Action Test Case' successfully

2018-05-24 11:05:51 - [TEST_CASE][PASSED] - Test Cases/Bold Key Login Page/Login Action/Action Test Case: Test Cases/Bold Key Login Page/Login Action/Action Test Case

2018-05-24 11:05:51 - [TEST_STEP][PASSED] - setText: Text '' is set on object 'Object Repository/BoldKey Login/Page_BOLD.Key - Login - BUTTON/input_txtusername'

2018-05-24 11:05:52 - [MESSAGE][PASSED] - Text '' is set on object 'Object Repository/BoldKey Login/Page_BOLD.Key - Login - BUTTON/input_txtusername'

2018-05-24 11:05:52 - [TEST_STEP][PASSED] - setText: Text '' is set on object 'Object Repository/BoldKey Login/Page_BOLD.Key - Login - BUTTON/input_txtpassword'

2018-05-24 11:05:52 - [MESSAGE][PASSED] - Text '' is set on object 'Object Repository/BoldKey Login/Page_BOLD.Key - Login - BUTTON/input_txtpassword'

2018-05-24 11:05:52 - [TEST_STEP][PASSED] - click: Object: 'Object Repository/BoldKey Login/Page_BOLD.Key - Login - BUTTON/button_LOGIN' is clicked on

2018-05-24 11:05:52 - [MESSAGE][PASSED] - Object: 'Object Repository/BoldKey Login/Page_BOLD.Key - Login - BUTTON/button_LOGIN' is clicked on

2018-05-24 11:05:52 - [MESSAGE][PASSED] - Call Test Case 'Test Cases/Bold Key Login Page/Login Action/Action Test Case' successfully

2018-05-24 11:05:52 - [TEST_STEP][PASSED] - Statement - switch (data_expectedresult.toString()): null

2018-05-24 11:05:52 - [TEST_STEP][PASSED] - Statement - Default: null

2018-05-24 11:05:52 - [TEST_STEP][PASSED] - Statement - If (username.trim() == "" || password == ""): null

2018-05-24 11:05:52 - [TEST_STEP][PASSED] - Statement - emptyUsername = false: null

2018-05-24 11:05:52 - [TEST_STEP][PASSED] - Statement - emptyPassword = false: null

2018-05-24 11:05:52 - [TEST_STEP][PASSED] - Statement - verifyUsername = "": null

2018-05-24 11:05:52 - [TEST_STEP][PASSED] - Statement - verifyPassword = "": null

2018-05-24 11:05:52 - [TEST_STEP][PASSED] - Statement - If (com.kms.katalon.core.webui.keyword.WebUiBuiltInKeywords.waitForElementVisible(com.kms.katalon.core.testobject.ObjectRepository.findTestObject(Object Repository/BoldKey Login/Page_BOLD.Key - Login - BUTTON/Page_BOLD.Key - Login (2)/username_message), 5)): null

2018-05-24 11:05:52 - [MESSAGE][PASSED] - Object 'Object Repository/BoldKey Login/Page_BOLD.Key - Login - BUTTON/Page_BOLD.Key - Login (2)/username_message' is visible

2018-05-24 11:05:52 - [TEST_STEP][PASSED] - Statement - verifyUsername = com.kms.katalon.core.webui.keyword.WebUiBuiltInKeywords.getText(com.kms.katalon.core.testobject.ObjectRepository.findTestObject(Object Repository/BoldKey Login/Page_BOLD.Key - Login - BUTTON/Page_BOLD.Key - Login (2)/username_message)): Text of object 'Object Repository/BoldKey Login/Page_BOLD.Key - Login - BUTTON/Page_BOLD.Key - Login (2)/username_message' is: 'The username field is required.'

2018-05-24 11:05:53 - [MESSAGE][PASSED] - Text of object 'Object Repository/BoldKey Login/Page_BOLD.Key - Login - BUTTON/Page_BOLD.Key - Login (2)/username_message' is: 'The username field is required.'

2018-05-24 11:05:53 - [TEST_STEP][PASSED] - verifyMatch: Actual text 'The username field is required.' and expected text 'The username field is required.' are matched  using regular expression

2018-05-24 11:05:53 - [MESSAGE][PASSED] - Actual text 'The username field is required.' and expected text 'The username field is required.' are matched  using regular expression

2018-05-24 11:05:53 - [TEST_STEP][PASSED] - Statement - emptyUsername = true: null

2018-05-24 11:05:53 - [TEST_STEP][PASSED] - Statement - If (emptyUsername == true || emptyPassword == true): null

2018-05-24 11:05:53 - [TEST_STEP][PASSED] - delay: Delayed 2 second(s)

2018-05-24 11:05:55 - [MESSAGE][PASSED] - Delayed 2 second(s)

2018-05-24 11:05:55 - [TEST_STEP][PASSED] - refresh: Refresh successfully

2018-05-24 11:05:55 - [MESSAGE][PASSED] - Refresh successfully

2018-05-24 11:05:55 - [TEST_STEP][PASSED] - Statement - Break: null]]></system-out>
         <system-err><![CDATA[]]></system-err>
      </testcase>
      <testcase name="Test Cases/Bold Key Login Page/Close Browser" classname="Test Cases/Bold Key Login Page/Close Browser" status="PASSED">
         <system-out><![CDATA[2018-05-24 11:05:55 - [TEST_CASE][PASSED] - Test Cases/Bold Key Login Page/Close Browser: Test Cases/Bold Key Login Page/Close Browser

2018-05-24 11:05:55 - [TEST_STEP][PASSED] - closeBrowser: Browser is closed

2018-05-24 11:05:56 - [MESSAGE][PASSED] - Browser is closed]]></system-out>
         <system-err><![CDATA[]]></system-err>
      </testcase>
      <system-out><![CDATA[2018-05-24 11:04:39 - [TEST_SUITE][PASSED] - BoldKey Login Page: Test Cases/Bold Key Login Page/Close Browser]]></system-out>
      <system-err><![CDATA[]]></system-err>
   </testsuite>
</testsuites>
