<?xml version="1.0" encoding="UTF-8"?>
<testsuites name="BoldKey Login Page" time="91" tests="11" failures="0" errors="0">
   <testsuite name="BoldKey Login Page" tests="11" failures="0" errors="0" time="91" timestamp="2018-05-24 10:43:57" hostname="olivia.chong - Olivia0517.mk.macrokiosk.com" id="Test Suites/BoldKey Login Page">
      <properties>
         <property name="deviceName" value=""/>
         <property name="devicePlatform" value=""/>
         <property name="logFolder" value="C:\\Users\\olivia.chong\\Katalon Studio\\BoldKey\\Reports\\BoldKey Login Page\\20180524_104352"/>
         <property name="logFiles" value="C:\\Users\\olivia.chong\\Katalon Studio\\BoldKey\\Reports\\BoldKey Login Page\\20180524_104352\\execution0.log"/>
         <property name="attachments" value=""/>
         <property name="hostName" value="olivia.chong - Olivia0517.mk.macrokiosk.com"/>
         <property name="os" value="Windows 10 64bit"/>
         <property name="katalonVersion" value="5.4.1.1"/>
         <property name="browser" value="Chrome 66.0.3359.139"/>
         <property name="hostAddress" value="192.168.2.72"/>
         <property name="sessionId" value="2560f7864788e713527bcb5ea092612f"/>
         <property name="seleniumVersion" value="3.7.1"/>
         <property name="proxyInformation" value="ProxyInformation{proxyOption=NO_PROXY, proxyServerType=HTTP, password=, proxyServerAddress=, proxyServerPort=0}"/>
         <property name="platform" value="Windows 10"/>
      </properties>
      <testcase name="Test Cases/Bold Key Login Page/Positive Case/Login Success - Button" classname="Test Cases/Bold Key Login Page/Positive Case/Login Success - Button" status="PASSED">
         <system-out><![CDATA[2018-05-24 10:43:58 - [TEST_CASE][PASSED] - Test Cases/Bold Key Login Page/Positive Case/Login Success - Button: Test Cases/Bold Key Login Page/Positive Case/Login Success - Button

2018-05-24 10:43:59 - [TEST_STEP][PASSED] - Statement - If (openBrowser == false): Call Test Case 'Test Cases/Bold Key Login Page/Open Browser' successfully

2018-05-24 10:43:59 - [TEST_STEP][PASSED] - callTestCase: Call Test Case 'Test Cases/Bold Key Login Page/Open Browser' successfully

2018-05-24 10:44:00 - [TEST_CASE][PASSED] - Test Cases/Bold Key Login Page/Open Browser: Test Cases/Bold Key Login Page/Open Browser

2018-05-24 10:44:00 - [TEST_STEP][PASSED] - openBrowser: Browser is opened with url: ''

2018-05-24 10:44:06 - [MESSAGE][PASSED] - Browser is opened with url: ''

2018-05-24 10:44:06 - [TEST_STEP][PASSED] - navigateToUrl: Navigate to 'http://sit.boldkey.cc/Web/login' successfully

2018-05-24 10:44:21 - [MESSAGE][PASSED] - Navigate to 'http://sit.boldkey.cc/Web/login' successfully

2018-05-24 10:44:21 - [TEST_STEP][PASSED] - Statement - openBrowser = true: null

2018-05-24 10:44:21 - [MESSAGE][PASSED] - Call Test Case 'Test Cases/Bold Key Login Page/Open Browser' successfully

2018-05-24 10:44:21 - [TEST_STEP][PASSED] - callTestCase: Call Test Case 'Test Cases/Bold Key Login Page/Login Action/Action Test Case' successfully

2018-05-24 10:44:21 - [TEST_CASE][PASSED] - Test Cases/Bold Key Login Page/Login Action/Action Test Case: Test Cases/Bold Key Login Page/Login Action/Action Test Case

2018-05-24 10:44:21 - [TEST_STEP][PASSED] - setText: Text 'cwpreflat' is set on object 'Object Repository/BoldKey Login/Page_BOLD.Key - Login - BUTTON/input_txtusername'

2018-05-24 10:44:22 - [MESSAGE][PASSED] - Text 'cwpreflat' is set on object 'Object Repository/BoldKey Login/Page_BOLD.Key - Login - BUTTON/input_txtusername'

2018-05-24 10:44:22 - [TEST_STEP][PASSED] - setText: Text 'P@55word' is set on object 'Object Repository/BoldKey Login/Page_BOLD.Key - Login - BUTTON/input_txtpassword'

2018-05-24 10:44:22 - [MESSAGE][PASSED] - Text 'P@55word' is set on object 'Object Repository/BoldKey Login/Page_BOLD.Key - Login - BUTTON/input_txtpassword'

2018-05-24 10:44:22 - [TEST_STEP][PASSED] - click: Object: 'Object Repository/BoldKey Login/Page_BOLD.Key - Login - BUTTON/button_LOGIN' is clicked on

2018-05-24 10:44:22 - [MESSAGE][PASSED] - Object: 'Object Repository/BoldKey Login/Page_BOLD.Key - Login - BUTTON/button_LOGIN' is clicked on

2018-05-24 10:44:22 - [MESSAGE][PASSED] - Call Test Case 'Test Cases/Bold Key Login Page/Login Action/Action Test Case' successfully

2018-05-24 10:44:22 - [TEST_STEP][PASSED] - waitForElementVisible: Web element with id: 'Object Repository/BoldKey Login/Page_BOLD.Key - Login - BUTTON/Page_ (1)/login name' located by 'By.xpath: id("LayoutController")/div[@id="wrapper"]/div[@class="topbar"]/div[@class="navbar navbar-default"]/div[@class="container"]/div[@class="navbar-collapse2"]/ul[@class="nav navbar-nav navbar-right top-navbar"]/li[@class="dropdown topbar-profile"]/a[@class="dropdown-toggle ng-binding"][count(. | //a[@href = '#']) = count(//a[@href = '#'])]' not found

2018-05-24 10:44:28 - [MESSAGE][WARNING] - Web element with id: 'Object Repository/BoldKey Login/Page_BOLD.Key - Login - BUTTON/Page_ (1)/login name' located by 'By.xpath: id("LayoutController")/div[@id="wrapper"]/div[@class="topbar"]/div[@class="navbar navbar-default"]/div[@class="container"]/div[@class="navbar-collapse2"]/ul[@class="nav navbar-nav navbar-right top-navbar"]/li[@class="dropdown topbar-profile"]/a[@class="dropdown-toggle ng-binding"][count(. | //a[@href = '#']) = count(//a[@href = '#'])]' not found

2018-05-24 10:44:28 - [TEST_STEP][PASSED] - callTestCase: Call Test Case 'Test Cases/Bold Key Login Page/Logout/Logout - Yes' successfully

2018-05-24 10:44:28 - [TEST_CASE][PASSED] - Test Cases/Bold Key Login Page/Logout/Logout - Yes: Test Cases/Bold Key Login Page/Logout/Logout - Yes

2018-05-24 10:44:28 - [TEST_STEP][PASSED] - waitForElementVisible: Object 'Object Repository/BoldKey Login/Page_BOLD.Key - Login - BUTTON/Page_ (3)/username_link' is visible

2018-05-24 10:44:39 - [MESSAGE][PASSED] - Object 'Object Repository/BoldKey Login/Page_BOLD.Key - Login - BUTTON/Page_ (3)/username_link' is visible

2018-05-24 10:44:39 - [TEST_STEP][PASSED] - click: Object: 'Object Repository/BoldKey Login/Page_BOLD.Key - Login - BUTTON/Page_ (3)/username_link' is clicked on

2018-05-24 10:44:39 - [MESSAGE][PASSED] - Object: 'Object Repository/BoldKey Login/Page_BOLD.Key - Login - BUTTON/Page_ (3)/username_link' is clicked on

2018-05-24 10:44:39 - [TEST_STEP][PASSED] - click: Object: 'Object Repository/BoldKey Login/Page_BOLD.Key - Login - BUTTON/Page_ (3)/btn_logout' is clicked on

2018-05-24 10:44:40 - [MESSAGE][PASSED] - Object: 'Object Repository/BoldKey Login/Page_BOLD.Key - Login - BUTTON/Page_ (3)/btn_logout' is clicked on

2018-05-24 10:44:40 - [TEST_STEP][PASSED] - waitForElementVisible: Object 'Object Repository/BoldKey Login/Page_BOLD.Key - Login - BUTTON/Page_ (3)/btn_yes' is visible

2018-05-24 10:44:40 - [MESSAGE][PASSED] - Object 'Object Repository/BoldKey Login/Page_BOLD.Key - Login - BUTTON/Page_ (3)/btn_yes' is visible

2018-05-24 10:44:40 - [TEST_STEP][PASSED] - click: Object: 'Object Repository/BoldKey Login/Page_BOLD.Key - Login - BUTTON/Page_ (3)/btn_yes' is clicked on

2018-05-24 10:44:41 - [MESSAGE][PASSED] - Object: 'Object Repository/BoldKey Login/Page_BOLD.Key - Login - BUTTON/Page_ (3)/btn_yes' is clicked on

2018-05-24 10:44:41 - [MESSAGE][PASSED] - Call Test Case 'Test Cases/Bold Key Login Page/Logout/Logout - Yes' successfully]]></system-out>
         <system-err><![CDATA[]]></system-err>
      </testcase>
      <testcase name="Test Cases/Bold Key Login Page/Negative Case/Login Fail - Button 1" classname="Test Cases/Bold Key Login Page/Negative Case/Login Fail - Button 1" status="PASSED">
         <system-out><![CDATA[2018-05-24 10:44:41 - [TEST_CASE][PASSED] - Test Cases/Bold Key Login Page/Negative Case/Login Fail - Button 1: Test Cases/Bold Key Login Page/Negative Case/Login Fail - Button 1

2018-05-24 10:44:42 - [TEST_STEP][PASSED] - Statement - If (openBrowser == false): null

2018-05-24 10:44:42 - [TEST_STEP][PASSED] - callTestCase: Call Test Case 'Test Cases/Bold Key Login Page/Login Action/Action Test Case' successfully

2018-05-24 10:44:42 - [TEST_CASE][PASSED] - Test Cases/Bold Key Login Page/Login Action/Action Test Case: Test Cases/Bold Key Login Page/Login Action/Action Test Case

2018-05-24 10:44:42 - [TEST_STEP][PASSED] - setText: Text 'cwpreee' is set on object 'Object Repository/BoldKey Login/Page_BOLD.Key - Login - BUTTON/input_txtusername'

2018-05-24 10:44:43 - [MESSAGE][PASSED] - Text 'cwpreee' is set on object 'Object Repository/BoldKey Login/Page_BOLD.Key - Login - BUTTON/input_txtusername'

2018-05-24 10:44:43 - [TEST_STEP][PASSED] - setText: Text 'P@55word' is set on object 'Object Repository/BoldKey Login/Page_BOLD.Key - Login - BUTTON/input_txtpassword'

2018-05-24 10:44:43 - [MESSAGE][PASSED] - Text 'P@55word' is set on object 'Object Repository/BoldKey Login/Page_BOLD.Key - Login - BUTTON/input_txtpassword'

2018-05-24 10:44:43 - [TEST_STEP][PASSED] - click: Object: 'Object Repository/BoldKey Login/Page_BOLD.Key - Login - BUTTON/button_LOGIN' is clicked on

2018-05-24 10:44:43 - [MESSAGE][PASSED] - Object: 'Object Repository/BoldKey Login/Page_BOLD.Key - Login - BUTTON/button_LOGIN' is clicked on

2018-05-24 10:44:43 - [MESSAGE][PASSED] - Call Test Case 'Test Cases/Bold Key Login Page/Login Action/Action Test Case' successfully

2018-05-24 10:44:43 - [TEST_STEP][PASSED] - Statement - switch (data_expectedresult.toString()): null

2018-05-24 10:44:43 - [TEST_STEP][PASSED] - Statement - Default: null

2018-05-24 10:44:43 - [TEST_STEP][PASSED] - Statement - If (username.trim() == "" || password == ""): null

2018-05-24 10:44:43 - [TEST_STEP][PASSED] - Statement - Else: null

2018-05-24 10:44:43 - [TEST_STEP][PASSED] - Statement - invalidUser = false: null

2018-05-24 10:44:43 - [TEST_STEP][PASSED] - Statement - accountLocked = false: null

2018-05-24 10:44:43 - [TEST_STEP][PASSED] - Statement - serverMsg = "": null

2018-05-24 10:44:43 - [TEST_STEP][PASSED] - Statement - If (com.kms.katalon.core.webui.keyword.WebUiBuiltInKeywords.waitForElementVisible(com.kms.katalon.core.testobject.ObjectRepository.findTestObject(Object Repository/BoldKey Login/Page_BOLD.Key - Login - BUTTON/Page_BOLD.Key - Login (2)/Page_BOLD.Key - Login/invalid_message), 10)): null

2018-05-24 10:44:46 - [MESSAGE][PASSED] - Object 'Object Repository/BoldKey Login/Page_BOLD.Key - Login - BUTTON/Page_BOLD.Key - Login (2)/Page_BOLD.Key - Login/invalid_message' is visible

2018-05-24 10:44:46 - [TEST_STEP][PASSED] - Statement - serverMsg = com.kms.katalon.core.webui.keyword.WebUiBuiltInKeywords.getText(com.kms.katalon.core.testobject.ObjectRepository.findTestObject(Object Repository/BoldKey Login/Page_BOLD.Key - Login - BUTTON/Page_BOLD.Key - Login (2)/Page_BOLD.Key - Login/invalid_message)): Text of object 'Object Repository/BoldKey Login/Page_BOLD.Key - Login - BUTTON/Page_BOLD.Key - Login (2)/Page_BOLD.Key - Login/invalid_message' is: 'Invalid username and password.'

2018-05-24 10:44:46 - [MESSAGE][PASSED] - Text of object 'Object Repository/BoldKey Login/Page_BOLD.Key - Login - BUTTON/Page_BOLD.Key - Login (2)/Page_BOLD.Key - Login/invalid_message' is: 'Invalid username and password.'

2018-05-24 10:44:46 - [TEST_STEP][PASSED] - Statement - If (serverMsg.compareTo(server_message) == 0): null

2018-05-24 10:44:46 - [TEST_STEP][PASSED] - Statement - Else If (serverMsg.compareTo(server_message1) == 0): null

2018-05-24 10:44:46 - [TEST_STEP][PASSED] - Statement - invalidUser = true: null

2018-05-24 10:44:46 - [TEST_STEP][PASSED] - Statement - If (invalidUser == true || accountLocked == true): null

2018-05-24 10:44:46 - [TEST_STEP][PASSED] - delay: Delayed 2 second(s)

2018-05-24 10:44:48 - [MESSAGE][PASSED] - Delayed 2 second(s)

2018-05-24 10:44:48 - [TEST_STEP][PASSED] - refresh: Refresh successfully

2018-05-24 10:44:48 - [MESSAGE][PASSED] - Refresh successfully

2018-05-24 10:44:48 - [TEST_STEP][PASSED] - Statement - Break: null]]></system-out>
         <system-err><![CDATA[]]></system-err>
      </testcase>
      <testcase name="Test Cases/Bold Key Login Page/Negative Case/Login Fail - Button 1" classname="Test Cases/Bold Key Login Page/Negative Case/Login Fail - Button 1" status="PASSED">
         <system-out><![CDATA[2018-05-24 10:44:48 - [TEST_CASE][PASSED] - Test Cases/Bold Key Login Page/Negative Case/Login Fail - Button 1: Test Cases/Bold Key Login Page/Negative Case/Login Fail - Button 1

2018-05-24 10:44:49 - [TEST_STEP][PASSED] - Statement - If (openBrowser == false): null

2018-05-24 10:44:49 - [TEST_STEP][PASSED] - callTestCase: Call Test Case 'Test Cases/Bold Key Login Page/Login Action/Action Test Case' successfully

2018-05-24 10:44:49 - [TEST_CASE][PASSED] - Test Cases/Bold Key Login Page/Login Action/Action Test Case: Test Cases/Bold Key Login Page/Login Action/Action Test Case

2018-05-24 10:44:49 - [TEST_STEP][PASSED] - setText: Text 'cwpreflat' is set on object 'Object Repository/BoldKey Login/Page_BOLD.Key - Login - BUTTON/input_txtusername'

2018-05-24 10:44:49 - [MESSAGE][PASSED] - Text 'cwpreflat' is set on object 'Object Repository/BoldKey Login/Page_BOLD.Key - Login - BUTTON/input_txtusername'

2018-05-24 10:44:49 - [TEST_STEP][PASSED] - setText: Text 'P@55wor' is set on object 'Object Repository/BoldKey Login/Page_BOLD.Key - Login - BUTTON/input_txtpassword'

2018-05-24 10:44:49 - [MESSAGE][PASSED] - Text 'P@55wor' is set on object 'Object Repository/BoldKey Login/Page_BOLD.Key - Login - BUTTON/input_txtpassword'

2018-05-24 10:44:49 - [TEST_STEP][PASSED] - click: Object: 'Object Repository/BoldKey Login/Page_BOLD.Key - Login - BUTTON/button_LOGIN' is clicked on

2018-05-24 10:44:50 - [MESSAGE][PASSED] - Object: 'Object Repository/BoldKey Login/Page_BOLD.Key - Login - BUTTON/button_LOGIN' is clicked on

2018-05-24 10:44:50 - [MESSAGE][PASSED] - Call Test Case 'Test Cases/Bold Key Login Page/Login Action/Action Test Case' successfully

2018-05-24 10:44:50 - [TEST_STEP][PASSED] - Statement - switch (data_expectedresult.toString()): null

2018-05-24 10:44:50 - [TEST_STEP][PASSED] - Statement - Default: null

2018-05-24 10:44:50 - [TEST_STEP][PASSED] - Statement - If (username.trim() == "" || password == ""): null

2018-05-24 10:44:50 - [TEST_STEP][PASSED] - Statement - Else: null

2018-05-24 10:44:50 - [TEST_STEP][PASSED] - Statement - invalidUser = false: null

2018-05-24 10:44:50 - [TEST_STEP][PASSED] - Statement - accountLocked = false: null

2018-05-24 10:44:50 - [TEST_STEP][PASSED] - Statement - serverMsg = "": null

2018-05-24 10:44:50 - [TEST_STEP][PASSED] - Statement - If (com.kms.katalon.core.webui.keyword.WebUiBuiltInKeywords.waitForElementVisible(com.kms.katalon.core.testobject.ObjectRepository.findTestObject(Object Repository/BoldKey Login/Page_BOLD.Key - Login - BUTTON/Page_BOLD.Key - Login (2)/Page_BOLD.Key - Login/invalid_message), 10)): null

2018-05-24 10:44:50 - [MESSAGE][PASSED] - Object 'Object Repository/BoldKey Login/Page_BOLD.Key - Login - BUTTON/Page_BOLD.Key - Login (2)/Page_BOLD.Key - Login/invalid_message' is visible

2018-05-24 10:44:50 - [TEST_STEP][PASSED] - Statement - serverMsg = com.kms.katalon.core.webui.keyword.WebUiBuiltInKeywords.getText(com.kms.katalon.core.testobject.ObjectRepository.findTestObject(Object Repository/BoldKey Login/Page_BOLD.Key - Login - BUTTON/Page_BOLD.Key - Login (2)/Page_BOLD.Key - Login/invalid_message)): Text of object 'Object Repository/BoldKey Login/Page_BOLD.Key - Login - BUTTON/Page_BOLD.Key - Login (2)/Page_BOLD.Key - Login/invalid_message' is: 'Invalid username or password.'

2018-05-24 10:44:50 - [MESSAGE][PASSED] - Text of object 'Object Repository/BoldKey Login/Page_BOLD.Key - Login - BUTTON/Page_BOLD.Key - Login (2)/Page_BOLD.Key - Login/invalid_message' is: 'Invalid username or password.'

2018-05-24 10:44:50 - [TEST_STEP][PASSED] - Statement - If (serverMsg.compareTo(server_message) == 0): null

2018-05-24 10:44:50 - [TEST_STEP][PASSED] - Statement - invalidUser = true: null

2018-05-24 10:44:50 - [TEST_STEP][PASSED] - Statement - If (invalidUser == true || accountLocked == true): null

2018-05-24 10:44:50 - [TEST_STEP][PASSED] - delay: Delayed 2 second(s)

2018-05-24 10:44:52 - [MESSAGE][PASSED] - Delayed 2 second(s)

2018-05-24 10:44:52 - [TEST_STEP][PASSED] - refresh: Refresh successfully

2018-05-24 10:44:53 - [MESSAGE][PASSED] - Refresh successfully

2018-05-24 10:44:53 - [TEST_STEP][PASSED] - Statement - Break: null]]></system-out>
         <system-err><![CDATA[]]></system-err>
      </testcase>
      <testcase name="Test Cases/Bold Key Login Page/Negative Case/Login Fail - Button 1" classname="Test Cases/Bold Key Login Page/Negative Case/Login Fail - Button 1" status="PASSED">
         <system-out><![CDATA[2018-05-24 10:44:53 - [TEST_CASE][PASSED] - Test Cases/Bold Key Login Page/Negative Case/Login Fail - Button 1: Test Cases/Bold Key Login Page/Negative Case/Login Fail - Button 1

2018-05-24 10:44:53 - [TEST_STEP][PASSED] - Statement - If (openBrowser == false): null

2018-05-24 10:44:53 - [TEST_STEP][PASSED] - callTestCase: Call Test Case 'Test Cases/Bold Key Login Page/Login Action/Action Test Case' successfully

2018-05-24 10:44:53 - [TEST_CASE][PASSED] - Test Cases/Bold Key Login Page/Login Action/Action Test Case: Test Cases/Bold Key Login Page/Login Action/Action Test Case

2018-05-24 10:44:53 - [TEST_STEP][PASSED] - setText: Text 'cwpreee' is set on object 'Object Repository/BoldKey Login/Page_BOLD.Key - Login - BUTTON/input_txtusername'

2018-05-24 10:44:54 - [MESSAGE][PASSED] - Text 'cwpreee' is set on object 'Object Repository/BoldKey Login/Page_BOLD.Key - Login - BUTTON/input_txtusername'

2018-05-24 10:44:54 - [TEST_STEP][PASSED] - setText: Text 'P@55wor' is set on object 'Object Repository/BoldKey Login/Page_BOLD.Key - Login - BUTTON/input_txtpassword'

2018-05-24 10:44:54 - [MESSAGE][PASSED] - Text 'P@55wor' is set on object 'Object Repository/BoldKey Login/Page_BOLD.Key - Login - BUTTON/input_txtpassword'

2018-05-24 10:44:54 - [TEST_STEP][PASSED] - click: Object: 'Object Repository/BoldKey Login/Page_BOLD.Key - Login - BUTTON/button_LOGIN' is clicked on

2018-05-24 10:44:54 - [MESSAGE][PASSED] - Object: 'Object Repository/BoldKey Login/Page_BOLD.Key - Login - BUTTON/button_LOGIN' is clicked on

2018-05-24 10:44:54 - [MESSAGE][PASSED] - Call Test Case 'Test Cases/Bold Key Login Page/Login Action/Action Test Case' successfully

2018-05-24 10:44:54 - [TEST_STEP][PASSED] - Statement - switch (data_expectedresult.toString()): null

2018-05-24 10:44:54 - [TEST_STEP][PASSED] - Statement - Default: null

2018-05-24 10:44:54 - [TEST_STEP][PASSED] - Statement - If (username.trim() == "" || password == ""): null

2018-05-24 10:44:54 - [TEST_STEP][PASSED] - Statement - Else: null

2018-05-24 10:44:54 - [TEST_STEP][PASSED] - Statement - invalidUser = false: null

2018-05-24 10:44:54 - [TEST_STEP][PASSED] - Statement - accountLocked = false: null

2018-05-24 10:44:54 - [TEST_STEP][PASSED] - Statement - serverMsg = "": null

2018-05-24 10:44:54 - [TEST_STEP][PASSED] - Statement - If (com.kms.katalon.core.webui.keyword.WebUiBuiltInKeywords.waitForElementVisible(com.kms.katalon.core.testobject.ObjectRepository.findTestObject(Object Repository/BoldKey Login/Page_BOLD.Key - Login - BUTTON/Page_BOLD.Key - Login (2)/Page_BOLD.Key - Login/invalid_message), 10)): null

2018-05-24 10:44:55 - [MESSAGE][PASSED] - Object 'Object Repository/BoldKey Login/Page_BOLD.Key - Login - BUTTON/Page_BOLD.Key - Login (2)/Page_BOLD.Key - Login/invalid_message' is visible

2018-05-24 10:44:55 - [TEST_STEP][PASSED] - Statement - serverMsg = com.kms.katalon.core.webui.keyword.WebUiBuiltInKeywords.getText(com.kms.katalon.core.testobject.ObjectRepository.findTestObject(Object Repository/BoldKey Login/Page_BOLD.Key - Login - BUTTON/Page_BOLD.Key - Login (2)/Page_BOLD.Key - Login/invalid_message)): Text of object 'Object Repository/BoldKey Login/Page_BOLD.Key - Login - BUTTON/Page_BOLD.Key - Login (2)/Page_BOLD.Key - Login/invalid_message' is: 'Invalid username and password.'

2018-05-24 10:44:55 - [MESSAGE][PASSED] - Text of object 'Object Repository/BoldKey Login/Page_BOLD.Key - Login - BUTTON/Page_BOLD.Key - Login (2)/Page_BOLD.Key - Login/invalid_message' is: 'Invalid username and password.'

2018-05-24 10:44:55 - [TEST_STEP][PASSED] - Statement - If (serverMsg.compareTo(server_message) == 0): null

2018-05-24 10:44:55 - [TEST_STEP][PASSED] - Statement - Else If (serverMsg.compareTo(server_message1) == 0): null

2018-05-24 10:44:55 - [TEST_STEP][PASSED] - Statement - invalidUser = true: null

2018-05-24 10:44:55 - [TEST_STEP][PASSED] - Statement - If (invalidUser == true || accountLocked == true): null

2018-05-24 10:44:55 - [TEST_STEP][PASSED] - delay: Delayed 2 second(s)

2018-05-24 10:44:57 - [MESSAGE][PASSED] - Delayed 2 second(s)

2018-05-24 10:44:57 - [TEST_STEP][PASSED] - refresh: Refresh successfully

2018-05-24 10:44:57 - [MESSAGE][PASSED] - Refresh successfully

2018-05-24 10:44:57 - [TEST_STEP][PASSED] - Statement - Break: null]]></system-out>
         <system-err><![CDATA[]]></system-err>
      </testcase>
      <testcase name="Test Cases/Bold Key Login Page/Negative Case/Login Fail - Button 1" classname="Test Cases/Bold Key Login Page/Negative Case/Login Fail - Button 1" status="PASSED">
         <system-out><![CDATA[2018-05-24 10:44:57 - [TEST_CASE][PASSED] - Test Cases/Bold Key Login Page/Negative Case/Login Fail - Button 1: Test Cases/Bold Key Login Page/Negative Case/Login Fail - Button 1

2018-05-24 10:44:57 - [TEST_STEP][PASSED] - Statement - If (openBrowser == false): null

2018-05-24 10:44:57 - [TEST_STEP][PASSED] - callTestCase: Call Test Case 'Test Cases/Bold Key Login Page/Login Action/Action Test Case' successfully

2018-05-24 10:44:57 - [TEST_CASE][PASSED] - Test Cases/Bold Key Login Page/Login Action/Action Test Case: Test Cases/Bold Key Login Page/Login Action/Action Test Case

2018-05-24 10:44:57 - [TEST_STEP][PASSED] - setText: Text '' is set on object 'Object Repository/BoldKey Login/Page_BOLD.Key - Login - BUTTON/input_txtusername'

2018-05-24 10:44:58 - [MESSAGE][PASSED] - Text '' is set on object 'Object Repository/BoldKey Login/Page_BOLD.Key - Login - BUTTON/input_txtusername'

2018-05-24 10:44:58 - [TEST_STEP][PASSED] - setText: Text 'P@55word' is set on object 'Object Repository/BoldKey Login/Page_BOLD.Key - Login - BUTTON/input_txtpassword'

2018-05-24 10:44:58 - [MESSAGE][PASSED] - Text 'P@55word' is set on object 'Object Repository/BoldKey Login/Page_BOLD.Key - Login - BUTTON/input_txtpassword'

2018-05-24 10:44:58 - [TEST_STEP][PASSED] - click: Object: 'Object Repository/BoldKey Login/Page_BOLD.Key - Login - BUTTON/button_LOGIN' is clicked on

2018-05-24 10:44:58 - [MESSAGE][PASSED] - Object: 'Object Repository/BoldKey Login/Page_BOLD.Key - Login - BUTTON/button_LOGIN' is clicked on

2018-05-24 10:44:58 - [MESSAGE][PASSED] - Call Test Case 'Test Cases/Bold Key Login Page/Login Action/Action Test Case' successfully

2018-05-24 10:44:58 - [TEST_STEP][PASSED] - Statement - switch (data_expectedresult.toString()): null

2018-05-24 10:44:58 - [TEST_STEP][PASSED] - Statement - Default: null

2018-05-24 10:44:58 - [TEST_STEP][PASSED] - Statement - If (username.trim() == "" || password == ""): null

2018-05-24 10:44:58 - [TEST_STEP][PASSED] - Statement - emptyUsername = false: null

2018-05-24 10:44:58 - [TEST_STEP][PASSED] - Statement - emptyPassword = false: null

2018-05-24 10:44:58 - [TEST_STEP][PASSED] - Statement - verifyUsername = "": null

2018-05-24 10:44:58 - [TEST_STEP][PASSED] - Statement - verifyPassword = "": null

2018-05-24 10:44:58 - [TEST_STEP][PASSED] - Statement - If (com.kms.katalon.core.webui.keyword.WebUiBuiltInKeywords.waitForElementVisible(com.kms.katalon.core.testobject.ObjectRepository.findTestObject(Object Repository/BoldKey Login/Page_BOLD.Key - Login - BUTTON/Page_BOLD.Key - Login (2)/username_message), 5)): null

2018-05-24 10:44:59 - [MESSAGE][PASSED] - Object 'Object Repository/BoldKey Login/Page_BOLD.Key - Login - BUTTON/Page_BOLD.Key - Login (2)/username_message' is visible

2018-05-24 10:44:59 - [TEST_STEP][PASSED] - Statement - verifyUsername = com.kms.katalon.core.webui.keyword.WebUiBuiltInKeywords.getText(com.kms.katalon.core.testobject.ObjectRepository.findTestObject(Object Repository/BoldKey Login/Page_BOLD.Key - Login - BUTTON/Page_BOLD.Key - Login (2)/username_message)): Text of object 'Object Repository/BoldKey Login/Page_BOLD.Key - Login - BUTTON/Page_BOLD.Key - Login (2)/username_message' is: 'The username field is required.'

2018-05-24 10:44:59 - [MESSAGE][PASSED] - Text of object 'Object Repository/BoldKey Login/Page_BOLD.Key - Login - BUTTON/Page_BOLD.Key - Login (2)/username_message' is: 'The username field is required.'

2018-05-24 10:44:59 - [TEST_STEP][PASSED] - verifyMatch: Actual text 'The username field is required.' and expected text 'The username field is required.' are matched  using regular expression

2018-05-24 10:44:59 - [MESSAGE][PASSED] - Actual text 'The username field is required.' and expected text 'The username field is required.' are matched  using regular expression

2018-05-24 10:44:59 - [TEST_STEP][PASSED] - Statement - emptyUsername = true: null

2018-05-24 10:44:59 - [TEST_STEP][PASSED] - Statement - If (emptyUsername == true || emptyPassword == true): null

2018-05-24 10:44:59 - [TEST_STEP][PASSED] - delay: Delayed 2 second(s)

2018-05-24 10:45:01 - [MESSAGE][PASSED] - Delayed 2 second(s)

2018-05-24 10:45:01 - [TEST_STEP][PASSED] - refresh: Refresh successfully

2018-05-24 10:45:01 - [MESSAGE][PASSED] - Refresh successfully

2018-05-24 10:45:01 - [TEST_STEP][PASSED] - Statement - Break: null]]></system-out>
         <system-err><![CDATA[]]></system-err>
      </testcase>
      <testcase name="Test Cases/Bold Key Login Page/Negative Case/Login Fail - Button 1" classname="Test Cases/Bold Key Login Page/Negative Case/Login Fail - Button 1" status="PASSED">
         <system-out><![CDATA[2018-05-24 10:45:01 - [TEST_CASE][PASSED] - Test Cases/Bold Key Login Page/Negative Case/Login Fail - Button 1: Test Cases/Bold Key Login Page/Negative Case/Login Fail - Button 1

2018-05-24 10:45:02 - [TEST_STEP][PASSED] - Statement - If (openBrowser == false): null

2018-05-24 10:45:02 - [TEST_STEP][PASSED] - callTestCase: Call Test Case 'Test Cases/Bold Key Login Page/Login Action/Action Test Case' successfully

2018-05-24 10:45:02 - [TEST_CASE][PASSED] - Test Cases/Bold Key Login Page/Login Action/Action Test Case: Test Cases/Bold Key Login Page/Login Action/Action Test Case

2018-05-24 10:45:02 - [TEST_STEP][PASSED] - setText: Text 'cwpreflat' is set on object 'Object Repository/BoldKey Login/Page_BOLD.Key - Login - BUTTON/input_txtusername'

2018-05-24 10:45:02 - [MESSAGE][PASSED] - Text 'cwpreflat' is set on object 'Object Repository/BoldKey Login/Page_BOLD.Key - Login - BUTTON/input_txtusername'

2018-05-24 10:45:02 - [TEST_STEP][PASSED] - setText: Text '' is set on object 'Object Repository/BoldKey Login/Page_BOLD.Key - Login - BUTTON/input_txtpassword'

2018-05-24 10:45:03 - [MESSAGE][PASSED] - Text '' is set on object 'Object Repository/BoldKey Login/Page_BOLD.Key - Login - BUTTON/input_txtpassword'

2018-05-24 10:45:03 - [TEST_STEP][PASSED] - click: Object: 'Object Repository/BoldKey Login/Page_BOLD.Key - Login - BUTTON/button_LOGIN' is clicked on

2018-05-24 10:45:03 - [MESSAGE][PASSED] - Object: 'Object Repository/BoldKey Login/Page_BOLD.Key - Login - BUTTON/button_LOGIN' is clicked on

2018-05-24 10:45:03 - [MESSAGE][PASSED] - Call Test Case 'Test Cases/Bold Key Login Page/Login Action/Action Test Case' successfully

2018-05-24 10:45:03 - [TEST_STEP][PASSED] - Statement - switch (data_expectedresult.toString()): null

2018-05-24 10:45:03 - [TEST_STEP][PASSED] - Statement - Default: null

2018-05-24 10:45:03 - [TEST_STEP][PASSED] - Statement - If (username.trim() == "" || password == ""): null

2018-05-24 10:45:03 - [TEST_STEP][PASSED] - Statement - emptyUsername = false: null

2018-05-24 10:45:03 - [TEST_STEP][PASSED] - Statement - emptyPassword = false: null

2018-05-24 10:45:03 - [TEST_STEP][PASSED] - Statement - verifyUsername = "": null

2018-05-24 10:45:03 - [TEST_STEP][PASSED] - Statement - verifyPassword = "": null

2018-05-24 10:45:03 - [TEST_STEP][PASSED] - Statement - If (com.kms.katalon.core.webui.keyword.WebUiBuiltInKeywords.waitForElementVisible(com.kms.katalon.core.testobject.ObjectRepository.findTestObject(Object Repository/BoldKey Login/Page_BOLD.Key - Login - BUTTON/Page_BOLD.Key - Login (2)/username_message), 5)): Object 'Object Repository/BoldKey Login/Page_BOLD.Key - Login - BUTTON/Page_BOLD.Key - Login (2)/password_message' is visible

2018-05-24 10:45:08 - [MESSAGE][WARNING] - Object 'Object Repository/BoldKey Login/Page_BOLD.Key - Login - BUTTON/Page_BOLD.Key - Login (2)/username_message' is not visible after 5 second(s)

2018-05-24 10:45:08 - [MESSAGE][PASSED] - Object 'Object Repository/BoldKey Login/Page_BOLD.Key - Login - BUTTON/Page_BOLD.Key - Login (2)/password_message' is visible

2018-05-24 10:45:08 - [TEST_STEP][PASSED] - Statement - Else If (com.kms.katalon.core.webui.keyword.WebUiBuiltInKeywords.waitForElementVisible(com.kms.katalon.core.testobject.ObjectRepository.findTestObject(Object Repository/BoldKey Login/Page_BOLD.Key - Login - BUTTON/Page_BOLD.Key - Login (2)/password_message), 5)): null

2018-05-24 10:45:08 - [TEST_STEP][PASSED] - Statement - verifyPassword = com.kms.katalon.core.webui.keyword.WebUiBuiltInKeywords.getText(com.kms.katalon.core.testobject.ObjectRepository.findTestObject(Object Repository/BoldKey Login/Page_BOLD.Key - Login - BUTTON/Page_BOLD.Key - Login (2)/password_message)): Text of object 'Object Repository/BoldKey Login/Page_BOLD.Key - Login - BUTTON/Page_BOLD.Key - Login (2)/password_message' is: 'The password field is required.'

2018-05-24 10:45:08 - [MESSAGE][PASSED] - Text of object 'Object Repository/BoldKey Login/Page_BOLD.Key - Login - BUTTON/Page_BOLD.Key - Login (2)/password_message' is: 'The password field is required.'

2018-05-24 10:45:08 - [TEST_STEP][PASSED] - verifyMatch: Actual text 'The password field is required.' and expected text 'The password field is required.' are matched  using regular expression

2018-05-24 10:45:08 - [MESSAGE][PASSED] - Actual text 'The password field is required.' and expected text 'The password field is required.' are matched  using regular expression

2018-05-24 10:45:08 - [TEST_STEP][PASSED] - Statement - emptyPassword = true: null

2018-05-24 10:45:08 - [TEST_STEP][PASSED] - Statement - If (emptyUsername == true || emptyPassword == true): null

2018-05-24 10:45:08 - [TEST_STEP][PASSED] - delay: Delayed 2 second(s)

2018-05-24 10:45:10 - [MESSAGE][PASSED] - Delayed 2 second(s)

2018-05-24 10:45:10 - [TEST_STEP][PASSED] - refresh: Refresh successfully

2018-05-24 10:45:11 - [MESSAGE][PASSED] - Refresh successfully

2018-05-24 10:45:11 - [TEST_STEP][PASSED] - Statement - Break: null]]></system-out>
         <system-err><![CDATA[]]></system-err>
      </testcase>
      <testcase name="Test Cases/Bold Key Login Page/Negative Case/Login Fail - Button 1" classname="Test Cases/Bold Key Login Page/Negative Case/Login Fail - Button 1" status="PASSED">
         <system-out><![CDATA[2018-05-24 10:45:11 - [TEST_CASE][PASSED] - Test Cases/Bold Key Login Page/Negative Case/Login Fail - Button 1: Test Cases/Bold Key Login Page/Negative Case/Login Fail - Button 1

2018-05-24 10:45:11 - [TEST_STEP][PASSED] - Statement - If (openBrowser == false): null

2018-05-24 10:45:11 - [TEST_STEP][PASSED] - callTestCase: Call Test Case 'Test Cases/Bold Key Login Page/Login Action/Action Test Case' successfully

2018-05-24 10:45:11 - [TEST_CASE][PASSED] - Test Cases/Bold Key Login Page/Login Action/Action Test Case: Test Cases/Bold Key Login Page/Login Action/Action Test Case

2018-05-24 10:45:11 - [TEST_STEP][PASSED] - setText: Text '' is set on object 'Object Repository/BoldKey Login/Page_BOLD.Key - Login - BUTTON/input_txtusername'

2018-05-24 10:45:11 - [MESSAGE][PASSED] - Text '' is set on object 'Object Repository/BoldKey Login/Page_BOLD.Key - Login - BUTTON/input_txtusername'

2018-05-24 10:45:11 - [TEST_STEP][PASSED] - setText: Text '' is set on object 'Object Repository/BoldKey Login/Page_BOLD.Key - Login - BUTTON/input_txtpassword'

2018-05-24 10:45:12 - [MESSAGE][PASSED] - Text '' is set on object 'Object Repository/BoldKey Login/Page_BOLD.Key - Login - BUTTON/input_txtpassword'

2018-05-24 10:45:12 - [TEST_STEP][PASSED] - click: Object: 'Object Repository/BoldKey Login/Page_BOLD.Key - Login - BUTTON/button_LOGIN' is clicked on

2018-05-24 10:45:12 - [MESSAGE][PASSED] - Object: 'Object Repository/BoldKey Login/Page_BOLD.Key - Login - BUTTON/button_LOGIN' is clicked on

2018-05-24 10:45:12 - [MESSAGE][PASSED] - Call Test Case 'Test Cases/Bold Key Login Page/Login Action/Action Test Case' successfully

2018-05-24 10:45:12 - [TEST_STEP][PASSED] - Statement - switch (data_expectedresult.toString()): null

2018-05-24 10:45:12 - [TEST_STEP][PASSED] - Statement - Default: null

2018-05-24 10:45:12 - [TEST_STEP][PASSED] - Statement - If (username.trim() == "" || password == ""): null

2018-05-24 10:45:12 - [TEST_STEP][PASSED] - Statement - emptyUsername = false: null

2018-05-24 10:45:12 - [TEST_STEP][PASSED] - Statement - emptyPassword = false: null

2018-05-24 10:45:12 - [TEST_STEP][PASSED] - Statement - verifyUsername = "": null

2018-05-24 10:45:12 - [TEST_STEP][PASSED] - Statement - verifyPassword = "": null

2018-05-24 10:45:12 - [TEST_STEP][PASSED] - Statement - If (com.kms.katalon.core.webui.keyword.WebUiBuiltInKeywords.waitForElementVisible(com.kms.katalon.core.testobject.ObjectRepository.findTestObject(Object Repository/BoldKey Login/Page_BOLD.Key - Login - BUTTON/Page_BOLD.Key - Login (2)/username_message), 5)): null

2018-05-24 10:45:12 - [MESSAGE][PASSED] - Object 'Object Repository/BoldKey Login/Page_BOLD.Key - Login - BUTTON/Page_BOLD.Key - Login (2)/username_message' is visible

2018-05-24 10:45:12 - [TEST_STEP][PASSED] - Statement - verifyUsername = com.kms.katalon.core.webui.keyword.WebUiBuiltInKeywords.getText(com.kms.katalon.core.testobject.ObjectRepository.findTestObject(Object Repository/BoldKey Login/Page_BOLD.Key - Login - BUTTON/Page_BOLD.Key - Login (2)/username_message)): Text of object 'Object Repository/BoldKey Login/Page_BOLD.Key - Login - BUTTON/Page_BOLD.Key - Login (2)/username_message' is: 'The username field is required.'

2018-05-24 10:45:12 - [MESSAGE][PASSED] - Text of object 'Object Repository/BoldKey Login/Page_BOLD.Key - Login - BUTTON/Page_BOLD.Key - Login (2)/username_message' is: 'The username field is required.'

2018-05-24 10:45:12 - [TEST_STEP][PASSED] - verifyMatch: Actual text 'The username field is required.' and expected text 'The username field is required.' are matched  using regular expression

2018-05-24 10:45:12 - [MESSAGE][PASSED] - Actual text 'The username field is required.' and expected text 'The username field is required.' are matched  using regular expression

2018-05-24 10:45:12 - [TEST_STEP][PASSED] - Statement - emptyUsername = true: null

2018-05-24 10:45:12 - [TEST_STEP][PASSED] - Statement - If (emptyUsername == true || emptyPassword == true): null

2018-05-24 10:45:12 - [TEST_STEP][PASSED] - delay: Delayed 2 second(s)

2018-05-24 10:45:14 - [MESSAGE][PASSED] - Delayed 2 second(s)

2018-05-24 10:45:14 - [TEST_STEP][PASSED] - refresh: Refresh successfully

2018-05-24 10:45:15 - [MESSAGE][PASSED] - Refresh successfully

2018-05-24 10:45:15 - [TEST_STEP][PASSED] - Statement - Break: null]]></system-out>
         <system-err><![CDATA[]]></system-err>
      </testcase>
      <testcase name="Test Cases/Bold Key Login Page/Negative Case/Login Fail - Button 1" classname="Test Cases/Bold Key Login Page/Negative Case/Login Fail - Button 1" status="PASSED">
         <system-out><![CDATA[2018-05-24 10:45:15 - [TEST_CASE][PASSED] - Test Cases/Bold Key Login Page/Negative Case/Login Fail - Button 1: Test Cases/Bold Key Login Page/Negative Case/Login Fail - Button 1

2018-05-24 10:45:15 - [TEST_STEP][PASSED] - Statement - If (openBrowser == false): null

2018-05-24 10:45:15 - [TEST_STEP][PASSED] - callTestCase: Call Test Case 'Test Cases/Bold Key Login Page/Login Action/Action Test Case' successfully

2018-05-24 10:45:15 - [TEST_CASE][PASSED] - Test Cases/Bold Key Login Page/Login Action/Action Test Case: Test Cases/Bold Key Login Page/Login Action/Action Test Case

2018-05-24 10:45:15 - [TEST_STEP][PASSED] - setText: Text 'console ' is set on object 'Object Repository/BoldKey Login/Page_BOLD.Key - Login - BUTTON/input_txtusername'

2018-05-24 10:45:15 - [MESSAGE][PASSED] - Text 'console ' is set on object 'Object Repository/BoldKey Login/Page_BOLD.Key - Login - BUTTON/input_txtusername'

2018-05-24 10:45:15 - [TEST_STEP][PASSED] - setText: Text 'PPP' is set on object 'Object Repository/BoldKey Login/Page_BOLD.Key - Login - BUTTON/input_txtpassword'

2018-05-24 10:45:16 - [MESSAGE][PASSED] - Text 'PPP' is set on object 'Object Repository/BoldKey Login/Page_BOLD.Key - Login - BUTTON/input_txtpassword'

2018-05-24 10:45:16 - [TEST_STEP][PASSED] - click: Object: 'Object Repository/BoldKey Login/Page_BOLD.Key - Login - BUTTON/button_LOGIN' is clicked on

2018-05-24 10:45:16 - [MESSAGE][PASSED] - Object: 'Object Repository/BoldKey Login/Page_BOLD.Key - Login - BUTTON/button_LOGIN' is clicked on

2018-05-24 10:45:16 - [MESSAGE][PASSED] - Call Test Case 'Test Cases/Bold Key Login Page/Login Action/Action Test Case' successfully

2018-05-24 10:45:16 - [TEST_STEP][PASSED] - Statement - switch (data_expectedresult.toString()): null

2018-05-24 10:45:16 - [TEST_STEP][PASSED] - Statement - Default: null

2018-05-24 10:45:16 - [TEST_STEP][PASSED] - Statement - If (username.trim() == "" || password == ""): null

2018-05-24 10:45:16 - [TEST_STEP][PASSED] - Statement - Else: null

2018-05-24 10:45:16 - [TEST_STEP][PASSED] - Statement - invalidUser = false: null

2018-05-24 10:45:16 - [TEST_STEP][PASSED] - Statement - accountLocked = false: null

2018-05-24 10:45:16 - [TEST_STEP][PASSED] - Statement - serverMsg = "": null

2018-05-24 10:45:16 - [TEST_STEP][PASSED] - Statement - If (com.kms.katalon.core.webui.keyword.WebUiBuiltInKeywords.waitForElementVisible(com.kms.katalon.core.testobject.ObjectRepository.findTestObject(Object Repository/BoldKey Login/Page_BOLD.Key - Login - BUTTON/Page_BOLD.Key - Login (2)/Page_BOLD.Key - Login/invalid_message), 10)): null

2018-05-24 10:45:17 - [MESSAGE][PASSED] - Object 'Object Repository/BoldKey Login/Page_BOLD.Key - Login - BUTTON/Page_BOLD.Key - Login (2)/Page_BOLD.Key - Login/invalid_message' is visible

2018-05-24 10:45:17 - [TEST_STEP][PASSED] - Statement - serverMsg = com.kms.katalon.core.webui.keyword.WebUiBuiltInKeywords.getText(com.kms.katalon.core.testobject.ObjectRepository.findTestObject(Object Repository/BoldKey Login/Page_BOLD.Key - Login - BUTTON/Page_BOLD.Key - Login (2)/Page_BOLD.Key - Login/invalid_message)): Text of object 'Object Repository/BoldKey Login/Page_BOLD.Key - Login - BUTTON/Page_BOLD.Key - Login (2)/Page_BOLD.Key - Login/invalid_message' is: 'Invalid username or password.'

2018-05-24 10:45:17 - [MESSAGE][PASSED] - Text of object 'Object Repository/BoldKey Login/Page_BOLD.Key - Login - BUTTON/Page_BOLD.Key - Login (2)/Page_BOLD.Key - Login/invalid_message' is: 'Invalid username or password.'

2018-05-24 10:45:17 - [TEST_STEP][PASSED] - Statement - If (serverMsg.compareTo(server_message) == 0): null

2018-05-24 10:45:17 - [TEST_STEP][PASSED] - Statement - invalidUser = true: null

2018-05-24 10:45:17 - [TEST_STEP][PASSED] - Statement - If (invalidUser == true || accountLocked == true): null

2018-05-24 10:45:17 - [TEST_STEP][PASSED] - delay: Delayed 2 second(s)

2018-05-24 10:45:19 - [MESSAGE][PASSED] - Delayed 2 second(s)

2018-05-24 10:45:19 - [TEST_STEP][PASSED] - refresh: Refresh successfully

2018-05-24 10:45:19 - [MESSAGE][PASSED] - Refresh successfully

2018-05-24 10:45:19 - [TEST_STEP][PASSED] - Statement - Break: null]]></system-out>
         <system-err><![CDATA[]]></system-err>
      </testcase>
      <testcase name="Test Cases/Bold Key Login Page/Negative Case/Login Fail - Button 1" classname="Test Cases/Bold Key Login Page/Negative Case/Login Fail - Button 1" status="PASSED">
         <system-out><![CDATA[2018-05-24 10:45:19 - [TEST_CASE][PASSED] - Test Cases/Bold Key Login Page/Negative Case/Login Fail - Button 1: Test Cases/Bold Key Login Page/Negative Case/Login Fail - Button 1

2018-05-24 10:45:19 - [TEST_STEP][PASSED] - Statement - If (openBrowser == false): null

2018-05-24 10:45:19 - [TEST_STEP][PASSED] - callTestCase: Call Test Case 'Test Cases/Bold Key Login Page/Login Action/Action Test Case' successfully

2018-05-24 10:45:19 - [TEST_CASE][PASSED] - Test Cases/Bold Key Login Page/Login Action/Action Test Case: Test Cases/Bold Key Login Page/Login Action/Action Test Case

2018-05-24 10:45:19 - [TEST_STEP][PASSED] - setText: Text 'console' is set on object 'Object Repository/BoldKey Login/Page_BOLD.Key - Login - BUTTON/input_txtusername'

2018-05-24 10:45:20 - [MESSAGE][PASSED] - Text 'console' is set on object 'Object Repository/BoldKey Login/Page_BOLD.Key - Login - BUTTON/input_txtusername'

2018-05-24 10:45:20 - [TEST_STEP][PASSED] - setText: Text 'PPP' is set on object 'Object Repository/BoldKey Login/Page_BOLD.Key - Login - BUTTON/input_txtpassword'

2018-05-24 10:45:20 - [MESSAGE][PASSED] - Text 'PPP' is set on object 'Object Repository/BoldKey Login/Page_BOLD.Key - Login - BUTTON/input_txtpassword'

2018-05-24 10:45:20 - [TEST_STEP][PASSED] - click: Object: 'Object Repository/BoldKey Login/Page_BOLD.Key - Login - BUTTON/button_LOGIN' is clicked on

2018-05-24 10:45:20 - [MESSAGE][PASSED] - Object: 'Object Repository/BoldKey Login/Page_BOLD.Key - Login - BUTTON/button_LOGIN' is clicked on

2018-05-24 10:45:20 - [MESSAGE][PASSED] - Call Test Case 'Test Cases/Bold Key Login Page/Login Action/Action Test Case' successfully

2018-05-24 10:45:20 - [TEST_STEP][PASSED] - Statement - switch (data_expectedresult.toString()): null

2018-05-24 10:45:20 - [TEST_STEP][PASSED] - Statement - Default: null

2018-05-24 10:45:20 - [TEST_STEP][PASSED] - Statement - If (username.trim() == "" || password == ""): null

2018-05-24 10:45:20 - [TEST_STEP][PASSED] - Statement - Else: null

2018-05-24 10:45:20 - [TEST_STEP][PASSED] - Statement - invalidUser = false: null

2018-05-24 10:45:20 - [TEST_STEP][PASSED] - Statement - accountLocked = false: null

2018-05-24 10:45:20 - [TEST_STEP][PASSED] - Statement - serverMsg = "": null

2018-05-24 10:45:20 - [TEST_STEP][PASSED] - Statement - If (com.kms.katalon.core.webui.keyword.WebUiBuiltInKeywords.waitForElementVisible(com.kms.katalon.core.testobject.ObjectRepository.findTestObject(Object Repository/BoldKey Login/Page_BOLD.Key - Login - BUTTON/Page_BOLD.Key - Login (2)/Page_BOLD.Key - Login/invalid_message), 10)): null

2018-05-24 10:45:21 - [MESSAGE][PASSED] - Object 'Object Repository/BoldKey Login/Page_BOLD.Key - Login - BUTTON/Page_BOLD.Key - Login (2)/Page_BOLD.Key - Login/invalid_message' is visible

2018-05-24 10:45:21 - [TEST_STEP][PASSED] - Statement - serverMsg = com.kms.katalon.core.webui.keyword.WebUiBuiltInKeywords.getText(com.kms.katalon.core.testobject.ObjectRepository.findTestObject(Object Repository/BoldKey Login/Page_BOLD.Key - Login - BUTTON/Page_BOLD.Key - Login (2)/Page_BOLD.Key - Login/invalid_message)): Text of object 'Object Repository/BoldKey Login/Page_BOLD.Key - Login - BUTTON/Page_BOLD.Key - Login (2)/Page_BOLD.Key - Login/invalid_message' is: 'Unable to login. Account has been locked out.'

2018-05-24 10:45:21 - [MESSAGE][PASSED] - Text of object 'Object Repository/BoldKey Login/Page_BOLD.Key - Login - BUTTON/Page_BOLD.Key - Login (2)/Page_BOLD.Key - Login/invalid_message' is: 'Unable to login. Account has been locked out.'

2018-05-24 10:45:21 - [TEST_STEP][PASSED] - Statement - If (serverMsg.compareTo(server_message) == 0): null

2018-05-24 10:45:21 - [TEST_STEP][PASSED] - Statement - Else If (serverMsg.compareTo(server_message1) == 0): null

2018-05-24 10:45:21 - [TEST_STEP][PASSED] - Statement - Else If (serverMsg.compareTo(server_message2) == 0): null

2018-05-24 10:45:21 - [TEST_STEP][PASSED] - Statement - accountLocked = true: null

2018-05-24 10:45:21 - [TEST_STEP][PASSED] - Statement - If (invalidUser == true || accountLocked == true): null

2018-05-24 10:45:21 - [TEST_STEP][PASSED] - delay: Delayed 2 second(s)

2018-05-24 10:45:23 - [MESSAGE][PASSED] - Delayed 2 second(s)

2018-05-24 10:45:23 - [TEST_STEP][PASSED] - refresh: Refresh successfully

2018-05-24 10:45:23 - [MESSAGE][PASSED] - Refresh successfully

2018-05-24 10:45:23 - [TEST_STEP][PASSED] - Statement - Break: null]]></system-out>
         <system-err><![CDATA[]]></system-err>
      </testcase>
      <testcase name="Test Cases/Bold Key Login Page/Negative Case/Login Fail - Button 1" classname="Test Cases/Bold Key Login Page/Negative Case/Login Fail - Button 1" status="PASSED">
         <system-out><![CDATA[2018-05-24 10:45:23 - [TEST_CASE][PASSED] - Test Cases/Bold Key Login Page/Negative Case/Login Fail - Button 1: Test Cases/Bold Key Login Page/Negative Case/Login Fail - Button 1

2018-05-24 10:45:23 - [TEST_STEP][PASSED] - Statement - If (openBrowser == false): null

2018-05-24 10:45:23 - [TEST_STEP][PASSED] - callTestCase: Call Test Case 'Test Cases/Bold Key Login Page/Login Action/Action Test Case' successfully

2018-05-24 10:45:24 - [TEST_CASE][PASSED] - Test Cases/Bold Key Login Page/Login Action/Action Test Case: Test Cases/Bold Key Login Page/Login Action/Action Test Case

2018-05-24 10:45:24 - [TEST_STEP][PASSED] - setText: Text 'console' is set on object 'Object Repository/BoldKey Login/Page_BOLD.Key - Login - BUTTON/input_txtusername'

2018-05-24 10:45:24 - [MESSAGE][PASSED] - Text 'console' is set on object 'Object Repository/BoldKey Login/Page_BOLD.Key - Login - BUTTON/input_txtusername'

2018-05-24 10:45:24 - [TEST_STEP][PASSED] - setText: Text 'PPP' is set on object 'Object Repository/BoldKey Login/Page_BOLD.Key - Login - BUTTON/input_txtpassword'

2018-05-24 10:45:24 - [MESSAGE][PASSED] - Text 'PPP' is set on object 'Object Repository/BoldKey Login/Page_BOLD.Key - Login - BUTTON/input_txtpassword'

2018-05-24 10:45:24 - [TEST_STEP][PASSED] - click: Object: 'Object Repository/BoldKey Login/Page_BOLD.Key - Login - BUTTON/button_LOGIN' is clicked on

2018-05-24 10:45:24 - [MESSAGE][PASSED] - Object: 'Object Repository/BoldKey Login/Page_BOLD.Key - Login - BUTTON/button_LOGIN' is clicked on

2018-05-24 10:45:24 - [MESSAGE][PASSED] - Call Test Case 'Test Cases/Bold Key Login Page/Login Action/Action Test Case' successfully

2018-05-24 10:45:24 - [TEST_STEP][PASSED] - Statement - switch (data_expectedresult.toString()): null

2018-05-24 10:45:24 - [TEST_STEP][PASSED] - Statement - Default: null

2018-05-24 10:45:24 - [TEST_STEP][PASSED] - Statement - If (username.trim() == "" || password == ""): null

2018-05-24 10:45:24 - [TEST_STEP][PASSED] - Statement - Else: null

2018-05-24 10:45:24 - [TEST_STEP][PASSED] - Statement - invalidUser = false: null

2018-05-24 10:45:24 - [TEST_STEP][PASSED] - Statement - accountLocked = false: null

2018-05-24 10:45:24 - [TEST_STEP][PASSED] - Statement - serverMsg = "": null

2018-05-24 10:45:24 - [TEST_STEP][PASSED] - Statement - If (com.kms.katalon.core.webui.keyword.WebUiBuiltInKeywords.waitForElementVisible(com.kms.katalon.core.testobject.ObjectRepository.findTestObject(Object Repository/BoldKey Login/Page_BOLD.Key - Login - BUTTON/Page_BOLD.Key - Login (2)/Page_BOLD.Key - Login/invalid_message), 10)): null

2018-05-24 10:45:25 - [MESSAGE][PASSED] - Object 'Object Repository/BoldKey Login/Page_BOLD.Key - Login - BUTTON/Page_BOLD.Key - Login (2)/Page_BOLD.Key - Login/invalid_message' is visible

2018-05-24 10:45:25 - [TEST_STEP][PASSED] - Statement - serverMsg = com.kms.katalon.core.webui.keyword.WebUiBuiltInKeywords.getText(com.kms.katalon.core.testobject.ObjectRepository.findTestObject(Object Repository/BoldKey Login/Page_BOLD.Key - Login - BUTTON/Page_BOLD.Key - Login (2)/Page_BOLD.Key - Login/invalid_message)): Text of object 'Object Repository/BoldKey Login/Page_BOLD.Key - Login - BUTTON/Page_BOLD.Key - Login (2)/Page_BOLD.Key - Login/invalid_message' is: 'Unable to login. Account has been locked out.'

2018-05-24 10:45:25 - [MESSAGE][PASSED] - Text of object 'Object Repository/BoldKey Login/Page_BOLD.Key - Login - BUTTON/Page_BOLD.Key - Login (2)/Page_BOLD.Key - Login/invalid_message' is: 'Unable to login. Account has been locked out.'

2018-05-24 10:45:25 - [TEST_STEP][PASSED] - Statement - If (serverMsg.compareTo(server_message) == 0): null

2018-05-24 10:45:25 - [TEST_STEP][PASSED] - Statement - Else If (serverMsg.compareTo(server_message1) == 0): null

2018-05-24 10:45:25 - [TEST_STEP][PASSED] - Statement - Else If (serverMsg.compareTo(server_message2) == 0): null

2018-05-24 10:45:25 - [TEST_STEP][PASSED] - Statement - accountLocked = true: null

2018-05-24 10:45:25 - [TEST_STEP][PASSED] - Statement - If (invalidUser == true || accountLocked == true): null

2018-05-24 10:45:25 - [TEST_STEP][PASSED] - delay: Delayed 2 second(s)

2018-05-24 10:45:27 - [MESSAGE][PASSED] - Delayed 2 second(s)

2018-05-24 10:45:27 - [TEST_STEP][PASSED] - refresh: Refresh successfully

2018-05-24 10:45:28 - [MESSAGE][PASSED] - Refresh successfully

2018-05-24 10:45:28 - [TEST_STEP][PASSED] - Statement - Break: null]]></system-out>
         <system-err><![CDATA[]]></system-err>
      </testcase>
      <testcase name="Test Cases/Bold Key Login Page/Close Browser" classname="Test Cases/Bold Key Login Page/Close Browser" status="PASSED">
         <system-out><![CDATA[2018-05-24 10:45:28 - [TEST_CASE][PASSED] - Test Cases/Bold Key Login Page/Close Browser: Test Cases/Bold Key Login Page/Close Browser

2018-05-24 10:45:28 - [TEST_STEP][PASSED] - closeBrowser: Browser is closed

2018-05-24 10:45:29 - [MESSAGE][PASSED] - Browser is closed]]></system-out>
         <system-err><![CDATA[]]></system-err>
      </testcase>
      <system-out><![CDATA[2018-05-24 10:43:57 - [TEST_SUITE][PASSED] - BoldKey Login Page: Test Cases/Bold Key Login Page/Close Browser]]></system-out>
      <system-err><![CDATA[]]></system-err>
   </testsuite>
</testsuites>
