<?xml version="1.0" encoding="UTF-8"?>
<testsuites name="BoldKey Login" time="28" tests="0" failures="1" errors="0">
   <testsuite name="BoldKey Login" tests="0" failures="1" errors="0" time="28" timestamp="2018-05-22 11:08:04" hostname="olivia.chong - Olivia0517.mk.macrokiosk.com" id="Test Suites/BoldKey Login">
      <properties>
         <property name="deviceName" value=""/>
         <property name="devicePlatform" value=""/>
         <property name="logFolder" value="C:\\Users\\olivia.chong\\Katalon Studio\\BoldKey\\Reports\\BoldKey Login\\20180522_110802"/>
         <property name="logFiles" value="C:\\Users\\olivia.chong\\Katalon Studio\\BoldKey\\Reports\\BoldKey Login\\20180522_110802\\execution0.log"/>
         <property name="attachments" value="C:\\Users\\olivia.chong\\Katalon Studio\\BoldKey\\Reports\\BoldKey Login\\20180522_110802\\1526958511724.png"/>
         <property name="hostName" value="olivia.chong - Olivia0517.mk.macrokiosk.com"/>
         <property name="os" value="Windows 10 64bit"/>
         <property name="katalonVersion" value="5.4.1.1"/>
         <property name="browser" value="Chrome 66.0.3359.139"/>
         <property name="hostAddress" value="192.168.2.72"/>
         <property name="sessionId" value="76a0e3a51e72ec462305d6bfa657a015"/>
         <property name="seleniumVersion" value="3.7.1"/>
         <property name="proxyInformation" value="ProxyInformation{proxyOption=NO_PROXY, proxyServerType=HTTP, password=, proxyServerAddress=, proxyServerPort=0}"/>
         <property name="platform" value="Windows 10"/>
      </properties>
      <testcase name="Test Cases/Bold Key Login Page/Positive Case/Login Success - Button" classname="Test Cases/Bold Key Login Page/Positive Case/Login Success - Button" status="FAILED">
         <failure type="FAILED" message="Unable to set text (Root cause: java.lang.IllegalArgumentException: Object is null)"/>
         <system-out><![CDATA[2018-05-22 11:08:04 - [TEST_CASE][FAILED] - Test Cases/Bold Key Login Page/Positive Case/Login Success - Button: Test Cases/Bold Key Login Page/Positive Case/Login Success - Button FAILED because (of) Unable to set text (Root cause: java.lang.IllegalArgumentException: Object is null)

2018-05-22 11:08:05 - [TEST_STEP][PASSED] - openBrowser: Browser is opened with url: ''

2018-05-22 11:08:09 - [MESSAGE][PASSED] - Browser is opened with url: ''

2018-05-22 11:08:09 - [TEST_STEP][PASSED] - navigateToUrl: Navigate to 'http://sit.boldkey.cc/Web/login' successfully

2018-05-22 11:08:31 - [MESSAGE][PASSED] - Navigate to 'http://sit.boldkey.cc/Web/login' successfully

2018-05-22 11:08:31 - [TEST_STEP][FAILED] - setText: Unable to set text (Root cause: java.lang.IllegalArgumentException: Object is null)

2018-05-22 11:08:31 - [MESSAGE][WARNING] - Test object with id 'Object Repository/BoldKey Login/Page_/Page_/Page_BOLD.Key - Login/input_txtusername' does not exist

2018-05-22 11:08:31 - [MESSAGE][WARNING] - Test object with id 'Object Repository/' does not exist

2018-05-22 11:08:32 - [MESSAGE][FAILED] - Unable to set text (Root cause: java.lang.IllegalArgumentException: Object is null)
[[ATTACHMENT|C:\\Users\\olivia.chong\\Katalon Studio\\BoldKey\\Reports\\BoldKey Login\\20180522_110802\\1526958511724.png]]]]></system-out>
         <system-err><![CDATA[2018-05-22 11:08:04 - [TEST_CASE][FAILED] - Test Cases/Bold Key Login Page/Positive Case/Login Success - Button: Test Cases/Bold Key Login Page/Positive Case/Login Success - Button FAILED because (of) Unable to set text (Root cause: java.lang.IllegalArgumentException: Object is null)]]></system-err>
      </testcase>
      <system-out><![CDATA[2018-05-22 11:08:04 - [TEST_SUITE][FAILED] - BoldKey Login: Test Cases/Bold Key Login Page/Positive Case/Login Success - Button FAILED because (of) Unable to set text (Root cause: java.lang.IllegalArgumentException: Object is null)]]></system-out>
      <system-err><![CDATA[2018-05-22 11:08:04 - [TEST_SUITE][FAILED] - BoldKey Login: Test Cases/Bold Key Login Page/Positive Case/Login Success - Button FAILED because (of) Unable to set text (Root cause: java.lang.IllegalArgumentException: Object is null)]]></system-err>
   </testsuite>
</testsuites>
