<?xml version="1.0" encoding="UTF-8"?>
<testsuites name="BoldKey Login Page" time="113" tests="0" failures="7" errors="0">
   <testsuite name="BoldKey Login Page" tests="0" failures="7" errors="0" time="113" timestamp="2018-05-18 17:59:52" hostname="olivia.chong - Olivia0517.mk.macrokiosk.com" id="Test Suites/BoldKey Login Page">
      <properties>
         <property name="deviceName" value=""/>
         <property name="devicePlatform" value=""/>
         <property name="logFolder" value="C:\\Users\\olivia.chong\\Katalon Studio\\BoldKey\\Reports\\BoldKey Login Page\\20180518_175950"/>
         <property name="logFiles" value="C:\\Users\\olivia.chong\\Katalon Studio\\BoldKey\\Reports\\BoldKey Login Page\\20180518_175950\\execution0.log"/>
         <property name="attachments" value="C:\\Users\\olivia.chong\\Katalon Studio\\BoldKey\\Reports\\BoldKey Login Page\\20180518_175950\\1526637610019.png, C:\\Users\\olivia.chong\\Katalon Studio\\BoldKey\\Reports\\BoldKey Login Page\\20180518_175950\\1526637626281.png, C:\\Users\\olivia.chong\\Katalon Studio\\BoldKey\\Reports\\BoldKey Login Page\\20180518_175950\\1526637642242.png, C:\\Users\\olivia.chong\\Katalon Studio\\BoldKey\\Reports\\BoldKey Login Page\\20180518_175950\\1526637657683.png, C:\\Users\\olivia.chong\\Katalon Studio\\BoldKey\\Reports\\BoldKey Login Page\\20180518_175950\\1526637671967.png, C:\\Users\\olivia.chong\\Katalon Studio\\BoldKey\\Reports\\BoldKey Login Page\\20180518_175950\\1526637688988.png, C:\\Users\\olivia.chong\\Katalon Studio\\BoldKey\\Reports\\BoldKey Login Page\\20180518_175950\\1526637705515.png"/>
         <property name="hostName" value="olivia.chong - Olivia0517.mk.macrokiosk.com"/>
         <property name="os" value="Windows 10 64bit"/>
         <property name="katalonVersion" value="5.4.1.1"/>
         <property name="browser" value="Chrome 66.0.3359.139"/>
         <property name="hostAddress" value="192.168.1.58"/>
         <property name="sessionId" value="e296172ca291901d4ede6ed644108e02"/>
         <property name="seleniumVersion" value="3.7.1"/>
         <property name="proxyInformation" value="ProxyInformation{proxyOption=NO_PROXY, proxyServerType=HTTP, password=, proxyServerAddress=, proxyServerPort=0}"/>
         <property name="platform" value="Windows 10"/>
      </properties>
      <testcase name="Test Cases/Bold Key Login Page/Login Page - Enter" classname="Test Cases/Bold Key Login Page/Login Page - Enter" status="FAILED">
         <failure type="FAILED" message="Unable to set text (Root cause: java.lang.IllegalArgumentException: Object is null)"/>
         <system-out><![CDATA[2018-05-18 17:59:53 - [TEST_CASE][FAILED] - Test Cases/Bold Key Login Page/Login Page - Enter: Test Cases/Bold Key Login Page/Login Page - Enter FAILED because (of) Unable to set text (Root cause: java.lang.IllegalArgumentException: Object is null)

2018-05-18 17:59:53 - [TEST_STEP][PASSED] - openBrowser: Browser is opened with url: ''

2018-05-18 17:59:57 - [MESSAGE][PASSED] - Browser is opened with url: ''

2018-05-18 17:59:57 - [TEST_STEP][PASSED] - navigateToUrl: Navigate to 'http://sit.boldkey.cc/Web/login' successfully

2018-05-18 18:00:09 - [MESSAGE][PASSED] - Navigate to 'http://sit.boldkey.cc/Web/login' successfully

2018-05-18 18:00:09 - [TEST_STEP][FAILED] - setText: Unable to set text (Root cause: java.lang.IllegalArgumentException: Object is null)

2018-05-18 18:00:09 - [MESSAGE][WARNING] - Test object with id 'Object Repository/BoldKey Login/Page_BOLD.Key - Login/input_txtusername' does not exist

2018-05-18 18:00:10 - [MESSAGE][WARNING] - Test object with id 'Object Repository/' does not exist

2018-05-18 18:00:10 - [MESSAGE][FAILED] - Unable to set text (Root cause: java.lang.IllegalArgumentException: Object is null)
[[ATTACHMENT|C:\\Users\\olivia.chong\\Katalon Studio\\BoldKey\\Reports\\BoldKey Login Page\\20180518_175950\\1526637610019.png]]]]></system-out>
         <system-err><![CDATA[2018-05-18 17:59:53 - [TEST_CASE][FAILED] - Test Cases/Bold Key Login Page/Login Page - Enter: Test Cases/Bold Key Login Page/Login Page - Enter FAILED because (of) Unable to set text (Root cause: java.lang.IllegalArgumentException: Object is null)]]></system-err>
      </testcase>
      <testcase name="Test Cases/Bold Key Login Page/Login Page - Enter" classname="Test Cases/Bold Key Login Page/Login Page - Enter" status="FAILED">
         <failure type="FAILED" message="Unable to set text (Root cause: java.lang.IllegalArgumentException: Object is null)"/>
         <system-out><![CDATA[2018-05-18 18:00:10 - [TEST_CASE][FAILED] - Test Cases/Bold Key Login Page/Login Page - Enter: Test Cases/Bold Key Login Page/Login Page - Enter FAILED because (of) Unable to set text (Root cause: java.lang.IllegalArgumentException: Object is null)

2018-05-18 18:00:10 - [TEST_STEP][PASSED] - openBrowser: Browser is opened with url: ''

2018-05-18 18:00:10 - [MESSAGE][WARNING] - A browser is already opened. Closing browser and opening a new one

2018-05-18 18:00:13 - [MESSAGE][PASSED] - Browser is opened with url: ''

2018-05-18 18:00:13 - [TEST_STEP][PASSED] - navigateToUrl: Navigate to 'http://sit.boldkey.cc/Web/login' successfully

2018-05-18 18:00:26 - [MESSAGE][PASSED] - Navigate to 'http://sit.boldkey.cc/Web/login' successfully

2018-05-18 18:00:26 - [TEST_STEP][FAILED] - setText: Unable to set text (Root cause: java.lang.IllegalArgumentException: Object is null)

2018-05-18 18:00:26 - [MESSAGE][WARNING] - Test object with id 'Object Repository/BoldKey Login/Page_BOLD.Key - Login/input_txtusername' does not exist

2018-05-18 18:00:26 - [MESSAGE][WARNING] - Test object with id 'Object Repository/' does not exist

2018-05-18 18:00:26 - [MESSAGE][FAILED] - Unable to set text (Root cause: java.lang.IllegalArgumentException: Object is null)
[[ATTACHMENT|C:\\Users\\olivia.chong\\Katalon Studio\\BoldKey\\Reports\\BoldKey Login Page\\20180518_175950\\1526637626281.png]]]]></system-out>
         <system-err><![CDATA[2018-05-18 18:00:10 - [TEST_CASE][FAILED] - Test Cases/Bold Key Login Page/Login Page - Enter: Test Cases/Bold Key Login Page/Login Page - Enter FAILED because (of) Unable to set text (Root cause: java.lang.IllegalArgumentException: Object is null)]]></system-err>
      </testcase>
      <testcase name="Test Cases/Bold Key Login Page/Login Page - Enter" classname="Test Cases/Bold Key Login Page/Login Page - Enter" status="FAILED">
         <failure type="FAILED" message="Unable to set text (Root cause: java.lang.IllegalArgumentException: Object is null)"/>
         <system-out><![CDATA[2018-05-18 18:00:26 - [TEST_CASE][FAILED] - Test Cases/Bold Key Login Page/Login Page - Enter: Test Cases/Bold Key Login Page/Login Page - Enter FAILED because (of) Unable to set text (Root cause: java.lang.IllegalArgumentException: Object is null)

2018-05-18 18:00:26 - [TEST_STEP][PASSED] - openBrowser: Browser is opened with url: ''

2018-05-18 18:00:26 - [MESSAGE][WARNING] - A browser is already opened. Closing browser and opening a new one

2018-05-18 18:00:29 - [MESSAGE][PASSED] - Browser is opened with url: ''

2018-05-18 18:00:29 - [TEST_STEP][PASSED] - navigateToUrl: Navigate to 'http://sit.boldkey.cc/Web/login' successfully

2018-05-18 18:00:42 - [MESSAGE][PASSED] - Navigate to 'http://sit.boldkey.cc/Web/login' successfully

2018-05-18 18:00:42 - [TEST_STEP][FAILED] - setText: Unable to set text (Root cause: java.lang.IllegalArgumentException: Object is null)

2018-05-18 18:00:42 - [MESSAGE][WARNING] - Test object with id 'Object Repository/BoldKey Login/Page_BOLD.Key - Login/input_txtusername' does not exist

2018-05-18 18:00:42 - [MESSAGE][WARNING] - Test object with id 'Object Repository/' does not exist

2018-05-18 18:00:42 - [MESSAGE][FAILED] - Unable to set text (Root cause: java.lang.IllegalArgumentException: Object is null)
[[ATTACHMENT|C:\\Users\\olivia.chong\\Katalon Studio\\BoldKey\\Reports\\BoldKey Login Page\\20180518_175950\\1526637642242.png]]]]></system-out>
         <system-err><![CDATA[2018-05-18 18:00:26 - [TEST_CASE][FAILED] - Test Cases/Bold Key Login Page/Login Page - Enter: Test Cases/Bold Key Login Page/Login Page - Enter FAILED because (of) Unable to set text (Root cause: java.lang.IllegalArgumentException: Object is null)]]></system-err>
      </testcase>
      <testcase name="Test Cases/Bold Key Login Page/Login Page - Enter" classname="Test Cases/Bold Key Login Page/Login Page - Enter" status="FAILED">
         <failure type="FAILED" message="Unable to set text (Root cause: java.lang.IllegalArgumentException: Object is null)"/>
         <system-out><![CDATA[2018-05-18 18:00:42 - [TEST_CASE][FAILED] - Test Cases/Bold Key Login Page/Login Page - Enter: Test Cases/Bold Key Login Page/Login Page - Enter FAILED because (of) Unable to set text (Root cause: java.lang.IllegalArgumentException: Object is null)

2018-05-18 18:00:42 - [TEST_STEP][PASSED] - openBrowser: Browser is opened with url: ''

2018-05-18 18:00:42 - [MESSAGE][WARNING] - A browser is already opened. Closing browser and opening a new one

2018-05-18 18:00:45 - [MESSAGE][PASSED] - Browser is opened with url: ''

2018-05-18 18:00:45 - [TEST_STEP][PASSED] - navigateToUrl: Navigate to 'http://sit.boldkey.cc/Web/login' successfully

2018-05-18 18:00:57 - [MESSAGE][PASSED] - Navigate to 'http://sit.boldkey.cc/Web/login' successfully

2018-05-18 18:00:57 - [TEST_STEP][FAILED] - setText: Unable to set text (Root cause: java.lang.IllegalArgumentException: Object is null)

2018-05-18 18:00:57 - [MESSAGE][WARNING] - Test object with id 'Object Repository/BoldKey Login/Page_BOLD.Key - Login/input_txtusername' does not exist

2018-05-18 18:00:57 - [MESSAGE][WARNING] - Test object with id 'Object Repository/' does not exist

2018-05-18 18:00:57 - [MESSAGE][FAILED] - Unable to set text (Root cause: java.lang.IllegalArgumentException: Object is null)
[[ATTACHMENT|C:\\Users\\olivia.chong\\Katalon Studio\\BoldKey\\Reports\\BoldKey Login Page\\20180518_175950\\1526637657683.png]]]]></system-out>
         <system-err><![CDATA[2018-05-18 18:00:42 - [TEST_CASE][FAILED] - Test Cases/Bold Key Login Page/Login Page - Enter: Test Cases/Bold Key Login Page/Login Page - Enter FAILED because (of) Unable to set text (Root cause: java.lang.IllegalArgumentException: Object is null)]]></system-err>
      </testcase>
      <testcase name="Test Cases/Bold Key Login Page/Login Page - Enter" classname="Test Cases/Bold Key Login Page/Login Page - Enter" status="FAILED">
         <failure type="FAILED" message="Unable to set text (Root cause: java.lang.IllegalArgumentException: Object is null)"/>
         <system-out><![CDATA[2018-05-18 18:00:57 - [TEST_CASE][FAILED] - Test Cases/Bold Key Login Page/Login Page - Enter: Test Cases/Bold Key Login Page/Login Page - Enter FAILED because (of) Unable to set text (Root cause: java.lang.IllegalArgumentException: Object is null)

2018-05-18 18:00:57 - [TEST_STEP][PASSED] - openBrowser: Browser is opened with url: ''

2018-05-18 18:00:57 - [MESSAGE][WARNING] - A browser is already opened. Closing browser and opening a new one

2018-05-18 18:01:00 - [MESSAGE][PASSED] - Browser is opened with url: ''

2018-05-18 18:01:00 - [TEST_STEP][PASSED] - navigateToUrl: Navigate to 'http://sit.boldkey.cc/Web/login' successfully

2018-05-18 18:01:11 - [MESSAGE][PASSED] - Navigate to 'http://sit.boldkey.cc/Web/login' successfully

2018-05-18 18:01:11 - [TEST_STEP][FAILED] - setText: Unable to set text (Root cause: java.lang.IllegalArgumentException: Object is null)

2018-05-18 18:01:11 - [MESSAGE][WARNING] - Test object with id 'Object Repository/BoldKey Login/Page_BOLD.Key - Login/input_txtusername' does not exist

2018-05-18 18:01:11 - [MESSAGE][WARNING] - Test object with id 'Object Repository/' does not exist

2018-05-18 18:01:12 - [MESSAGE][FAILED] - Unable to set text (Root cause: java.lang.IllegalArgumentException: Object is null)
[[ATTACHMENT|C:\\Users\\olivia.chong\\Katalon Studio\\BoldKey\\Reports\\BoldKey Login Page\\20180518_175950\\1526637671967.png]]]]></system-out>
         <system-err><![CDATA[2018-05-18 18:00:57 - [TEST_CASE][FAILED] - Test Cases/Bold Key Login Page/Login Page - Enter: Test Cases/Bold Key Login Page/Login Page - Enter FAILED because (of) Unable to set text (Root cause: java.lang.IllegalArgumentException: Object is null)]]></system-err>
      </testcase>
      <testcase name="Test Cases/Bold Key Login Page/Login Page - Enter" classname="Test Cases/Bold Key Login Page/Login Page - Enter" status="FAILED">
         <failure type="FAILED" message="Unable to set text (Root cause: java.lang.IllegalArgumentException: Object is null)"/>
         <system-out><![CDATA[2018-05-18 18:01:12 - [TEST_CASE][FAILED] - Test Cases/Bold Key Login Page/Login Page - Enter: Test Cases/Bold Key Login Page/Login Page - Enter FAILED because (of) Unable to set text (Root cause: java.lang.IllegalArgumentException: Object is null)

2018-05-18 18:01:12 - [TEST_STEP][PASSED] - openBrowser: Browser is opened with url: ''

2018-05-18 18:01:12 - [MESSAGE][WARNING] - A browser is already opened. Closing browser and opening a new one

2018-05-18 18:01:15 - [MESSAGE][PASSED] - Browser is opened with url: ''

2018-05-18 18:01:15 - [TEST_STEP][PASSED] - navigateToUrl: Navigate to 'http://sit.boldkey.cc/Web/login' successfully

2018-05-18 18:01:28 - [MESSAGE][PASSED] - Navigate to 'http://sit.boldkey.cc/Web/login' successfully

2018-05-18 18:01:28 - [TEST_STEP][FAILED] - setText: Unable to set text (Root cause: java.lang.IllegalArgumentException: Object is null)

2018-05-18 18:01:28 - [MESSAGE][WARNING] - Test object with id 'Object Repository/BoldKey Login/Page_BOLD.Key - Login/input_txtusername' does not exist

2018-05-18 18:01:28 - [MESSAGE][WARNING] - Test object with id 'Object Repository/' does not exist

2018-05-18 18:01:29 - [MESSAGE][FAILED] - Unable to set text (Root cause: java.lang.IllegalArgumentException: Object is null)
[[ATTACHMENT|C:\\Users\\olivia.chong\\Katalon Studio\\BoldKey\\Reports\\BoldKey Login Page\\20180518_175950\\1526637688988.png]]]]></system-out>
         <system-err><![CDATA[2018-05-18 18:01:12 - [TEST_CASE][FAILED] - Test Cases/Bold Key Login Page/Login Page - Enter: Test Cases/Bold Key Login Page/Login Page - Enter FAILED because (of) Unable to set text (Root cause: java.lang.IllegalArgumentException: Object is null)]]></system-err>
      </testcase>
      <testcase name="Test Cases/Bold Key Login Page/Login Page - Button" classname="Test Cases/Bold Key Login Page/Login Page - Button" status="FAILED">
         <failure type="FAILED" message="Unable to verify text 'Invalid username and password.' is present  (Root cause: Text 'Invalid username and password.' is not present on page )"/>
         <system-out><![CDATA[2018-05-18 18:01:29 - [TEST_CASE][FAILED] - Test Cases/Bold Key Login Page/Login Page - Button: Test Cases/Bold Key Login Page/Login Page - Button FAILED because (of) Unable to verify text 'Invalid username and password.' is present  (Root cause: Text 'Invalid username and password.' is not present on page )

2018-05-18 18:01:29 - [TEST_STEP][PASSED] - openBrowser: Browser is opened with url: ''

2018-05-18 18:01:29 - [MESSAGE][WARNING] - A browser is already opened. Closing browser and opening a new one

2018-05-18 18:01:32 - [MESSAGE][PASSED] - Browser is opened with url: ''

2018-05-18 18:01:32 - [TEST_STEP][PASSED] - navigateToUrl: Navigate to 'http://sit.boldkey.cc/Web/login' successfully

2018-05-18 18:01:44 - [MESSAGE][PASSED] - Navigate to 'http://sit.boldkey.cc/Web/login' successfully

2018-05-18 18:01:44 - [TEST_STEP][PASSED] - setText: Text 'cwpreflat' is set on object 'Object Repository/BoldKey Login/Page_BOLD.Key - Login - BUTTON/Page_BOLD.Key - Login/input_txtusername'

2018-05-18 18:01:45 - [MESSAGE][PASSED] - Text 'cwpreflat' is set on object 'Object Repository/BoldKey Login/Page_BOLD.Key - Login - BUTTON/Page_BOLD.Key - Login/input_txtusername'

2018-05-18 18:01:45 - [TEST_STEP][PASSED] - setText: Text 'P@55word' is set on object 'Object Repository/BoldKey Login/Page_BOLD.Key - Login - BUTTON/Page_BOLD.Key - Login/input_txtpassword'

2018-05-18 18:01:45 - [MESSAGE][PASSED] - Text 'P@55word' is set on object 'Object Repository/BoldKey Login/Page_BOLD.Key - Login - BUTTON/Page_BOLD.Key - Login/input_txtpassword'

2018-05-18 18:01:45 - [TEST_STEP][PASSED] - click: Object: 'Object Repository/BoldKey Login/Page_BOLD.Key - Login - BUTTON/Page_BOLD.Key - Login/button_LOGIN' is clicked on

2018-05-18 18:01:45 - [MESSAGE][PASSED] - Object: 'Object Repository/BoldKey Login/Page_BOLD.Key - Login - BUTTON/Page_BOLD.Key - Login/button_LOGIN' is clicked on

2018-05-18 18:01:45 - [TEST_STEP][FAILED] - verifyTextPresent: Unable to verify text 'Invalid username and password.' is present  (Root cause: Text 'Invalid username and password.' is not present on page )

2018-05-18 18:01:45 - [MESSAGE][FAILED] - Text 'Invalid username and password.' is not present on page 

2018-05-18 18:01:45 - [MESSAGE][FAILED] - Unable to verify text 'Invalid username and password.' is present  (Root cause: Text 'Invalid username and password.' is not present on page )
[[ATTACHMENT|C:\\Users\\olivia.chong\\Katalon Studio\\BoldKey\\Reports\\BoldKey Login Page\\20180518_175950\\1526637705515.png]]]]></system-out>
         <system-err><![CDATA[2018-05-18 18:01:29 - [TEST_CASE][FAILED] - Test Cases/Bold Key Login Page/Login Page - Button: Test Cases/Bold Key Login Page/Login Page - Button FAILED because (of) Unable to verify text 'Invalid username and password.' is present  (Root cause: Text 'Invalid username and password.' is not present on page )]]></system-err>
      </testcase>
      <system-out><![CDATA[2018-05-18 17:59:52 - [TEST_SUITE][FAILED] - BoldKey Login Page: Test Cases/Bold Key Login Page/Login Page - Enter FAILED because (of) Unable to set text (Root cause: java.lang.IllegalArgumentException: Object is null)]]></system-out>
      <system-err><![CDATA[2018-05-18 17:59:52 - [TEST_SUITE][FAILED] - BoldKey Login Page: Test Cases/Bold Key Login Page/Login Page - Enter FAILED because (of) Unable to set text (Root cause: java.lang.IllegalArgumentException: Object is null)]]></system-err>
   </testsuite>
</testsuites>
